[0.469s] Invoking command in '/home/rsa/tmp/COMP3431/src/image_processing': PYTHONPATH=/home/rsa/tmp/COMP3431/install/image_processing/lib/python3.8/site-packages:${PYTHONPATH} /usr/bin/python3 setup.py egg_info --egg-base ../../build/image_processing build --build-base /home/rsa/tmp/COMP3431/build/image_processing/build install --prefix /home/rsa/tmp/COMP3431/install/image_processing --record /home/rsa/tmp/COMP3431/build/image_processing/install.log --single-version-externally-managed
[0.628s] running egg_info
[0.628s] creating ../../build/image_processing/image_processing.egg-info
[0.628s] writing ../../build/image_processing/image_processing.egg-info/PKG-INFO
[0.628s] writing dependency_links to ../../build/image_processing/image_processing.egg-info/dependency_links.txt
[0.628s] writing entry points to ../../build/image_processing/image_processing.egg-info/entry_points.txt
[0.629s] writing requirements to ../../build/image_processing/image_processing.egg-info/requires.txt
[0.629s] writing top-level names to ../../build/image_processing/image_processing.egg-info/top_level.txt
[0.629s] writing manifest file '../../build/image_processing/image_processing.egg-info/SOURCES.txt'
[0.656s] reading manifest file '../../build/image_processing/image_processing.egg-info/SOURCES.txt'
[0.657s] writing manifest file '../../build/image_processing/image_processing.egg-info/SOURCES.txt'
[0.657s] running build
[0.657s] running build_py
[0.657s] creating /home/rsa/tmp/COMP3431/build/image_processing/build
[0.657s] creating /home/rsa/tmp/COMP3431/build/image_processing/build/lib
[0.658s] creating /home/rsa/tmp/COMP3431/build/image_processing/build/lib/image_processing
[0.658s] copying image_processing/__init__.py -> /home/rsa/tmp/COMP3431/build/image_processing/build/lib/image_processing
[0.658s] copying image_processing/detect_color_publisher.py -> /home/rsa/tmp/COMP3431/build/image_processing/build/lib/image_processing
[0.658s] running install
[0.659s] running install_lib
[0.659s] creating /home/rsa/tmp/COMP3431/install/image_processing/lib/python3.8/site-packages/image_processing
[0.659s] copying /home/rsa/tmp/COMP3431/build/image_processing/build/lib/image_processing/__init__.py -> /home/rsa/tmp/COMP3431/install/image_processing/lib/python3.8/site-packages/image_processing
[0.660s] copying /home/rsa/tmp/COMP3431/build/image_processing/build/lib/image_processing/detect_color_publisher.py -> /home/rsa/tmp/COMP3431/install/image_processing/lib/python3.8/site-packages/image_processing
[0.660s] byte-compiling /home/rsa/tmp/COMP3431/install/image_processing/lib/python3.8/site-packages/image_processing/__init__.py to __init__.cpython-38.pyc
[0.661s] byte-compiling /home/rsa/tmp/COMP3431/install/image_processing/lib/python3.8/site-packages/image_processing/detect_color_publisher.py to detect_color_publisher.cpython-38.pyc
[0.662s] running install_data
[0.662s] creating /home/rsa/tmp/COMP3431/install/image_processing/share/ament_index
[0.662s] creating /home/rsa/tmp/COMP3431/install/image_processing/share/ament_index/resource_index
[0.662s] creating /home/rsa/tmp/COMP3431/install/image_processing/share/ament_index/resource_index/packages
[0.662s] copying resource/image_processing -> /home/rsa/tmp/COMP3431/install/image_processing/share/ament_index/resource_index/packages
[0.662s] copying package.xml -> /home/rsa/tmp/COMP3431/install/image_processing/share/image_processing
[0.663s] running install_egg_info
[0.663s] Copying ../../build/image_processing/image_processing.egg-info to /home/rsa/tmp/COMP3431/install/image_processing/lib/python3.8/site-packages/image_processing-0.0.0-py3.8.egg-info
[0.664s] running install_scripts
[0.677s] writing list of installed files to '/home/rsa/tmp/COMP3431/build/image_processing/install.log'
[0.696s] Invoked command in '/home/rsa/tmp/COMP3431/src/image_processing' returned '0': PYTHONPATH=/home/rsa/tmp/COMP3431/install/image_processing/lib/python3.8/site-packages:${PYTHONPATH} /usr/bin/python3 setup.py egg_info --egg-base ../../build/image_processing build --build-base /home/rsa/tmp/COMP3431/build/image_processing/build install --prefix /home/rsa/tmp/COMP3431/install/image_processing --record /home/rsa/tmp/COMP3431/build/image_processing/install.log --single-version-externally-managed
