[0.000000] (-) TimerEvent: {}
[0.000072] (image_processing) JobQueued: {'identifier': 'image_processing', 'dependencies': OrderedDict()}
[0.000088] (wall_follower) JobQueued: {'identifier': 'wall_follower', 'dependencies': OrderedDict()}
[0.000098] (image_processing) JobStarted: {'identifier': 'image_processing'}
[0.012051] (wall_follower) JobStarted: {'identifier': 'wall_follower'}
[0.099703] (-) TimerEvent: {}
[0.148965] (wall_follower) JobProgress: {'identifier': 'wall_follower', 'progress': 'cmake'}
[0.151589] (wall_follower) JobProgress: {'identifier': 'wall_follower', 'progress': 'build'}
[0.151628] (wall_follower) Command: {'cmd': ['/usr/bin/cmake', '--build', '/home/comp3431/colcon4_ws/COMP3431/build/wall_follower', '--', '-j4', '-l4'], 'cwd': '/home/comp3431/colcon4_ws/COMP3431/build/wall_follower', 'env': OrderedDict([('GJS_DEBUG_TOPICS', 'JS ERROR;JS LOG'), ('USER', 'comp3431'), ('SSH_AGENT_PID', '1610'), ('XDG_SESSION_TYPE', 'x11'), ('SHLVL', '1'), ('LD_LIBRARY_PATH', '/home/comp3431/turtlebot3_ws/install/turtlebot3_msgs/lib:/home/comp3431/turtlebot3_ws/install/dynamixel_sdk_custom_interfaces/lib:/home/comp3431/turtlebot3_ws/install/dynamixel_sdk/lib:/usr/lib/aarch64-linux-gnu/gazebo-11/plugins:/opt/ros/foxy/opt/yaml_cpp_vendor/lib:/opt/ros/foxy/opt/rviz_ogre_vendor/lib:/opt/ros/foxy/lib/aarch64-linux-gnu:/opt/ros/foxy/lib'), ('HOME', '/home/comp3431'), ('OLDPWD', '/home/comp3431/colcon4_ws'), ('DESKTOP_SESSION', 'ubuntu'), ('ROS_PYTHON_VERSION', '3'), ('GNOME_SHELL_SESSION_MODE', 'ubuntu'), ('GTK_MODULES', 'gail:atk-bridge'), ('MANAGERPID', '1431'), ('DBUS_SESSION_BUS_ADDRESS', 'unix:path=/run/user/1000/bus'), ('COLORTERM', 'truecolor'), ('_colcon_cd_root', '/home/comp3431/ros2_install'), ('IM_CONFIG_PHASE', '1'), ('COLCON_PREFIX_PATH', '/home/comp3431/turtlebot3_ws/install'), ('ROS_DISTRO', 'foxy'), ('LOGNAME', 'comp3431'), ('JOURNAL_STREAM', '9:37521'), ('_', '/usr/bin/colcon'), ('ROS_VERSION', '2'), ('XDG_SESSION_CLASS', 'user'), ('USERNAME', 'comp3431'), ('TERM', 'xterm-256color'), ('GNOME_DESKTOP_SESSION_ID', 'this-is-deprecated'), ('ROS_LOCALHOST_ONLY', '0'), ('WINDOWPATH', '2'), ('PATH', '/opt/ros/foxy/bin:/usr/local/sbin:/usr/local/bin:/usr/sbin:/usr/bin:/sbin:/bin:/usr/games:/usr/local/games:/snap/bin'), ('SESSION_MANAGER', 'local/comp3431:@/tmp/.ICE-unix/1664,unix/comp3431:/tmp/.ICE-unix/1664'), ('INVOCATION_ID', 'a2f524076ef74142b2be9cc95c361983'), ('XDG_MENU_PREFIX', 'gnome-'), ('GNOME_TERMINAL_SCREEN', '/org/gnome/Terminal/screen/a3bf8ecd_c00a_4b90_9566_9e6e64fe1354'), ('XDG_RUNTIME_DIR', '/run/user/1000'), ('DISPLAY', ':0'), ('LANG', 'C.UTF-8'), ('XDG_CURRENT_DESKTOP', 'ubuntu:GNOME'), ('XMODIFIERS', '@im=ibus'), ('XDG_SESSION_DESKTOP', 'ubuntu'), ('XAUTHORITY', '/run/user/1000/gdm/Xauthority'), ('GNOME_TERMINAL_SERVICE', ':1.78'), ('SSH_AUTH_SOCK', '/run/user/1000/keyring/ssh'), ('ROS_DOMAIN_ID', '10'), ('AMENT_PREFIX_PATH', '/home/comp3431/turtlebot3_ws/install/turtlebot3:/home/comp3431/turtlebot3_ws/install/turtlebot3_teleop:/home/comp3431/turtlebot3_ws/install/turtlebot3_simulations:/home/comp3431/turtlebot3_ws/install/turtlebot3_bringup:/home/comp3431/turtlebot3_ws/install/turtlebot3_node:/home/comp3431/turtlebot3_ws/install/turtlebot3_navigation2:/home/comp3431/turtlebot3_ws/install/turtlebot3_fake_node:/home/comp3431/turtlebot3_ws/install/turtlebot3_example:/home/comp3431/turtlebot3_ws/install/turtlebot3_msgs:/home/comp3431/turtlebot3_ws/install/turtlebot3_gazebo:/home/comp3431/turtlebot3_ws/install/turtlebot3_description:/home/comp3431/turtlebot3_ws/install/turtlebot3_cartographer:/home/comp3431/turtlebot3_ws/install/dynamixel_sdk_examples:/home/comp3431/turtlebot3_ws/install/dynamixel_sdk_custom_interfaces:/home/comp3431/turtlebot3_ws/install/dynamixel_sdk:/opt/ros/foxy'), ('SHELL', '/bin/bash'), ('QT_ACCESSIBILITY', '1'), ('GDMSESSION', 'ubuntu'), ('GPG_AGENT_INFO', '/run/user/1000/gnupg/S.gpg-agent:0:1'), ('GJS_DEBUG_OUTPUT', 'stderr'), ('QT_IM_MODULE', 'ibus'), ('PWD', '/home/comp3431/colcon4_ws/COMP3431/build/wall_follower'), ('TURTLEBOT3_MODEL', 'waffle_pi'), ('XDG_CONFIG_DIRS', '/etc/xdg/xdg-ubuntu:/etc/xdg'), ('XDG_DATA_DIRS', '/usr/share/ubuntu:/usr/local/share/:/usr/share/:/var/lib/snapd/desktop'), ('PYTHONPATH', '/home/comp3431/turtlebot3_ws/build/turtlebot3_teleop:/home/comp3431/turtlebot3_ws/install/turtlebot3_teleop/lib/python3.8/site-packages:/home/comp3431/turtlebot3_ws/build/turtlebot3_example:/home/comp3431/turtlebot3_ws/install/turtlebot3_example/lib/python3.8/site-packages:/home/comp3431/turtlebot3_ws/install/turtlebot3_msgs/lib/python3.8/site-packages:/home/comp3431/turtlebot3_ws/install/dynamixel_sdk_custom_interfaces/lib/python3.8/site-packages:/opt/ros/foxy/lib/python3.8/site-packages'), ('COLCON', '1'), ('VTE_VERSION', '6003'), ('CMAKE_PREFIX_PATH', '/home/comp3431/turtlebot3_ws/install/turtlebot3:/home/comp3431/turtlebot3_ws/install/turtlebot3_simulations:/home/comp3431/turtlebot3_ws/install/turtlebot3_bringup:/home/comp3431/turtlebot3_ws/install/turtlebot3_node:/home/comp3431/turtlebot3_ws/install/turtlebot3_navigation2:/home/comp3431/turtlebot3_ws/install/turtlebot3_fake_node:/home/comp3431/turtlebot3_ws/install/turtlebot3_msgs:/home/comp3431/turtlebot3_ws/install/turtlebot3_gazebo:/home/comp3431/turtlebot3_ws/install/turtlebot3_description:/home/comp3431/turtlebot3_ws/install/turtlebot3_cartographer:/home/comp3431/turtlebot3_ws/install/dynamixel_sdk_examples:/home/comp3431/turtlebot3_ws/install/dynamixel_sdk_custom_interfaces:/home/comp3431/turtlebot3_ws/install/dynamixel_sdk:/home/comp3431/turtlebot3_ws/install/turtlebot3_teleop:/home/comp3431/turtlebot3_ws/install/turtlebot3_example:/opt/ros/foxy')]), 'shell': False}
[0.199911] (-) TimerEvent: {}
[0.243790] (wall_follower) StdoutLine: {'line': b'[100%] Built target wall_follower\n'}
[0.250684] (wall_follower) CommandEnded: {'returncode': 0}
[0.263810] (wall_follower) JobProgress: {'identifier': 'wall_follower', 'progress': 'install'}
[0.270346] (wall_follower) Command: {'cmd': ['/usr/bin/cmake', '--install', '/home/comp3431/colcon4_ws/COMP3431/build/wall_follower'], 'cwd': '/home/comp3431/colcon4_ws/COMP3431/build/wall_follower', 'env': OrderedDict([('GJS_DEBUG_TOPICS', 'JS ERROR;JS LOG'), ('USER', 'comp3431'), ('SSH_AGENT_PID', '1610'), ('XDG_SESSION_TYPE', 'x11'), ('SHLVL', '1'), ('LD_LIBRARY_PATH', '/home/comp3431/turtlebot3_ws/install/turtlebot3_msgs/lib:/home/comp3431/turtlebot3_ws/install/dynamixel_sdk_custom_interfaces/lib:/home/comp3431/turtlebot3_ws/install/dynamixel_sdk/lib:/usr/lib/aarch64-linux-gnu/gazebo-11/plugins:/opt/ros/foxy/opt/yaml_cpp_vendor/lib:/opt/ros/foxy/opt/rviz_ogre_vendor/lib:/opt/ros/foxy/lib/aarch64-linux-gnu:/opt/ros/foxy/lib'), ('HOME', '/home/comp3431'), ('OLDPWD', '/home/comp3431/colcon4_ws'), ('DESKTOP_SESSION', 'ubuntu'), ('ROS_PYTHON_VERSION', '3'), ('GNOME_SHELL_SESSION_MODE', 'ubuntu'), ('GTK_MODULES', 'gail:atk-bridge'), ('MANAGERPID', '1431'), ('DBUS_SESSION_BUS_ADDRESS', 'unix:path=/run/user/1000/bus'), ('COLORTERM', 'truecolor'), ('_colcon_cd_root', '/home/comp3431/ros2_install'), ('IM_CONFIG_PHASE', '1'), ('COLCON_PREFIX_PATH', '/home/comp3431/turtlebot3_ws/install'), ('ROS_DISTRO', 'foxy'), ('LOGNAME', 'comp3431'), ('JOURNAL_STREAM', '9:37521'), ('_', '/usr/bin/colcon'), ('ROS_VERSION', '2'), ('XDG_SESSION_CLASS', 'user'), ('USERNAME', 'comp3431'), ('TERM', 'xterm-256color'), ('GNOME_DESKTOP_SESSION_ID', 'this-is-deprecated'), ('ROS_LOCALHOST_ONLY', '0'), ('WINDOWPATH', '2'), ('PATH', '/opt/ros/foxy/bin:/usr/local/sbin:/usr/local/bin:/usr/sbin:/usr/bin:/sbin:/bin:/usr/games:/usr/local/games:/snap/bin'), ('SESSION_MANAGER', 'local/comp3431:@/tmp/.ICE-unix/1664,unix/comp3431:/tmp/.ICE-unix/1664'), ('INVOCATION_ID', 'a2f524076ef74142b2be9cc95c361983'), ('XDG_MENU_PREFIX', 'gnome-'), ('GNOME_TERMINAL_SCREEN', '/org/gnome/Terminal/screen/a3bf8ecd_c00a_4b90_9566_9e6e64fe1354'), ('XDG_RUNTIME_DIR', '/run/user/1000'), ('DISPLAY', ':0'), ('LANG', 'C.UTF-8'), ('XDG_CURRENT_DESKTOP', 'ubuntu:GNOME'), ('XMODIFIERS', '@im=ibus'), ('XDG_SESSION_DESKTOP', 'ubuntu'), ('XAUTHORITY', '/run/user/1000/gdm/Xauthority'), ('GNOME_TERMINAL_SERVICE', ':1.78'), ('SSH_AUTH_SOCK', '/run/user/1000/keyring/ssh'), ('ROS_DOMAIN_ID', '10'), ('AMENT_PREFIX_PATH', '/home/comp3431/turtlebot3_ws/install/turtlebot3:/home/comp3431/turtlebot3_ws/install/turtlebot3_teleop:/home/comp3431/turtlebot3_ws/install/turtlebot3_simulations:/home/comp3431/turtlebot3_ws/install/turtlebot3_bringup:/home/comp3431/turtlebot3_ws/install/turtlebot3_node:/home/comp3431/turtlebot3_ws/install/turtlebot3_navigation2:/home/comp3431/turtlebot3_ws/install/turtlebot3_fake_node:/home/comp3431/turtlebot3_ws/install/turtlebot3_example:/home/comp3431/turtlebot3_ws/install/turtlebot3_msgs:/home/comp3431/turtlebot3_ws/install/turtlebot3_gazebo:/home/comp3431/turtlebot3_ws/install/turtlebot3_description:/home/comp3431/turtlebot3_ws/install/turtlebot3_cartographer:/home/comp3431/turtlebot3_ws/install/dynamixel_sdk_examples:/home/comp3431/turtlebot3_ws/install/dynamixel_sdk_custom_interfaces:/home/comp3431/turtlebot3_ws/install/dynamixel_sdk:/opt/ros/foxy'), ('SHELL', '/bin/bash'), ('QT_ACCESSIBILITY', '1'), ('GDMSESSION', 'ubuntu'), ('GPG_AGENT_INFO', '/run/user/1000/gnupg/S.gpg-agent:0:1'), ('GJS_DEBUG_OUTPUT', 'stderr'), ('QT_IM_MODULE', 'ibus'), ('PWD', '/home/comp3431/colcon4_ws/COMP3431/build/wall_follower'), ('TURTLEBOT3_MODEL', 'waffle_pi'), ('XDG_CONFIG_DIRS', '/etc/xdg/xdg-ubuntu:/etc/xdg'), ('XDG_DATA_DIRS', '/usr/share/ubuntu:/usr/local/share/:/usr/share/:/var/lib/snapd/desktop'), ('PYTHONPATH', '/home/comp3431/turtlebot3_ws/build/turtlebot3_teleop:/home/comp3431/turtlebot3_ws/install/turtlebot3_teleop/lib/python3.8/site-packages:/home/comp3431/turtlebot3_ws/build/turtlebot3_example:/home/comp3431/turtlebot3_ws/install/turtlebot3_example/lib/python3.8/site-packages:/home/comp3431/turtlebot3_ws/install/turtlebot3_msgs/lib/python3.8/site-packages:/home/comp3431/turtlebot3_ws/install/dynamixel_sdk_custom_interfaces/lib/python3.8/site-packages:/opt/ros/foxy/lib/python3.8/site-packages'), ('COLCON', '1'), ('VTE_VERSION', '6003'), ('CMAKE_PREFIX_PATH', '/home/comp3431/turtlebot3_ws/install/turtlebot3:/home/comp3431/turtlebot3_ws/install/turtlebot3_simulations:/home/comp3431/turtlebot3_ws/install/turtlebot3_bringup:/home/comp3431/turtlebot3_ws/install/turtlebot3_node:/home/comp3431/turtlebot3_ws/install/turtlebot3_navigation2:/home/comp3431/turtlebot3_ws/install/turtlebot3_fake_node:/home/comp3431/turtlebot3_ws/install/turtlebot3_msgs:/home/comp3431/turtlebot3_ws/install/turtlebot3_gazebo:/home/comp3431/turtlebot3_ws/install/turtlebot3_description:/home/comp3431/turtlebot3_ws/install/turtlebot3_cartographer:/home/comp3431/turtlebot3_ws/install/dynamixel_sdk_examples:/home/comp3431/turtlebot3_ws/install/dynamixel_sdk_custom_interfaces:/home/comp3431/turtlebot3_ws/install/dynamixel_sdk:/home/comp3431/turtlebot3_ws/install/turtlebot3_teleop:/home/comp3431/turtlebot3_ws/install/turtlebot3_example:/opt/ros/foxy')]), 'shell': False}
[0.275586] (wall_follower) StdoutLine: {'line': b'-- Install configuration: ""\n'}
[0.277395] (wall_follower) StdoutLine: {'line': b'-- Up-to-date: /home/comp3431/colcon4_ws/COMP3431/install/wall_follower/lib/wall_follower/wall_follower\n'}
[0.277849] (wall_follower) StdoutLine: {'line': b'-- Up-to-date: /home/comp3431/colcon4_ws/COMP3431/install/wall_follower/share/wall_follower//launch\n'}
[0.278038] (wall_follower) StdoutLine: {'line': b'-- Up-to-date: /home/comp3431/colcon4_ws/COMP3431/install/wall_follower/include/\n'}
[0.278137] (wall_follower) StdoutLine: {'line': b'-- Up-to-date: /home/comp3431/colcon4_ws/COMP3431/install/wall_follower/include//wall_follower\n'}
[0.278301] (wall_follower) StdoutLine: {'line': b'-- Up-to-date: /home/comp3431/colcon4_ws/COMP3431/install/wall_follower/include//wall_follower/.wall_follower.hpp.swp\n'}
[0.278348] (wall_follower) StdoutLine: {'line': b'-- Up-to-date: /home/comp3431/colcon4_ws/COMP3431/install/wall_follower/include//wall_follower/wall_follower.hpp\n'}
[0.278376] (wall_follower) StdoutLine: {'line': b'-- Up-to-date: /home/comp3431/colcon4_ws/COMP3431/install/wall_follower/include//wall_follower/build\n'}
[0.278796] (wall_follower) StdoutLine: {'line': b'-- Up-to-date: /home/comp3431/colcon4_ws/COMP3431/install/wall_follower/include//wall_follower/build/.built_by\n'}
[0.278842] (wall_follower) StdoutLine: {'line': b'-- Up-to-date: /home/comp3431/colcon4_ws/COMP3431/install/wall_follower/include//wall_follower/build/COLCON_IGNORE\n'}
[0.278870] (wall_follower) StdoutLine: {'line': b'-- Up-to-date: /home/comp3431/colcon4_ws/COMP3431/install/wall_follower/include//wall_follower/install\n'}
[0.279197] (wall_follower) StdoutLine: {'line': b'-- Up-to-date: /home/comp3431/colcon4_ws/COMP3431/install/wall_follower/include//wall_follower/install/local_setup.bash\n'}
[0.279256] (wall_follower) StdoutLine: {'line': b'-- Up-to-date: /home/comp3431/colcon4_ws/COMP3431/install/wall_follower/include//wall_follower/install/.colcon_install_layout\n'}
[0.279298] (wall_follower) StdoutLine: {'line': b'-- Up-to-date: /home/comp3431/colcon4_ws/COMP3431/install/wall_follower/include//wall_follower/install/_local_setup_util_sh.py\n'}
[0.279330] (wall_follower) StdoutLine: {'line': b'-- Up-to-date: /home/comp3431/colcon4_ws/COMP3431/install/wall_follower/include//wall_follower/install/setup.bash\n'}
[0.279449] (wall_follower) StdoutLine: {'line': b'-- Up-to-date: /home/comp3431/colcon4_ws/COMP3431/install/wall_follower/include//wall_follower/install/local_setup.ps1\n'}
[0.279491] (wall_follower) StdoutLine: {'line': b'-- Up-to-date: /home/comp3431/colcon4_ws/COMP3431/install/wall_follower/include//wall_follower/install/local_setup.sh\n'}
[0.279519] (wall_follower) StdoutLine: {'line': b'-- Up-to-date: /home/comp3431/colcon4_ws/COMP3431/install/wall_follower/include//wall_follower/install/setup.zsh\n'}
[0.279546] (wall_follower) StdoutLine: {'line': b'-- Up-to-date: /home/comp3431/colcon4_ws/COMP3431/install/wall_follower/include//wall_follower/install/COLCON_IGNORE\n'}
[0.279573] (wall_follower) StdoutLine: {'line': b'-- Up-to-date: /home/comp3431/colcon4_ws/COMP3431/install/wall_follower/include//wall_follower/install/_local_setup_util_ps1.py\n'}
[0.279601] (wall_follower) StdoutLine: {'line': b'-- Up-to-date: /home/comp3431/colcon4_ws/COMP3431/install/wall_follower/include//wall_follower/install/setup.sh\n'}
[0.279628] (wall_follower) StdoutLine: {'line': b'-- Up-to-date: /home/comp3431/colcon4_ws/COMP3431/install/wall_follower/include//wall_follower/install/local_setup.zsh\n'}
[0.279655] (wall_follower) StdoutLine: {'line': b'-- Up-to-date: /home/comp3431/colcon4_ws/COMP3431/install/wall_follower/include//wall_follower/install/setup.ps1\n'}
[0.279682] (wall_follower) StdoutLine: {'line': b'-- Up-to-date: /home/comp3431/colcon4_ws/COMP3431/install/wall_follower/include//wall_follower/log\n'}
[0.279879] (wall_follower) StdoutLine: {'line': b'-- Up-to-date: /home/comp3431/colcon4_ws/COMP3431/install/wall_follower/include//wall_follower/log/build_2023-11-02_07-58-09\n'}
[0.280203] (wall_follower) StdoutLine: {'line': b'-- Up-to-date: /home/comp3431/colcon4_ws/COMP3431/install/wall_follower/include//wall_follower/log/build_2023-11-02_07-58-09/logger_all.log\n'}
[0.280251] (wall_follower) StdoutLine: {'line': b'-- Up-to-date: /home/comp3431/colcon4_ws/COMP3431/install/wall_follower/include//wall_follower/log/build_2023-11-02_07-58-09/events.log\n'}
[0.280281] (wall_follower) StdoutLine: {'line': b'-- Up-to-date: /home/comp3431/colcon4_ws/COMP3431/install/wall_follower/include//wall_follower/log/build_2023-11-02_07-57-44\n'}
[0.280661] (wall_follower) StdoutLine: {'line': b'-- Up-to-date: /home/comp3431/colcon4_ws/COMP3431/install/wall_follower/include//wall_follower/log/build_2023-11-02_07-57-44/logger_all.log\n'}
[0.280715] (wall_follower) StdoutLine: {'line': b'-- Up-to-date: /home/comp3431/colcon4_ws/COMP3431/install/wall_follower/include//wall_follower/log/build_2023-11-02_07-57-44/events.log\n'}
[0.280744] (wall_follower) StdoutLine: {'line': b'-- Up-to-date: /home/comp3431/colcon4_ws/COMP3431/install/wall_follower/include//wall_follower/log/COLCON_IGNORE\n'}
[0.280796] (wall_follower) StdoutLine: {'line': b'-- Up-to-date: /home/comp3431/colcon4_ws/COMP3431/install/wall_follower/include//wall_follower/log/latest\n'}
[0.280906] (wall_follower) StdoutLine: {'line': b'-- Up-to-date: /home/comp3431/colcon4_ws/COMP3431/install/wall_follower/include//wall_follower/log/latest_build\n'}
[0.281341] (wall_follower) StdoutLine: {'line': b'-- Up-to-date: /home/comp3431/colcon4_ws/COMP3431/install/wall_follower/share/ament_index/resource_index/package_run_dependencies/wall_follower\n'}
[0.281473] (wall_follower) StdoutLine: {'line': b'-- Up-to-date: /home/comp3431/colcon4_ws/COMP3431/install/wall_follower/share/ament_index/resource_index/parent_prefix_path/wall_follower\n'}
[0.281614] (wall_follower) StdoutLine: {'line': b'-- Up-to-date: /home/comp3431/colcon4_ws/COMP3431/install/wall_follower/share/wall_follower/environment/ament_prefix_path.sh\n'}
[0.281720] (wall_follower) StdoutLine: {'line': b'-- Up-to-date: /home/comp3431/colcon4_ws/COMP3431/install/wall_follower/share/wall_follower/environment/ament_prefix_path.dsv\n'}
[0.281834] (wall_follower) StdoutLine: {'line': b'-- Up-to-date: /home/comp3431/colcon4_ws/COMP3431/install/wall_follower/share/wall_follower/environment/path.sh\n'}
[0.281876] (wall_follower) StdoutLine: {'line': b'-- Up-to-date: /home/comp3431/colcon4_ws/COMP3431/install/wall_follower/share/wall_follower/environment/path.dsv\n'}
[0.281924] (wall_follower) StdoutLine: {'line': b'-- Up-to-date: /home/comp3431/colcon4_ws/COMP3431/install/wall_follower/share/wall_follower/local_setup.bash\n'}
[0.281974] (wall_follower) StdoutLine: {'line': b'-- Up-to-date: /home/comp3431/colcon4_ws/COMP3431/install/wall_follower/share/wall_follower/local_setup.sh\n'}
[0.282044] (wall_follower) StdoutLine: {'line': b'-- Up-to-date: /home/comp3431/colcon4_ws/COMP3431/install/wall_follower/share/wall_follower/local_setup.zsh\n'}
[0.282073] (wall_follower) StdoutLine: {'line': b'-- Up-to-date: /home/comp3431/colcon4_ws/COMP3431/install/wall_follower/share/wall_follower/local_setup.dsv\n'}
[0.282100] (wall_follower) StdoutLine: {'line': b'-- Installing: /home/comp3431/colcon4_ws/COMP3431/install/wall_follower/share/wall_follower/package.dsv\n'}
[0.282425] (wall_follower) StdoutLine: {'line': b'-- Up-to-date: /home/comp3431/colcon4_ws/COMP3431/install/wall_follower/share/ament_index/resource_index/packages/wall_follower\n'}
[0.282542] (wall_follower) StdoutLine: {'line': b'-- Up-to-date: /home/comp3431/colcon4_ws/COMP3431/install/wall_follower/share/wall_follower/cmake/ament_cmake_export_include_directories-extras.cmake\n'}
[0.282659] (wall_follower) StdoutLine: {'line': b'-- Up-to-date: /home/comp3431/colcon4_ws/COMP3431/install/wall_follower/share/wall_follower/cmake/ament_cmake_export_dependencies-extras.cmake\n'}
[0.282691] (wall_follower) StdoutLine: {'line': b'-- Up-to-date: /home/comp3431/colcon4_ws/COMP3431/install/wall_follower/share/wall_follower/cmake/wall_followerConfig.cmake\n'}
[0.282719] (wall_follower) StdoutLine: {'line': b'-- Up-to-date: /home/comp3431/colcon4_ws/COMP3431/install/wall_follower/share/wall_follower/cmake/wall_followerConfig-version.cmake\n'}
[0.282747] (wall_follower) StdoutLine: {'line': b'-- Up-to-date: /home/comp3431/colcon4_ws/COMP3431/install/wall_follower/share/wall_follower/package.xml\n'}
[0.284152] (wall_follower) CommandEnded: {'returncode': 0}
[0.300700] (-) TimerEvent: {}
[0.318526] (wall_follower) JobEnded: {'identifier': 'wall_follower', 'rc': 0}
[0.401399] (-) TimerEvent: {}
[0.444283] (image_processing) Command: {'cmd': ['/usr/bin/python3', 'setup.py', 'egg_info', '--egg-base', '../../build/image_processing', 'build', '--build-base', '/home/comp3431/colcon4_ws/COMP3431/build/image_processing/build', 'install', '--record', '/home/comp3431/colcon4_ws/COMP3431/build/image_processing/install.log', '--install-scripts', '$base/lib/image_processing', '--single-version-externally-managed'], 'cwd': '/home/comp3431/colcon4_ws/COMP3431/src/image_processing', 'env': {'GJS_DEBUG_TOPICS': 'JS ERROR;JS LOG', 'USER': 'comp3431', 'SSH_AGENT_PID': '1610', 'XDG_SESSION_TYPE': 'x11', 'SHLVL': '1', 'LD_LIBRARY_PATH': '/home/comp3431/turtlebot3_ws/install/turtlebot3_msgs/lib:/home/comp3431/turtlebot3_ws/install/dynamixel_sdk_custom_interfaces/lib:/home/comp3431/turtlebot3_ws/install/dynamixel_sdk/lib:/usr/lib/aarch64-linux-gnu/gazebo-11/plugins:/opt/ros/foxy/opt/yaml_cpp_vendor/lib:/opt/ros/foxy/opt/rviz_ogre_vendor/lib:/opt/ros/foxy/lib/aarch64-linux-gnu:/opt/ros/foxy/lib', 'HOME': '/home/comp3431', 'OLDPWD': '/home/comp3431/colcon4_ws', 'DESKTOP_SESSION': 'ubuntu', 'ROS_PYTHON_VERSION': '3', 'GNOME_SHELL_SESSION_MODE': 'ubuntu', 'GTK_MODULES': 'gail:atk-bridge', 'MANAGERPID': '1431', 'DBUS_SESSION_BUS_ADDRESS': 'unix:path=/run/user/1000/bus', 'COLORTERM': 'truecolor', '_colcon_cd_root': '/home/comp3431/ros2_install', 'IM_CONFIG_PHASE': '1', 'COLCON_PREFIX_PATH': '/home/comp3431/turtlebot3_ws/install', 'ROS_DISTRO': 'foxy', 'LOGNAME': 'comp3431', 'JOURNAL_STREAM': '9:37521', '_': '/usr/bin/colcon', 'ROS_VERSION': '2', 'XDG_SESSION_CLASS': 'user', 'USERNAME': 'comp3431', 'TERM': 'xterm-256color', 'GNOME_DESKTOP_SESSION_ID': 'this-is-deprecated', 'ROS_LOCALHOST_ONLY': '0', 'WINDOWPATH': '2', 'PATH': '/opt/ros/foxy/bin:/usr/local/sbin:/usr/local/bin:/usr/sbin:/usr/bin:/sbin:/bin:/usr/games:/usr/local/games:/snap/bin', 'SESSION_MANAGER': 'local/comp3431:@/tmp/.ICE-unix/1664,unix/comp3431:/tmp/.ICE-unix/1664', 'INVOCATION_ID': 'a2f524076ef74142b2be9cc95c361983', 'XDG_MENU_PREFIX': 'gnome-', 'GNOME_TERMINAL_SCREEN': '/org/gnome/Terminal/screen/a3bf8ecd_c00a_4b90_9566_9e6e64fe1354', 'XDG_RUNTIME_DIR': '/run/user/1000', 'DISPLAY': ':0', 'LANG': 'C.UTF-8', 'XDG_CURRENT_DESKTOP': 'ubuntu:GNOME', 'XMODIFIERS': '@im=ibus', 'XDG_SESSION_DESKTOP': 'ubuntu', 'XAUTHORITY': '/run/user/1000/gdm/Xauthority', 'GNOME_TERMINAL_SERVICE': ':1.78', 'SSH_AUTH_SOCK': '/run/user/1000/keyring/ssh', 'ROS_DOMAIN_ID': '10', 'AMENT_PREFIX_PATH': '/home/comp3431/turtlebot3_ws/install/turtlebot3:/home/comp3431/turtlebot3_ws/install/turtlebot3_teleop:/home/comp3431/turtlebot3_ws/install/turtlebot3_simulations:/home/comp3431/turtlebot3_ws/install/turtlebot3_bringup:/home/comp3431/turtlebot3_ws/install/turtlebot3_node:/home/comp3431/turtlebot3_ws/install/turtlebot3_navigation2:/home/comp3431/turtlebot3_ws/install/turtlebot3_fake_node:/home/comp3431/turtlebot3_ws/install/turtlebot3_example:/home/comp3431/turtlebot3_ws/install/turtlebot3_msgs:/home/comp3431/turtlebot3_ws/install/turtlebot3_gazebo:/home/comp3431/turtlebot3_ws/install/turtlebot3_description:/home/comp3431/turtlebot3_ws/install/turtlebot3_cartographer:/home/comp3431/turtlebot3_ws/install/dynamixel_sdk_examples:/home/comp3431/turtlebot3_ws/install/dynamixel_sdk_custom_interfaces:/home/comp3431/turtlebot3_ws/install/dynamixel_sdk:/opt/ros/foxy', 'SHELL': '/bin/bash', 'QT_ACCESSIBILITY': '1', 'GDMSESSION': 'ubuntu', 'GPG_AGENT_INFO': '/run/user/1000/gnupg/S.gpg-agent:0:1', 'GJS_DEBUG_OUTPUT': 'stderr', 'QT_IM_MODULE': 'ibus', 'PWD': '/home/comp3431/colcon4_ws/COMP3431/build/image_processing', 'TURTLEBOT3_MODEL': 'waffle_pi', 'XDG_CONFIG_DIRS': '/etc/xdg/xdg-ubuntu:/etc/xdg', 'XDG_DATA_DIRS': '/usr/share/ubuntu:/usr/local/share/:/usr/share/:/var/lib/snapd/desktop', 'PYTHONPATH': '/home/comp3431/colcon4_ws/COMP3431/build/image_processing/prefix_override:/home/comp3431/colcon4_ws/COMP3431/install/image_processing/lib/python3.8/site-packages:/home/comp3431/turtlebot3_ws/build/turtlebot3_teleop:/home/comp3431/turtlebot3_ws/install/turtlebot3_teleop/lib/python3.8/site-packages:/home/comp3431/turtlebot3_ws/build/turtlebot3_example:/home/comp3431/turtlebot3_ws/install/turtlebot3_example/lib/python3.8/site-packages:/home/comp3431/turtlebot3_ws/install/turtlebot3_msgs/lib/python3.8/site-packages:/home/comp3431/turtlebot3_ws/install/dynamixel_sdk_custom_interfaces/lib/python3.8/site-packages:/opt/ros/foxy/lib/python3.8/site-packages', 'COLCON': '1', 'VTE_VERSION': '6003', 'CMAKE_PREFIX_PATH': '/home/comp3431/turtlebot3_ws/install/turtlebot3:/home/comp3431/turtlebot3_ws/install/turtlebot3_simulations:/home/comp3431/turtlebot3_ws/install/turtlebot3_bringup:/home/comp3431/turtlebot3_ws/install/turtlebot3_node:/home/comp3431/turtlebot3_ws/install/turtlebot3_navigation2:/home/comp3431/turtlebot3_ws/install/turtlebot3_fake_node:/home/comp3431/turtlebot3_ws/install/turtlebot3_msgs:/home/comp3431/turtlebot3_ws/install/turtlebot3_gazebo:/home/comp3431/turtlebot3_ws/install/turtlebot3_description:/home/comp3431/turtlebot3_ws/install/turtlebot3_cartographer:/home/comp3431/turtlebot3_ws/install/dynamixel_sdk_examples:/home/comp3431/turtlebot3_ws/install/dynamixel_sdk_custom_interfaces:/home/comp3431/turtlebot3_ws/install/dynamixel_sdk'}, 'shell': False}
[0.505298] (-) TimerEvent: {}
[0.565132] (image_processing) StdoutLine: {'line': b'running egg_info\n'}
[0.565504] (image_processing) StdoutLine: {'line': b'writing ../../build/image_processing/image_processing.egg-info/PKG-INFO\n'}
[0.565793] (image_processing) StdoutLine: {'line': b'writing dependency_links to ../../build/image_processing/image_processing.egg-info/dependency_links.txt\n'}
[0.566042] (image_processing) StdoutLine: {'line': b'writing entry points to ../../build/image_processing/image_processing.egg-info/entry_points.txt\n'}
[0.566091] (image_processing) StdoutLine: {'line': b'writing requirements to ../../build/image_processing/image_processing.egg-info/requires.txt\n'}
[0.566155] (image_processing) StdoutLine: {'line': b'writing top-level names to ../../build/image_processing/image_processing.egg-info/top_level.txt\n'}
[0.585844] (image_processing) StdoutLine: {'line': b"reading manifest file '../../build/image_processing/image_processing.egg-info/SOURCES.txt'\n"}
[0.586542] (image_processing) StdoutLine: {'line': b"writing manifest file '../../build/image_processing/image_processing.egg-info/SOURCES.txt'\n"}
[0.586733] (image_processing) StdoutLine: {'line': b'running build\n'}
[0.586779] (image_processing) StdoutLine: {'line': b'running build_py\n'}
[0.587238] (image_processing) StdoutLine: {'line': b'running install\n'}
[0.587641] (image_processing) StdoutLine: {'line': b'running install_lib\n'}
[0.588939] (image_processing) StdoutLine: {'line': b'running install_data\n'}
[0.589404] (image_processing) StdoutLine: {'line': b'running install_egg_info\n'}
[0.591182] (image_processing) StdoutLine: {'line': b"removing '/home/comp3431/colcon4_ws/COMP3431/install/image_processing/lib/python3.8/site-packages/image_processing-0.0.0-py3.8.egg-info' (and everything under it)\n"}
[0.591267] (image_processing) StdoutLine: {'line': b'Copying ../../build/image_processing/image_processing.egg-info to /home/comp3431/colcon4_ws/COMP3431/install/image_processing/lib/python3.8/site-packages/image_processing-0.0.0-py3.8.egg-info\n'}
[0.592076] (image_processing) StdoutLine: {'line': b'running install_scripts\n'}
[0.606397] (-) TimerEvent: {}
[0.614104] (image_processing) StdoutLine: {'line': b'Installing image_processing script to /home/comp3431/colcon4_ws/COMP3431/install/image_processing/lib/image_processing\n'}
[0.614421] (image_processing) StdoutLine: {'line': b"writing list of installed files to '/home/comp3431/colcon4_ws/COMP3431/build/image_processing/install.log'\n"}
[0.626419] (image_processing) CommandEnded: {'returncode': 0}
[0.630621] (image_processing) JobEnded: {'identifier': 'image_processing', 'rc': 0}
[0.631245] (-) EventReactorShutdown: {}
