[100%] Built target wall_follower
-- Install configuration: ""
-- Up-to-date: /home/comp3431/colcon4_ws/COMP3431/install/wall_follower/lib/wall_follower/wall_follower
-- Up-to-date: /home/comp3431/colcon4_ws/COMP3431/install/wall_follower/share/wall_follower//launch
-- Up-to-date: /home/comp3431/colcon4_ws/COMP3431/install/wall_follower/include/
-- Up-to-date: /home/comp3431/colcon4_ws/COMP3431/install/wall_follower/include//wall_follower
-- Up-to-date: /home/comp3431/colcon4_ws/COMP3431/install/wall_follower/include//wall_follower/.wall_follower.hpp.swp
-- Up-to-date: /home/comp3431/colcon4_ws/COMP3431/install/wall_follower/include//wall_follower/wall_follower.hpp
-- Up-to-date: /home/comp3431/colcon4_ws/COMP3431/install/wall_follower/include//wall_follower/build
-- Up-to-date: /home/comp3431/colcon4_ws/COMP3431/install/wall_follower/include//wall_follower/build/.built_by
-- Up-to-date: /home/comp3431/colcon4_ws/COMP3431/install/wall_follower/include//wall_follower/build/COLCON_IGNORE
-- Up-to-date: /home/comp3431/colcon4_ws/COMP3431/install/wall_follower/include//wall_follower/install
-- Up-to-date: /home/comp3431/colcon4_ws/COMP3431/install/wall_follower/include//wall_follower/install/local_setup.bash
-- Up-to-date: /home/comp3431/colcon4_ws/COMP3431/install/wall_follower/include//wall_follower/install/.colcon_install_layout
-- Up-to-date: /home/comp3431/colcon4_ws/COMP3431/install/wall_follower/include//wall_follower/install/_local_setup_util_sh.py
-- Up-to-date: /home/comp3431/colcon4_ws/COMP3431/install/wall_follower/include//wall_follower/install/setup.bash
-- Up-to-date: /home/comp3431/colcon4_ws/COMP3431/install/wall_follower/include//wall_follower/install/local_setup.ps1
-- Up-to-date: /home/comp3431/colcon4_ws/COMP3431/install/wall_follower/include//wall_follower/install/local_setup.sh
-- Up-to-date: /home/comp3431/colcon4_ws/COMP3431/install/wall_follower/include//wall_follower/install/setup.zsh
-- Up-to-date: /home/comp3431/colcon4_ws/COMP3431/install/wall_follower/include//wall_follower/install/COLCON_IGNORE
-- Up-to-date: /home/comp3431/colcon4_ws/COMP3431/install/wall_follower/include//wall_follower/install/_local_setup_util_ps1.py
-- Up-to-date: /home/comp3431/colcon4_ws/COMP3431/install/wall_follower/include//wall_follower/install/setup.sh
-- Up-to-date: /home/comp3431/colcon4_ws/COMP3431/install/wall_follower/include//wall_follower/install/local_setup.zsh
-- Up-to-date: /home/comp3431/colcon4_ws/COMP3431/install/wall_follower/include//wall_follower/install/setup.ps1
-- Up-to-date: /home/comp3431/colcon4_ws/COMP3431/install/wall_follower/include//wall_follower/log
-- Up-to-date: /home/comp3431/colcon4_ws/COMP3431/install/wall_follower/include//wall_follower/log/build_2023-11-02_07-58-09
-- Up-to-date: /home/comp3431/colcon4_ws/COMP3431/install/wall_follower/include//wall_follower/log/build_2023-11-02_07-58-09/logger_all.log
-- Up-to-date: /home/comp3431/colcon4_ws/COMP3431/install/wall_follower/include//wall_follower/log/build_2023-11-02_07-58-09/events.log
-- Up-to-date: /home/comp3431/colcon4_ws/COMP3431/install/wall_follower/include//wall_follower/log/build_2023-11-02_07-57-44
-- Up-to-date: /home/comp3431/colcon4_ws/COMP3431/install/wall_follower/include//wall_follower/log/build_2023-11-02_07-57-44/logger_all.log
-- Up-to-date: /home/comp3431/colcon4_ws/COMP3431/install/wall_follower/include//wall_follower/log/build_2023-11-02_07-57-44/events.log
-- Up-to-date: /home/comp3431/colcon4_ws/COMP3431/install/wall_follower/include//wall_follower/log/COLCON_IGNORE
-- Up-to-date: /home/comp3431/colcon4_ws/COMP3431/install/wall_follower/include//wall_follower/log/latest
-- Up-to-date: /home/comp3431/colcon4_ws/COMP3431/install/wall_follower/include//wall_follower/log/latest_build
-- Up-to-date: /home/comp3431/colcon4_ws/COMP3431/install/wall_follower/share/ament_index/resource_index/package_run_dependencies/wall_follower
-- Up-to-date: /home/comp3431/colcon4_ws/COMP3431/install/wall_follower/share/ament_index/resource_index/parent_prefix_path/wall_follower
-- Up-to-date: /home/comp3431/colcon4_ws/COMP3431/install/wall_follower/share/wall_follower/environment/ament_prefix_path.sh
-- Up-to-date: /home/comp3431/colcon4_ws/COMP3431/install/wall_follower/share/wall_follower/environment/ament_prefix_path.dsv
-- Up-to-date: /home/comp3431/colcon4_ws/COMP3431/install/wall_follower/share/wall_follower/environment/path.sh
-- Up-to-date: /home/comp3431/colcon4_ws/COMP3431/install/wall_follower/share/wall_follower/environment/path.dsv
-- Up-to-date: /home/comp3431/colcon4_ws/COMP3431/install/wall_follower/share/wall_follower/local_setup.bash
-- Up-to-date: /home/comp3431/colcon4_ws/COMP3431/install/wall_follower/share/wall_follower/local_setup.sh
-- Up-to-date: /home/comp3431/colcon4_ws/COMP3431/install/wall_follower/share/wall_follower/local_setup.zsh
-- Up-to-date: /home/comp3431/colcon4_ws/COMP3431/install/wall_follower/share/wall_follower/local_setup.dsv
-- Installing: /home/comp3431/colcon4_ws/COMP3431/install/wall_follower/share/wall_follower/package.dsv
-- Up-to-date: /home/comp3431/colcon4_ws/COMP3431/install/wall_follower/share/ament_index/resource_index/packages/wall_follower
-- Up-to-date: /home/comp3431/colcon4_ws/COMP3431/install/wall_follower/share/wall_follower/cmake/ament_cmake_export_include_directories-extras.cmake
-- Up-to-date: /home/comp3431/colcon4_ws/COMP3431/install/wall_follower/share/wall_follower/cmake/ament_cmake_export_dependencies-extras.cmake
-- Up-to-date: /home/comp3431/colcon4_ws/COMP3431/install/wall_follower/share/wall_follower/cmake/wall_followerConfig.cmake
-- Up-to-date: /home/comp3431/colcon4_ws/COMP3431/install/wall_follower/share/wall_follower/cmake/wall_followerConfig-version.cmake
-- Up-to-date: /home/comp3431/colcon4_ws/COMP3431/install/wall_follower/share/wall_follower/package.xml
