[0.443s] Invoking command in '/home/comp3431/colcon4_ws/COMP3431/src/image_processing': PYTHONPATH=/home/comp3431/colcon4_ws/COMP3431/build/image_processing/prefix_override:/home/comp3431/colcon4_ws/COMP3431/install/image_processing/lib/python3.8/site-packages:${PYTHONPATH} /usr/bin/python3 setup.py egg_info --egg-base ../../build/image_processing build --build-base /home/comp3431/colcon4_ws/COMP3431/build/image_processing/build install --record /home/comp3431/colcon4_ws/COMP3431/build/image_processing/install.log --install-scripts $base/lib/image_processing --single-version-externally-managed
[0.573s] running egg_info
[0.574s] creating ../../build/image_processing/image_processing.egg-info
[0.574s] writing ../../build/image_processing/image_processing.egg-info/PKG-INFO
[0.574s] writing dependency_links to ../../build/image_processing/image_processing.egg-info/dependency_links.txt
[0.574s] writing entry points to ../../build/image_processing/image_processing.egg-info/entry_points.txt
[0.574s] writing requirements to ../../build/image_processing/image_processing.egg-info/requires.txt
[0.574s] writing top-level names to ../../build/image_processing/image_processing.egg-info/top_level.txt
[0.575s] writing manifest file '../../build/image_processing/image_processing.egg-info/SOURCES.txt'
[0.593s] reading manifest file '../../build/image_processing/image_processing.egg-info/SOURCES.txt'
[0.593s] writing manifest file '../../build/image_processing/image_processing.egg-info/SOURCES.txt'
[0.593s] running build
[0.593s] running build_py
[0.593s] creating /home/comp3431/colcon4_ws/COMP3431/build/image_processing/build
[0.594s] creating /home/comp3431/colcon4_ws/COMP3431/build/image_processing/build/lib
[0.594s] creating /home/comp3431/colcon4_ws/COMP3431/build/image_processing/build/lib/image_processing
[0.594s] copying image_processing/detect_color_publisher.py -> /home/comp3431/colcon4_ws/COMP3431/build/image_processing/build/lib/image_processing
[0.594s] copying image_processing/__init__.py -> /home/comp3431/colcon4_ws/COMP3431/build/image_processing/build/lib/image_processing
[0.594s] running install
[0.594s] running install_lib
[0.595s] creating /home/comp3431/colcon4_ws/COMP3431/install/image_processing/lib/python3.8/site-packages/image_processing
[0.595s] copying /home/comp3431/colcon4_ws/COMP3431/build/image_processing/build/lib/image_processing/detect_color_publisher.py -> /home/comp3431/colcon4_ws/COMP3431/install/image_processing/lib/python3.8/site-packages/image_processing
[0.595s] copying /home/comp3431/colcon4_ws/COMP3431/build/image_processing/build/lib/image_processing/__init__.py -> /home/comp3431/colcon4_ws/COMP3431/install/image_processing/lib/python3.8/site-packages/image_processing
[0.595s] byte-compiling /home/comp3431/colcon4_ws/COMP3431/install/image_processing/lib/python3.8/site-packages/image_processing/detect_color_publisher.py to detect_color_publisher.cpython-38.pyc
[0.596s] byte-compiling /home/comp3431/colcon4_ws/COMP3431/install/image_processing/lib/python3.8/site-packages/image_processing/__init__.py to __init__.cpython-38.pyc
[0.596s] running install_data
[0.597s] creating /home/comp3431/colcon4_ws/COMP3431/install/image_processing/share/ament_index
[0.597s] creating /home/comp3431/colcon4_ws/COMP3431/install/image_processing/share/ament_index/resource_index
[0.597s] creating /home/comp3431/colcon4_ws/COMP3431/install/image_processing/share/ament_index/resource_index/packages
[0.597s] copying resource/image_processing -> /home/comp3431/colcon4_ws/COMP3431/install/image_processing/share/ament_index/resource_index/packages
[0.597s] copying package.xml -> /home/comp3431/colcon4_ws/COMP3431/install/image_processing/share/image_processing
[0.597s] running install_egg_info
[0.599s] Copying ../../build/image_processing/image_processing.egg-info to /home/comp3431/colcon4_ws/COMP3431/install/image_processing/lib/python3.8/site-packages/image_processing-0.0.0-py3.8.egg-info
[0.599s] running install_scripts
[0.622s] Installing image_processing script to /home/comp3431/colcon4_ws/COMP3431/install/image_processing/lib/image_processing
[0.622s] writing list of installed files to '/home/comp3431/colcon4_ws/COMP3431/build/image_processing/install.log'
[0.634s] Invoked command in '/home/comp3431/colcon4_ws/COMP3431/src/image_processing' returned '0': PYTHONPATH=/home/comp3431/colcon4_ws/COMP3431/build/image_processing/prefix_override:/home/comp3431/colcon4_ws/COMP3431/install/image_processing/lib/python3.8/site-packages:${PYTHONPATH} /usr/bin/python3 setup.py egg_info --egg-base ../../build/image_processing build --build-base /home/comp3431/colcon4_ws/COMP3431/build/image_processing/build install --record /home/comp3431/colcon4_ws/COMP3431/build/image_processing/install.log --install-scripts $base/lib/image_processing --single-version-externally-managed
