[0.169s] Invoking command in '/home/comp3431/colcon4_ws/COMP3431/build/wall_follower': CMAKE_PREFIX_PATH=${CMAKE_PREFIX_PATH}:/home/comp3431/colcon4_ws/COMP3431/install/launch_file:/home/comp3431/colcon4_ws/COMP3431/install/image_processing:/home/comp3431/turtlebot3_ws/install/turtlebot3_teleop:/home/comp3431/turtlebot3_ws/install/turtlebot3_example:/opt/ros/foxy /usr/bin/cmake /home/comp3431/colcon4_ws/COMP3431/src/wall_follower -DCMAKE_INSTALL_PREFIX=/home/comp3431/colcon4_ws/COMP3431/install/wall_follower
[0.292s] -- The C compiler identification is GNU 9.4.0
[0.384s] -- The CXX compiler identification is GNU 9.4.0
[0.392s] -- Check for working C compiler: /usr/bin/cc
[0.442s] -- Check for working C compiler: /usr/bin/cc -- works
[0.443s] -- Detecting C compiler ABI info
[0.481s] -- Detecting C compiler ABI info - done
[0.489s] -- Detecting C compile features
[0.489s] -- Detecting C compile features - done
[0.491s] -- Check for working CXX compiler: /usr/bin/c++
[0.536s] -- Check for working CXX compiler: /usr/bin/c++ -- works
[0.536s] -- Detecting CXX compiler ABI info
[0.580s] -- Detecting CXX compiler ABI info - done
[0.587s] -- Detecting CXX compile features
[0.588s] -- Detecting CXX compile features - done
[0.594s] -- Found ament_cmake: 0.9.12 (/opt/ros/foxy/share/ament_cmake/cmake)
[0.618s] -- Found PythonInterp: /usr/bin/python3 (found suitable version "3.8.10", minimum required is "3") 
[0.618s] -- Using PYTHON_EXECUTABLE: /usr/bin/python3
[0.759s] -- Found geometry_msgs: 2.0.5 (/opt/ros/foxy/share/geometry_msgs/cmake)
[0.794s] -- Using all available rosidl_typesupport_c: rosidl_typesupport_fastrtps_c;rosidl_typesupport_introspection_c
[0.803s] -- Found rosidl_adapter: 1.3.1 (/opt/ros/foxy/share/rosidl_adapter/cmake)
[0.875s] -- Found OpenSSL: /usr/lib/aarch64-linux-gnu/libcrypto.so (found version "1.1.1f")  
[0.898s] -- Found FastRTPS: /opt/ros/foxy/include  
[0.965s] -- Using all available rosidl_typesupport_cpp: rosidl_typesupport_fastrtps_cpp;rosidl_typesupport_introspection_cpp
[1.034s] -- Found nav_msgs: 2.0.5 (/opt/ros/foxy/share/nav_msgs/cmake)
[1.090s] -- Found rclcpp: 2.4.3 (/opt/ros/foxy/share/rclcpp/cmake)
[1.136s] -- Found rmw_implementation_cmake: 1.0.4 (/opt/ros/foxy/share/rmw_implementation_cmake/cmake)
[1.139s] -- Using RMW implementation 'rmw_fastrtps_cpp' as default
[1.140s] -- Looking for pthread.h
[1.184s] -- Looking for pthread.h - found
[1.184s] -- Performing Test CMAKE_HAVE_LIBC_PTHREAD
[1.222s] -- Performing Test CMAKE_HAVE_LIBC_PTHREAD - Failed
[1.223s] -- Looking for pthread_create in pthreads
[1.256s] -- Looking for pthread_create in pthreads - not found
[1.256s] -- Looking for pthread_create in pthread
[1.291s] -- Looking for pthread_create in pthread - found
[1.292s] -- Found Threads: TRUE  
[1.404s] -- Found sensor_msgs: 2.0.5 (/opt/ros/foxy/share/sensor_msgs/cmake)
[1.462s] -- Found tf2: 0.13.14 (/opt/ros/foxy/share/tf2/cmake)
[1.508s] -- Configuring done
[1.513s] -- Generating done
[1.514s] -- Build files have been written to: /home/comp3431/colcon4_ws/COMP3431/build/wall_follower
[1.519s] Invoked command in '/home/comp3431/colcon4_ws/COMP3431/build/wall_follower' returned '0': CMAKE_PREFIX_PATH=${CMAKE_PREFIX_PATH}:/home/comp3431/colcon4_ws/COMP3431/install/launch_file:/home/comp3431/colcon4_ws/COMP3431/install/image_processing:/home/comp3431/turtlebot3_ws/install/turtlebot3_teleop:/home/comp3431/turtlebot3_ws/install/turtlebot3_example:/opt/ros/foxy /usr/bin/cmake /home/comp3431/colcon4_ws/COMP3431/src/wall_follower -DCMAKE_INSTALL_PREFIX=/home/comp3431/colcon4_ws/COMP3431/install/wall_follower
[1.519s] Invoking command in '/home/comp3431/colcon4_ws/COMP3431/build/wall_follower': CMAKE_PREFIX_PATH=${CMAKE_PREFIX_PATH}:/home/comp3431/colcon4_ws/COMP3431/install/launch_file:/home/comp3431/colcon4_ws/COMP3431/install/image_processing:/home/comp3431/turtlebot3_ws/install/turtlebot3_teleop:/home/comp3431/turtlebot3_ws/install/turtlebot3_example:/opt/ros/foxy /usr/bin/cmake --build /home/comp3431/colcon4_ws/COMP3431/build/wall_follower -- -j4 -l4
[1.541s] [35m[1mScanning dependencies of target wall_follower[0m
[1.615s] [ 50%] [32mBuilding CXX object CMakeFiles/wall_follower.dir/src/wall_follower.cpp.o[0m
[5.038s] [100%] [32m[1mLinking CXX executable wall_follower[0m
[5.231s] [100%] Built target wall_follower
[5.238s] Invoked command in '/home/comp3431/colcon4_ws/COMP3431/build/wall_follower' returned '0': CMAKE_PREFIX_PATH=${CMAKE_PREFIX_PATH}:/home/comp3431/colcon4_ws/COMP3431/install/launch_file:/home/comp3431/colcon4_ws/COMP3431/install/image_processing:/home/comp3431/turtlebot3_ws/install/turtlebot3_teleop:/home/comp3431/turtlebot3_ws/install/turtlebot3_example:/opt/ros/foxy /usr/bin/cmake --build /home/comp3431/colcon4_ws/COMP3431/build/wall_follower -- -j4 -l4
[5.259s] Invoking command in '/home/comp3431/colcon4_ws/COMP3431/build/wall_follower': CMAKE_PREFIX_PATH=${CMAKE_PREFIX_PATH}:/home/comp3431/colcon4_ws/COMP3431/install/launch_file:/home/comp3431/colcon4_ws/COMP3431/install/image_processing:/home/comp3431/turtlebot3_ws/install/turtlebot3_teleop:/home/comp3431/turtlebot3_ws/install/turtlebot3_example:/opt/ros/foxy /usr/bin/cmake --install /home/comp3431/colcon4_ws/COMP3431/build/wall_follower
[5.263s] -- Install configuration: ""
[5.263s] -- Installing: /home/comp3431/colcon4_ws/COMP3431/install/wall_follower/lib/wall_follower/wall_follower
[5.264s] -- Set runtime path of "/home/comp3431/colcon4_ws/COMP3431/install/wall_follower/lib/wall_follower/wall_follower" to ""
[5.264s] CMake Error at cmake_install.cmake:61 (file):
[5.265s]   file INSTALL cannot find
[5.265s]   "/home/comp3431/colcon4_ws/COMP3431/src/wall_follower/launch": No such file
[5.265s]   or directory.
[5.265s] 
[5.265s] 
[5.266s] Invoked command in '/home/comp3431/colcon4_ws/COMP3431/build/wall_follower' returned '1': CMAKE_PREFIX_PATH=${CMAKE_PREFIX_PATH}:/home/comp3431/colcon4_ws/COMP3431/install/launch_file:/home/comp3431/colcon4_ws/COMP3431/install/image_processing:/home/comp3431/turtlebot3_ws/install/turtlebot3_teleop:/home/comp3431/turtlebot3_ws/install/turtlebot3_example:/opt/ros/foxy /usr/bin/cmake --install /home/comp3431/colcon4_ws/COMP3431/build/wall_follower
