[0.168s] DEBUG:colcon:Command line arguments: ['/usr/bin/colcon', 'build']
[0.168s] DEBUG:colcon:Parsed command line arguments: Namespace(allow_overriding=[], ament_cmake_args=None, base_paths=['.'], build_base='build', catkin_cmake_args=None, catkin_skip_building_tests=False, cmake_args=None, cmake_clean_cache=False, cmake_clean_first=False, cmake_force_configure=False, cmake_target=None, cmake_target_skip_unavailable=False, continue_on_error=False, event_handlers=None, executor='parallel', ignore_user_meta=False, install_base='install', log_base=None, log_level=None, main=<bound method BuildVerb.main of <colcon_core.verb.build.BuildVerb object at 0xffffa1f790a0>>, merge_install=False, metas=['./colcon.meta'], packages_above=None, packages_above_and_dependencies=None, packages_above_depth=None, packages_end=None, packages_ignore=None, packages_ignore_regex=None, packages_select=None, packages_select_build_failed=False, packages_select_by_dep=None, packages_select_regex=None, packages_select_test_failures=False, packages_skip=None, packages_skip_build_finished=False, packages_skip_by_dep=None, packages_skip_regex=None, packages_skip_test_passed=False, packages_skip_up_to=None, packages_start=None, packages_up_to=None, packages_up_to_regex=None, parallel_workers=4, paths=None, symlink_install=False, test_result_base=None, verb_extension=<colcon_core.verb.build.BuildVerb object at 0xffffa1f790a0>, verb_name='build', verb_parser=<colcon_defaults.argument_parser.defaults.DefaultArgumentsDecorator object at 0xffffa1f795e0>)
[0.202s] Level 1:colcon.colcon_core.package_discovery:discover_packages(colcon_meta) check parameters
[0.203s] Level 1:colcon.colcon_core.package_discovery:discover_packages(recursive) check parameters
[0.203s] Level 1:colcon.colcon_core.package_discovery:discover_packages(ignore) check parameters
[0.203s] Level 1:colcon.colcon_core.package_discovery:discover_packages(path) check parameters
[0.203s] Level 1:colcon.colcon_core.package_discovery:discover_packages(colcon_meta) discover
[0.203s] Level 1:colcon.colcon_core.package_discovery:discover_packages(recursive) discover
[0.203s] INFO:colcon.colcon_core.package_discovery:Crawling recursively for packages in '/home/comp3431/colcon4_ws/COMP3431'
[0.203s] Level 1:colcon.colcon_core.package_identification:_identify(.) by extensions ['ignore', 'ignore_ament_install']
[0.203s] Level 1:colcon.colcon_core.package_identification:_identify(.) by extension 'ignore'
[0.203s] Level 1:colcon.colcon_core.package_identification:_identify(.) by extension 'ignore_ament_install'
[0.203s] Level 1:colcon.colcon_core.package_identification:_identify(.) by extensions ['colcon_pkg']
[0.203s] Level 1:colcon.colcon_core.package_identification:_identify(.) by extension 'colcon_pkg'
[0.203s] Level 1:colcon.colcon_core.package_identification:_identify(.) by extensions ['colcon_meta']
[0.203s] Level 1:colcon.colcon_core.package_identification:_identify(.) by extension 'colcon_meta'
[0.203s] Level 1:colcon.colcon_core.package_identification:_identify(.) by extensions ['ros']
[0.203s] Level 1:colcon.colcon_core.package_identification:_identify(.) by extension 'ros'
[0.214s] Level 1:colcon.colcon_core.package_identification:_identify(.) by extensions ['cmake', 'python']
[0.214s] Level 1:colcon.colcon_core.package_identification:_identify(.) by extension 'cmake'
[0.214s] Level 1:colcon.colcon_core.package_identification:_identify(.) by extension 'python'
[0.214s] Level 1:colcon.colcon_core.package_identification:_identify(.) by extensions ['python_setup_py']
[0.214s] Level 1:colcon.colcon_core.package_identification:_identify(.) by extension 'python_setup_py'
[0.214s] Level 1:colcon.colcon_core.package_identification:_identify(Mazes) by extensions ['ignore', 'ignore_ament_install']
[0.214s] Level 1:colcon.colcon_core.package_identification:_identify(Mazes) by extension 'ignore'
[0.214s] Level 1:colcon.colcon_core.package_identification:_identify(Mazes) by extension 'ignore_ament_install'
[0.214s] Level 1:colcon.colcon_core.package_identification:_identify(Mazes) by extensions ['colcon_pkg']
[0.214s] Level 1:colcon.colcon_core.package_identification:_identify(Mazes) by extension 'colcon_pkg'
[0.214s] Level 1:colcon.colcon_core.package_identification:_identify(Mazes) by extensions ['colcon_meta']
[0.214s] Level 1:colcon.colcon_core.package_identification:_identify(Mazes) by extension 'colcon_meta'
[0.214s] Level 1:colcon.colcon_core.package_identification:_identify(Mazes) by extensions ['ros']
[0.214s] Level 1:colcon.colcon_core.package_identification:_identify(Mazes) by extension 'ros'
[0.214s] Level 1:colcon.colcon_core.package_identification:_identify(Mazes) by extensions ['cmake', 'python']
[0.214s] Level 1:colcon.colcon_core.package_identification:_identify(Mazes) by extension 'cmake'
[0.214s] Level 1:colcon.colcon_core.package_identification:_identify(Mazes) by extension 'python'
[0.214s] Level 1:colcon.colcon_core.package_identification:_identify(Mazes) by extensions ['python_setup_py']
[0.214s] Level 1:colcon.colcon_core.package_identification:_identify(Mazes) by extension 'python_setup_py'
[0.214s] Level 1:colcon.colcon_core.package_identification:_identify(Mazes/BushMaze2) by extensions ['ignore', 'ignore_ament_install']
[0.214s] Level 1:colcon.colcon_core.package_identification:_identify(Mazes/BushMaze2) by extension 'ignore'
[0.214s] Level 1:colcon.colcon_core.package_identification:_identify(Mazes/BushMaze2) by extension 'ignore_ament_install'
[0.214s] Level 1:colcon.colcon_core.package_identification:_identify(Mazes/BushMaze2) by extensions ['colcon_pkg']
[0.214s] Level 1:colcon.colcon_core.package_identification:_identify(Mazes/BushMaze2) by extension 'colcon_pkg'
[0.214s] Level 1:colcon.colcon_core.package_identification:_identify(Mazes/BushMaze2) by extensions ['colcon_meta']
[0.214s] Level 1:colcon.colcon_core.package_identification:_identify(Mazes/BushMaze2) by extension 'colcon_meta'
[0.214s] Level 1:colcon.colcon_core.package_identification:_identify(Mazes/BushMaze2) by extensions ['ros']
[0.214s] Level 1:colcon.colcon_core.package_identification:_identify(Mazes/BushMaze2) by extension 'ros'
[0.214s] Level 1:colcon.colcon_core.package_identification:_identify(Mazes/BushMaze2) by extensions ['cmake', 'python']
[0.214s] Level 1:colcon.colcon_core.package_identification:_identify(Mazes/BushMaze2) by extension 'cmake'
[0.214s] Level 1:colcon.colcon_core.package_identification:_identify(Mazes/BushMaze2) by extension 'python'
[0.214s] Level 1:colcon.colcon_core.package_identification:_identify(Mazes/BushMaze2) by extensions ['python_setup_py']
[0.214s] Level 1:colcon.colcon_core.package_identification:_identify(Mazes/BushMaze2) by extension 'python_setup_py'
[0.214s] Level 1:colcon.colcon_core.package_identification:_identify(Mazes/Demo) by extensions ['ignore', 'ignore_ament_install']
[0.214s] Level 1:colcon.colcon_core.package_identification:_identify(Mazes/Demo) by extension 'ignore'
[0.214s] Level 1:colcon.colcon_core.package_identification:_identify(Mazes/Demo) by extension 'ignore_ament_install'
[0.214s] Level 1:colcon.colcon_core.package_identification:_identify(Mazes/Demo) by extensions ['colcon_pkg']
[0.214s] Level 1:colcon.colcon_core.package_identification:_identify(Mazes/Demo) by extension 'colcon_pkg'
[0.215s] Level 1:colcon.colcon_core.package_identification:_identify(Mazes/Demo) by extensions ['colcon_meta']
[0.215s] Level 1:colcon.colcon_core.package_identification:_identify(Mazes/Demo) by extension 'colcon_meta'
[0.215s] Level 1:colcon.colcon_core.package_identification:_identify(Mazes/Demo) by extensions ['ros']
[0.215s] Level 1:colcon.colcon_core.package_identification:_identify(Mazes/Demo) by extension 'ros'
[0.215s] Level 1:colcon.colcon_core.package_identification:_identify(Mazes/Demo) by extensions ['cmake', 'python']
[0.215s] Level 1:colcon.colcon_core.package_identification:_identify(Mazes/Demo) by extension 'cmake'
[0.215s] Level 1:colcon.colcon_core.package_identification:_identify(Mazes/Demo) by extension 'python'
[0.215s] Level 1:colcon.colcon_core.package_identification:_identify(Mazes/Demo) by extensions ['python_setup_py']
[0.215s] Level 1:colcon.colcon_core.package_identification:_identify(Mazes/Demo) by extension 'python_setup_py'
[0.215s] Level 1:colcon.colcon_core.package_identification:_identify(Mazes/LoopMaze) by extensions ['ignore', 'ignore_ament_install']
[0.215s] Level 1:colcon.colcon_core.package_identification:_identify(Mazes/LoopMaze) by extension 'ignore'
[0.215s] Level 1:colcon.colcon_core.package_identification:_identify(Mazes/LoopMaze) by extension 'ignore_ament_install'
[0.215s] Level 1:colcon.colcon_core.package_identification:_identify(Mazes/LoopMaze) by extensions ['colcon_pkg']
[0.215s] Level 1:colcon.colcon_core.package_identification:_identify(Mazes/LoopMaze) by extension 'colcon_pkg'
[0.215s] Level 1:colcon.colcon_core.package_identification:_identify(Mazes/LoopMaze) by extensions ['colcon_meta']
[0.215s] Level 1:colcon.colcon_core.package_identification:_identify(Mazes/LoopMaze) by extension 'colcon_meta'
[0.215s] Level 1:colcon.colcon_core.package_identification:_identify(Mazes/LoopMaze) by extensions ['ros']
[0.215s] Level 1:colcon.colcon_core.package_identification:_identify(Mazes/LoopMaze) by extension 'ros'
[0.215s] Level 1:colcon.colcon_core.package_identification:_identify(Mazes/LoopMaze) by extensions ['cmake', 'python']
[0.215s] Level 1:colcon.colcon_core.package_identification:_identify(Mazes/LoopMaze) by extension 'cmake'
[0.215s] Level 1:colcon.colcon_core.package_identification:_identify(Mazes/LoopMaze) by extension 'python'
[0.215s] Level 1:colcon.colcon_core.package_identification:_identify(Mazes/LoopMaze) by extensions ['python_setup_py']
[0.215s] Level 1:colcon.colcon_core.package_identification:_identify(Mazes/LoopMaze) by extension 'python_setup_py'
[0.215s] Level 1:colcon.colcon_core.package_identification:_identify(Mazes/Simple2Walls) by extensions ['ignore', 'ignore_ament_install']
[0.215s] Level 1:colcon.colcon_core.package_identification:_identify(Mazes/Simple2Walls) by extension 'ignore'
[0.215s] Level 1:colcon.colcon_core.package_identification:_identify(Mazes/Simple2Walls) by extension 'ignore_ament_install'
[0.215s] Level 1:colcon.colcon_core.package_identification:_identify(Mazes/Simple2Walls) by extensions ['colcon_pkg']
[0.215s] Level 1:colcon.colcon_core.package_identification:_identify(Mazes/Simple2Walls) by extension 'colcon_pkg'
[0.215s] Level 1:colcon.colcon_core.package_identification:_identify(Mazes/Simple2Walls) by extensions ['colcon_meta']
[0.215s] Level 1:colcon.colcon_core.package_identification:_identify(Mazes/Simple2Walls) by extension 'colcon_meta'
[0.215s] Level 1:colcon.colcon_core.package_identification:_identify(Mazes/Simple2Walls) by extensions ['ros']
[0.215s] Level 1:colcon.colcon_core.package_identification:_identify(Mazes/Simple2Walls) by extension 'ros'
[0.215s] Level 1:colcon.colcon_core.package_identification:_identify(Mazes/Simple2Walls) by extensions ['cmake', 'python']
[0.215s] Level 1:colcon.colcon_core.package_identification:_identify(Mazes/Simple2Walls) by extension 'cmake'
[0.215s] Level 1:colcon.colcon_core.package_identification:_identify(Mazes/Simple2Walls) by extension 'python'
[0.215s] Level 1:colcon.colcon_core.package_identification:_identify(Mazes/Simple2Walls) by extensions ['python_setup_py']
[0.215s] Level 1:colcon.colcon_core.package_identification:_identify(Mazes/Simple2Walls) by extension 'python_setup_py'
[0.215s] Level 1:colcon.colcon_core.package_identification:_identify(Mazes/T-junction) by extensions ['ignore', 'ignore_ament_install']
[0.215s] Level 1:colcon.colcon_core.package_identification:_identify(Mazes/T-junction) by extension 'ignore'
[0.215s] Level 1:colcon.colcon_core.package_identification:_identify(Mazes/T-junction) by extension 'ignore_ament_install'
[0.215s] Level 1:colcon.colcon_core.package_identification:_identify(Mazes/T-junction) by extensions ['colcon_pkg']
[0.216s] Level 1:colcon.colcon_core.package_identification:_identify(Mazes/T-junction) by extension 'colcon_pkg'
[0.216s] Level 1:colcon.colcon_core.package_identification:_identify(Mazes/T-junction) by extensions ['colcon_meta']
[0.216s] Level 1:colcon.colcon_core.package_identification:_identify(Mazes/T-junction) by extension 'colcon_meta'
[0.216s] Level 1:colcon.colcon_core.package_identification:_identify(Mazes/T-junction) by extensions ['ros']
[0.216s] Level 1:colcon.colcon_core.package_identification:_identify(Mazes/T-junction) by extension 'ros'
[0.216s] Level 1:colcon.colcon_core.package_identification:_identify(Mazes/T-junction) by extensions ['cmake', 'python']
[0.216s] Level 1:colcon.colcon_core.package_identification:_identify(Mazes/T-junction) by extension 'cmake'
[0.216s] Level 1:colcon.colcon_core.package_identification:_identify(Mazes/T-junction) by extension 'python'
[0.216s] Level 1:colcon.colcon_core.package_identification:_identify(Mazes/T-junction) by extensions ['python_setup_py']
[0.216s] Level 1:colcon.colcon_core.package_identification:_identify(Mazes/T-junction) by extension 'python_setup_py'
[0.216s] Level 1:colcon.colcon_core.package_identification:_identify(build) by extensions ['ignore', 'ignore_ament_install']
[0.216s] Level 1:colcon.colcon_core.package_identification:_identify(build) by extension 'ignore'
[0.216s] Level 1:colcon.colcon_core.package_identification:_identify(build) ignored
[0.216s] Level 1:colcon.colcon_core.package_identification:_identify(install) by extensions ['ignore', 'ignore_ament_install']
[0.216s] Level 1:colcon.colcon_core.package_identification:_identify(install) by extension 'ignore'
[0.216s] Level 1:colcon.colcon_core.package_identification:_identify(install) ignored
[0.216s] Level 1:colcon.colcon_core.package_identification:_identify(log) by extensions ['ignore', 'ignore_ament_install']
[0.216s] Level 1:colcon.colcon_core.package_identification:_identify(log) by extension 'ignore'
[0.216s] Level 1:colcon.colcon_core.package_identification:_identify(log) ignored
[0.216s] Level 1:colcon.colcon_core.package_identification:_identify(models) by extensions ['ignore', 'ignore_ament_install']
[0.216s] Level 1:colcon.colcon_core.package_identification:_identify(models) by extension 'ignore'
[0.216s] Level 1:colcon.colcon_core.package_identification:_identify(models) by extension 'ignore_ament_install'
[0.216s] Level 1:colcon.colcon_core.package_identification:_identify(models) by extensions ['colcon_pkg']
[0.216s] Level 1:colcon.colcon_core.package_identification:_identify(models) by extension 'colcon_pkg'
[0.216s] Level 1:colcon.colcon_core.package_identification:_identify(models) by extensions ['colcon_meta']
[0.216s] Level 1:colcon.colcon_core.package_identification:_identify(models) by extension 'colcon_meta'
[0.216s] Level 1:colcon.colcon_core.package_identification:_identify(models) by extensions ['ros']
[0.216s] Level 1:colcon.colcon_core.package_identification:_identify(models) by extension 'ros'
[0.216s] Level 1:colcon.colcon_core.package_identification:_identify(models) by extensions ['cmake', 'python']
[0.216s] Level 1:colcon.colcon_core.package_identification:_identify(models) by extension 'cmake'
[0.216s] Level 1:colcon.colcon_core.package_identification:_identify(models) by extension 'python'
[0.216s] Level 1:colcon.colcon_core.package_identification:_identify(models) by extensions ['python_setup_py']
[0.216s] Level 1:colcon.colcon_core.package_identification:_identify(models) by extension 'python_setup_py'
[0.216s] Level 1:colcon.colcon_core.package_identification:_identify(models/Cylinder1) by extensions ['ignore', 'ignore_ament_install']
[0.216s] Level 1:colcon.colcon_core.package_identification:_identify(models/Cylinder1) by extension 'ignore'
[0.216s] Level 1:colcon.colcon_core.package_identification:_identify(models/Cylinder1) by extension 'ignore_ament_install'
[0.216s] Level 1:colcon.colcon_core.package_identification:_identify(models/Cylinder1) by extensions ['colcon_pkg']
[0.216s] Level 1:colcon.colcon_core.package_identification:_identify(models/Cylinder1) by extension 'colcon_pkg'
[0.216s] Level 1:colcon.colcon_core.package_identification:_identify(models/Cylinder1) by extensions ['colcon_meta']
[0.216s] Level 1:colcon.colcon_core.package_identification:_identify(models/Cylinder1) by extension 'colcon_meta'
[0.216s] Level 1:colcon.colcon_core.package_identification:_identify(models/Cylinder1) by extensions ['ros']
[0.216s] Level 1:colcon.colcon_core.package_identification:_identify(models/Cylinder1) by extension 'ros'
[0.217s] Level 1:colcon.colcon_core.package_identification:_identify(models/Cylinder1) by extensions ['cmake', 'python']
[0.217s] Level 1:colcon.colcon_core.package_identification:_identify(models/Cylinder1) by extension 'cmake'
[0.217s] Level 1:colcon.colcon_core.package_identification:_identify(models/Cylinder1) by extension 'python'
[0.217s] Level 1:colcon.colcon_core.package_identification:_identify(models/Cylinder1) by extensions ['python_setup_py']
[0.217s] Level 1:colcon.colcon_core.package_identification:_identify(models/Cylinder1) by extension 'python_setup_py'
[0.217s] Level 1:colcon.colcon_core.package_identification:_identify(models/Cylinder10) by extensions ['ignore', 'ignore_ament_install']
[0.217s] Level 1:colcon.colcon_core.package_identification:_identify(models/Cylinder10) by extension 'ignore'
[0.217s] Level 1:colcon.colcon_core.package_identification:_identify(models/Cylinder10) by extension 'ignore_ament_install'
[0.217s] Level 1:colcon.colcon_core.package_identification:_identify(models/Cylinder10) by extensions ['colcon_pkg']
[0.217s] Level 1:colcon.colcon_core.package_identification:_identify(models/Cylinder10) by extension 'colcon_pkg'
[0.217s] Level 1:colcon.colcon_core.package_identification:_identify(models/Cylinder10) by extensions ['colcon_meta']
[0.217s] Level 1:colcon.colcon_core.package_identification:_identify(models/Cylinder10) by extension 'colcon_meta'
[0.217s] Level 1:colcon.colcon_core.package_identification:_identify(models/Cylinder10) by extensions ['ros']
[0.217s] Level 1:colcon.colcon_core.package_identification:_identify(models/Cylinder10) by extension 'ros'
[0.217s] Level 1:colcon.colcon_core.package_identification:_identify(models/Cylinder10) by extensions ['cmake', 'python']
[0.217s] Level 1:colcon.colcon_core.package_identification:_identify(models/Cylinder10) by extension 'cmake'
[0.217s] Level 1:colcon.colcon_core.package_identification:_identify(models/Cylinder10) by extension 'python'
[0.217s] Level 1:colcon.colcon_core.package_identification:_identify(models/Cylinder10) by extensions ['python_setup_py']
[0.217s] Level 1:colcon.colcon_core.package_identification:_identify(models/Cylinder10) by extension 'python_setup_py'
[0.217s] Level 1:colcon.colcon_core.package_identification:_identify(models/Cylinder2) by extensions ['ignore', 'ignore_ament_install']
[0.217s] Level 1:colcon.colcon_core.package_identification:_identify(models/Cylinder2) by extension 'ignore'
[0.217s] Level 1:colcon.colcon_core.package_identification:_identify(models/Cylinder2) by extension 'ignore_ament_install'
[0.217s] Level 1:colcon.colcon_core.package_identification:_identify(models/Cylinder2) by extensions ['colcon_pkg']
[0.217s] Level 1:colcon.colcon_core.package_identification:_identify(models/Cylinder2) by extension 'colcon_pkg'
[0.217s] Level 1:colcon.colcon_core.package_identification:_identify(models/Cylinder2) by extensions ['colcon_meta']
[0.217s] Level 1:colcon.colcon_core.package_identification:_identify(models/Cylinder2) by extension 'colcon_meta'
[0.217s] Level 1:colcon.colcon_core.package_identification:_identify(models/Cylinder2) by extensions ['ros']
[0.217s] Level 1:colcon.colcon_core.package_identification:_identify(models/Cylinder2) by extension 'ros'
[0.217s] Level 1:colcon.colcon_core.package_identification:_identify(models/Cylinder2) by extensions ['cmake', 'python']
[0.217s] Level 1:colcon.colcon_core.package_identification:_identify(models/Cylinder2) by extension 'cmake'
[0.217s] Level 1:colcon.colcon_core.package_identification:_identify(models/Cylinder2) by extension 'python'
[0.217s] Level 1:colcon.colcon_core.package_identification:_identify(models/Cylinder2) by extensions ['python_setup_py']
[0.217s] Level 1:colcon.colcon_core.package_identification:_identify(models/Cylinder2) by extension 'python_setup_py'
[0.217s] Level 1:colcon.colcon_core.package_identification:_identify(models/Cylinder3) by extensions ['ignore', 'ignore_ament_install']
[0.217s] Level 1:colcon.colcon_core.package_identification:_identify(models/Cylinder3) by extension 'ignore'
[0.217s] Level 1:colcon.colcon_core.package_identification:_identify(models/Cylinder3) by extension 'ignore_ament_install'
[0.217s] Level 1:colcon.colcon_core.package_identification:_identify(models/Cylinder3) by extensions ['colcon_pkg']
[0.217s] Level 1:colcon.colcon_core.package_identification:_identify(models/Cylinder3) by extension 'colcon_pkg'
[0.217s] Level 1:colcon.colcon_core.package_identification:_identify(models/Cylinder3) by extensions ['colcon_meta']
[0.217s] Level 1:colcon.colcon_core.package_identification:_identify(models/Cylinder3) by extension 'colcon_meta'
[0.217s] Level 1:colcon.colcon_core.package_identification:_identify(models/Cylinder3) by extensions ['ros']
[0.217s] Level 1:colcon.colcon_core.package_identification:_identify(models/Cylinder3) by extension 'ros'
[0.217s] Level 1:colcon.colcon_core.package_identification:_identify(models/Cylinder3) by extensions ['cmake', 'python']
[0.217s] Level 1:colcon.colcon_core.package_identification:_identify(models/Cylinder3) by extension 'cmake'
[0.217s] Level 1:colcon.colcon_core.package_identification:_identify(models/Cylinder3) by extension 'python'
[0.217s] Level 1:colcon.colcon_core.package_identification:_identify(models/Cylinder3) by extensions ['python_setup_py']
[0.217s] Level 1:colcon.colcon_core.package_identification:_identify(models/Cylinder3) by extension 'python_setup_py'
[0.217s] Level 1:colcon.colcon_core.package_identification:_identify(models/Cylinder4) by extensions ['ignore', 'ignore_ament_install']
[0.217s] Level 1:colcon.colcon_core.package_identification:_identify(models/Cylinder4) by extension 'ignore'
[0.218s] Level 1:colcon.colcon_core.package_identification:_identify(models/Cylinder4) by extension 'ignore_ament_install'
[0.218s] Level 1:colcon.colcon_core.package_identification:_identify(models/Cylinder4) by extensions ['colcon_pkg']
[0.218s] Level 1:colcon.colcon_core.package_identification:_identify(models/Cylinder4) by extension 'colcon_pkg'
[0.218s] Level 1:colcon.colcon_core.package_identification:_identify(models/Cylinder4) by extensions ['colcon_meta']
[0.218s] Level 1:colcon.colcon_core.package_identification:_identify(models/Cylinder4) by extension 'colcon_meta'
[0.218s] Level 1:colcon.colcon_core.package_identification:_identify(models/Cylinder4) by extensions ['ros']
[0.218s] Level 1:colcon.colcon_core.package_identification:_identify(models/Cylinder4) by extension 'ros'
[0.218s] Level 1:colcon.colcon_core.package_identification:_identify(models/Cylinder4) by extensions ['cmake', 'python']
[0.218s] Level 1:colcon.colcon_core.package_identification:_identify(models/Cylinder4) by extension 'cmake'
[0.218s] Level 1:colcon.colcon_core.package_identification:_identify(models/Cylinder4) by extension 'python'
[0.218s] Level 1:colcon.colcon_core.package_identification:_identify(models/Cylinder4) by extensions ['python_setup_py']
[0.218s] Level 1:colcon.colcon_core.package_identification:_identify(models/Cylinder4) by extension 'python_setup_py'
[0.218s] Level 1:colcon.colcon_core.package_identification:_identify(models/Cylinder5) by extensions ['ignore', 'ignore_ament_install']
[0.218s] Level 1:colcon.colcon_core.package_identification:_identify(models/Cylinder5) by extension 'ignore'
[0.218s] Level 1:colcon.colcon_core.package_identification:_identify(models/Cylinder5) by extension 'ignore_ament_install'
[0.218s] Level 1:colcon.colcon_core.package_identification:_identify(models/Cylinder5) by extensions ['colcon_pkg']
[0.218s] Level 1:colcon.colcon_core.package_identification:_identify(models/Cylinder5) by extension 'colcon_pkg'
[0.218s] Level 1:colcon.colcon_core.package_identification:_identify(models/Cylinder5) by extensions ['colcon_meta']
[0.218s] Level 1:colcon.colcon_core.package_identification:_identify(models/Cylinder5) by extension 'colcon_meta'
[0.218s] Level 1:colcon.colcon_core.package_identification:_identify(models/Cylinder5) by extensions ['ros']
[0.218s] Level 1:colcon.colcon_core.package_identification:_identify(models/Cylinder5) by extension 'ros'
[0.218s] Level 1:colcon.colcon_core.package_identification:_identify(models/Cylinder5) by extensions ['cmake', 'python']
[0.218s] Level 1:colcon.colcon_core.package_identification:_identify(models/Cylinder5) by extension 'cmake'
[0.218s] Level 1:colcon.colcon_core.package_identification:_identify(models/Cylinder5) by extension 'python'
[0.218s] Level 1:colcon.colcon_core.package_identification:_identify(models/Cylinder5) by extensions ['python_setup_py']
[0.218s] Level 1:colcon.colcon_core.package_identification:_identify(models/Cylinder5) by extension 'python_setup_py'
[0.218s] Level 1:colcon.colcon_core.package_identification:_identify(models/Cylinder6) by extensions ['ignore', 'ignore_ament_install']
[0.218s] Level 1:colcon.colcon_core.package_identification:_identify(models/Cylinder6) by extension 'ignore'
[0.218s] Level 1:colcon.colcon_core.package_identification:_identify(models/Cylinder6) by extension 'ignore_ament_install'
[0.218s] Level 1:colcon.colcon_core.package_identification:_identify(models/Cylinder6) by extensions ['colcon_pkg']
[0.218s] Level 1:colcon.colcon_core.package_identification:_identify(models/Cylinder6) by extension 'colcon_pkg'
[0.218s] Level 1:colcon.colcon_core.package_identification:_identify(models/Cylinder6) by extensions ['colcon_meta']
[0.218s] Level 1:colcon.colcon_core.package_identification:_identify(models/Cylinder6) by extension 'colcon_meta'
[0.218s] Level 1:colcon.colcon_core.package_identification:_identify(models/Cylinder6) by extensions ['ros']
[0.218s] Level 1:colcon.colcon_core.package_identification:_identify(models/Cylinder6) by extension 'ros'
[0.218s] Level 1:colcon.colcon_core.package_identification:_identify(models/Cylinder6) by extensions ['cmake', 'python']
[0.218s] Level 1:colcon.colcon_core.package_identification:_identify(models/Cylinder6) by extension 'cmake'
[0.218s] Level 1:colcon.colcon_core.package_identification:_identify(models/Cylinder6) by extension 'python'
[0.218s] Level 1:colcon.colcon_core.package_identification:_identify(models/Cylinder6) by extensions ['python_setup_py']
[0.218s] Level 1:colcon.colcon_core.package_identification:_identify(models/Cylinder6) by extension 'python_setup_py'
[0.218s] Level 1:colcon.colcon_core.package_identification:_identify(models/Cylinder7) by extensions ['ignore', 'ignore_ament_install']
[0.218s] Level 1:colcon.colcon_core.package_identification:_identify(models/Cylinder7) by extension 'ignore'
[0.218s] Level 1:colcon.colcon_core.package_identification:_identify(models/Cylinder7) by extension 'ignore_ament_install'
[0.218s] Level 1:colcon.colcon_core.package_identification:_identify(models/Cylinder7) by extensions ['colcon_pkg']
[0.218s] Level 1:colcon.colcon_core.package_identification:_identify(models/Cylinder7) by extension 'colcon_pkg'
[0.218s] Level 1:colcon.colcon_core.package_identification:_identify(models/Cylinder7) by extensions ['colcon_meta']
[0.218s] Level 1:colcon.colcon_core.package_identification:_identify(models/Cylinder7) by extension 'colcon_meta'
[0.218s] Level 1:colcon.colcon_core.package_identification:_identify(models/Cylinder7) by extensions ['ros']
[0.218s] Level 1:colcon.colcon_core.package_identification:_identify(models/Cylinder7) by extension 'ros'
[0.218s] Level 1:colcon.colcon_core.package_identification:_identify(models/Cylinder7) by extensions ['cmake', 'python']
[0.218s] Level 1:colcon.colcon_core.package_identification:_identify(models/Cylinder7) by extension 'cmake'
[0.218s] Level 1:colcon.colcon_core.package_identification:_identify(models/Cylinder7) by extension 'python'
[0.218s] Level 1:colcon.colcon_core.package_identification:_identify(models/Cylinder7) by extensions ['python_setup_py']
[0.219s] Level 1:colcon.colcon_core.package_identification:_identify(models/Cylinder7) by extension 'python_setup_py'
[0.219s] Level 1:colcon.colcon_core.package_identification:_identify(models/Cylinder8) by extensions ['ignore', 'ignore_ament_install']
[0.219s] Level 1:colcon.colcon_core.package_identification:_identify(models/Cylinder8) by extension 'ignore'
[0.219s] Level 1:colcon.colcon_core.package_identification:_identify(models/Cylinder8) by extension 'ignore_ament_install'
[0.219s] Level 1:colcon.colcon_core.package_identification:_identify(models/Cylinder8) by extensions ['colcon_pkg']
[0.219s] Level 1:colcon.colcon_core.package_identification:_identify(models/Cylinder8) by extension 'colcon_pkg'
[0.219s] Level 1:colcon.colcon_core.package_identification:_identify(models/Cylinder8) by extensions ['colcon_meta']
[0.219s] Level 1:colcon.colcon_core.package_identification:_identify(models/Cylinder8) by extension 'colcon_meta'
[0.219s] Level 1:colcon.colcon_core.package_identification:_identify(models/Cylinder8) by extensions ['ros']
[0.219s] Level 1:colcon.colcon_core.package_identification:_identify(models/Cylinder8) by extension 'ros'
[0.219s] Level 1:colcon.colcon_core.package_identification:_identify(models/Cylinder8) by extensions ['cmake', 'python']
[0.219s] Level 1:colcon.colcon_core.package_identification:_identify(models/Cylinder8) by extension 'cmake'
[0.219s] Level 1:colcon.colcon_core.package_identification:_identify(models/Cylinder8) by extension 'python'
[0.219s] Level 1:colcon.colcon_core.package_identification:_identify(models/Cylinder8) by extensions ['python_setup_py']
[0.219s] Level 1:colcon.colcon_core.package_identification:_identify(models/Cylinder8) by extension 'python_setup_py'
[0.219s] Level 1:colcon.colcon_core.package_identification:_identify(models/Cylinder9) by extensions ['ignore', 'ignore_ament_install']
[0.219s] Level 1:colcon.colcon_core.package_identification:_identify(models/Cylinder9) by extension 'ignore'
[0.219s] Level 1:colcon.colcon_core.package_identification:_identify(models/Cylinder9) by extension 'ignore_ament_install'
[0.219s] Level 1:colcon.colcon_core.package_identification:_identify(models/Cylinder9) by extensions ['colcon_pkg']
[0.219s] Level 1:colcon.colcon_core.package_identification:_identify(models/Cylinder9) by extension 'colcon_pkg'
[0.219s] Level 1:colcon.colcon_core.package_identification:_identify(models/Cylinder9) by extensions ['colcon_meta']
[0.219s] Level 1:colcon.colcon_core.package_identification:_identify(models/Cylinder9) by extension 'colcon_meta'
[0.219s] Level 1:colcon.colcon_core.package_identification:_identify(models/Cylinder9) by extensions ['ros']
[0.219s] Level 1:colcon.colcon_core.package_identification:_identify(models/Cylinder9) by extension 'ros'
[0.219s] Level 1:colcon.colcon_core.package_identification:_identify(models/Cylinder9) by extensions ['cmake', 'python']
[0.219s] Level 1:colcon.colcon_core.package_identification:_identify(models/Cylinder9) by extension 'cmake'
[0.219s] Level 1:colcon.colcon_core.package_identification:_identify(models/Cylinder9) by extension 'python'
[0.219s] Level 1:colcon.colcon_core.package_identification:_identify(models/Cylinder9) by extensions ['python_setup_py']
[0.219s] Level 1:colcon.colcon_core.package_identification:_identify(models/Cylinder9) by extension 'python_setup_py'
[0.219s] Level 1:colcon.colcon_core.package_identification:_identify(models/yuanzhu) by extensions ['ignore', 'ignore_ament_install']
[0.219s] Level 1:colcon.colcon_core.package_identification:_identify(models/yuanzhu) by extension 'ignore'
[0.219s] Level 1:colcon.colcon_core.package_identification:_identify(models/yuanzhu) by extension 'ignore_ament_install'
[0.219s] Level 1:colcon.colcon_core.package_identification:_identify(models/yuanzhu) by extensions ['colcon_pkg']
[0.219s] Level 1:colcon.colcon_core.package_identification:_identify(models/yuanzhu) by extension 'colcon_pkg'
[0.219s] Level 1:colcon.colcon_core.package_identification:_identify(models/yuanzhu) by extensions ['colcon_meta']
[0.219s] Level 1:colcon.colcon_core.package_identification:_identify(models/yuanzhu) by extension 'colcon_meta'
[0.219s] Level 1:colcon.colcon_core.package_identification:_identify(models/yuanzhu) by extensions ['ros']
[0.219s] Level 1:colcon.colcon_core.package_identification:_identify(models/yuanzhu) by extension 'ros'
[0.219s] Level 1:colcon.colcon_core.package_identification:_identify(models/yuanzhu) by extensions ['cmake', 'python']
[0.219s] Level 1:colcon.colcon_core.package_identification:_identify(models/yuanzhu) by extension 'cmake'
[0.219s] Level 1:colcon.colcon_core.package_identification:_identify(models/yuanzhu) by extension 'python'
[0.220s] Level 1:colcon.colcon_core.package_identification:_identify(models/yuanzhu) by extensions ['python_setup_py']
[0.220s] Level 1:colcon.colcon_core.package_identification:_identify(models/yuanzhu) by extension 'python_setup_py'
[0.220s] Level 1:colcon.colcon_core.package_identification:_identify(src) by extensions ['ignore', 'ignore_ament_install']
[0.220s] Level 1:colcon.colcon_core.package_identification:_identify(src) by extension 'ignore'
[0.220s] Level 1:colcon.colcon_core.package_identification:_identify(src) by extension 'ignore_ament_install'
[0.220s] Level 1:colcon.colcon_core.package_identification:_identify(src) by extensions ['colcon_pkg']
[0.220s] Level 1:colcon.colcon_core.package_identification:_identify(src) by extension 'colcon_pkg'
[0.220s] Level 1:colcon.colcon_core.package_identification:_identify(src) by extensions ['colcon_meta']
[0.220s] Level 1:colcon.colcon_core.package_identification:_identify(src) by extension 'colcon_meta'
[0.220s] Level 1:colcon.colcon_core.package_identification:_identify(src) by extensions ['ros']
[0.220s] Level 1:colcon.colcon_core.package_identification:_identify(src) by extension 'ros'
[0.220s] Level 1:colcon.colcon_core.package_identification:_identify(src) by extensions ['cmake', 'python']
[0.220s] Level 1:colcon.colcon_core.package_identification:_identify(src) by extension 'cmake'
[0.220s] Level 1:colcon.colcon_core.package_identification:_identify(src) by extension 'python'
[0.220s] Level 1:colcon.colcon_core.package_identification:_identify(src) by extensions ['python_setup_py']
[0.220s] Level 1:colcon.colcon_core.package_identification:_identify(src) by extension 'python_setup_py'
[0.220s] Level 1:colcon.colcon_core.package_identification:_identify(src/image_processing) by extensions ['ignore', 'ignore_ament_install']
[0.220s] Level 1:colcon.colcon_core.package_identification:_identify(src/image_processing) by extension 'ignore'
[0.220s] Level 1:colcon.colcon_core.package_identification:_identify(src/image_processing) by extension 'ignore_ament_install'
[0.220s] Level 1:colcon.colcon_core.package_identification:_identify(src/image_processing) by extensions ['colcon_pkg']
[0.220s] Level 1:colcon.colcon_core.package_identification:_identify(src/image_processing) by extension 'colcon_pkg'
[0.220s] Level 1:colcon.colcon_core.package_identification:_identify(src/image_processing) by extensions ['colcon_meta']
[0.220s] Level 1:colcon.colcon_core.package_identification:_identify(src/image_processing) by extension 'colcon_meta'
[0.220s] Level 1:colcon.colcon_core.package_identification:_identify(src/image_processing) by extensions ['ros']
[0.220s] Level 1:colcon.colcon_core.package_identification:_identify(src/image_processing) by extension 'ros'
[0.222s] DEBUG:colcon.colcon_core.package_identification:Package 'src/image_processing' with type 'ros.ament_python' and name 'image_processing'
[0.222s] Level 1:colcon.colcon_core.package_identification:_identify(src/wall_follower) by extensions ['ignore', 'ignore_ament_install']
[0.222s] Level 1:colcon.colcon_core.package_identification:_identify(src/wall_follower) by extension 'ignore'
[0.222s] Level 1:colcon.colcon_core.package_identification:_identify(src/wall_follower) by extension 'ignore_ament_install'
[0.222s] Level 1:colcon.colcon_core.package_identification:_identify(src/wall_follower) by extensions ['colcon_pkg']
[0.222s] Level 1:colcon.colcon_core.package_identification:_identify(src/wall_follower) by extension 'colcon_pkg'
[0.222s] Level 1:colcon.colcon_core.package_identification:_identify(src/wall_follower) by extensions ['colcon_meta']
[0.222s] Level 1:colcon.colcon_core.package_identification:_identify(src/wall_follower) by extension 'colcon_meta'
[0.222s] Level 1:colcon.colcon_core.package_identification:_identify(src/wall_follower) by extensions ['ros']
[0.222s] Level 1:colcon.colcon_core.package_identification:_identify(src/wall_follower) by extension 'ros'
[0.222s] DEBUG:colcon.colcon_core.package_identification:Package 'src/wall_follower' with type 'ros.ament_cmake' and name 'wall_follower'
[0.223s] Level 1:colcon.colcon_core.package_discovery:discover_packages(recursive) using defaults
[0.223s] Level 1:colcon.colcon_core.package_discovery:discover_packages(ignore) discover
[0.223s] Level 1:colcon.colcon_core.package_discovery:discover_packages(ignore) using defaults
[0.223s] Level 1:colcon.colcon_core.package_discovery:discover_packages(path) discover
[0.223s] Level 1:colcon.colcon_core.package_discovery:discover_packages(path) using defaults
[0.233s] Level 1:colcon.colcon_core.package_discovery:discover_packages(prefix_path) check parameters
[0.234s] Level 1:colcon.colcon_core.package_discovery:discover_packages(prefix_path) discover
[0.236s] DEBUG:colcon.colcon_installed_package_information.package_discovery:Found 15 installed packages in /home/comp3431/turtlebot3_ws/install
[0.237s] DEBUG:colcon.colcon_installed_package_information.package_discovery:Found 325 installed packages in /opt/ros/foxy
[0.238s] Level 1:colcon.colcon_core.package_discovery:discover_packages(prefix_path) using defaults
[0.275s] Level 5:colcon.colcon_core.verb:set package 'image_processing' build argument 'cmake_args' from command line to 'None'
[0.275s] Level 5:colcon.colcon_core.verb:set package 'image_processing' build argument 'cmake_target' from command line to 'None'
[0.275s] Level 5:colcon.colcon_core.verb:set package 'image_processing' build argument 'cmake_target_skip_unavailable' from command line to 'False'
[0.275s] Level 5:colcon.colcon_core.verb:set package 'image_processing' build argument 'cmake_clean_cache' from command line to 'False'
[0.275s] Level 5:colcon.colcon_core.verb:set package 'image_processing' build argument 'cmake_clean_first' from command line to 'False'
[0.275s] Level 5:colcon.colcon_core.verb:set package 'image_processing' build argument 'cmake_force_configure' from command line to 'False'
[0.275s] Level 5:colcon.colcon_core.verb:set package 'image_processing' build argument 'ament_cmake_args' from command line to 'None'
[0.275s] Level 5:colcon.colcon_core.verb:set package 'image_processing' build argument 'catkin_cmake_args' from command line to 'None'
[0.275s] Level 5:colcon.colcon_core.verb:set package 'image_processing' build argument 'catkin_skip_building_tests' from command line to 'False'
[0.275s] DEBUG:colcon.colcon_core.verb:Building package 'image_processing' with the following arguments: {'ament_cmake_args': None, 'build_base': '/home/comp3431/colcon4_ws/COMP3431/build/image_processing', 'catkin_cmake_args': None, 'catkin_skip_building_tests': False, 'cmake_args': None, 'cmake_clean_cache': False, 'cmake_clean_first': False, 'cmake_force_configure': False, 'cmake_target': None, 'cmake_target_skip_unavailable': False, 'install_base': '/home/comp3431/colcon4_ws/COMP3431/install/image_processing', 'merge_install': False, 'path': '/home/comp3431/colcon4_ws/COMP3431/src/image_processing', 'symlink_install': False, 'test_result_base': None}
[0.276s] Level 5:colcon.colcon_core.verb:set package 'wall_follower' build argument 'cmake_args' from command line to 'None'
[0.276s] Level 5:colcon.colcon_core.verb:set package 'wall_follower' build argument 'cmake_target' from command line to 'None'
[0.276s] Level 5:colcon.colcon_core.verb:set package 'wall_follower' build argument 'cmake_target_skip_unavailable' from command line to 'False'
[0.276s] Level 5:colcon.colcon_core.verb:set package 'wall_follower' build argument 'cmake_clean_cache' from command line to 'False'
[0.276s] Level 5:colcon.colcon_core.verb:set package 'wall_follower' build argument 'cmake_clean_first' from command line to 'False'
[0.276s] Level 5:colcon.colcon_core.verb:set package 'wall_follower' build argument 'cmake_force_configure' from command line to 'False'
[0.276s] Level 5:colcon.colcon_core.verb:set package 'wall_follower' build argument 'ament_cmake_args' from command line to 'None'
[0.276s] Level 5:colcon.colcon_core.verb:set package 'wall_follower' build argument 'catkin_cmake_args' from command line to 'None'
[0.276s] Level 5:colcon.colcon_core.verb:set package 'wall_follower' build argument 'catkin_skip_building_tests' from command line to 'False'
[0.276s] DEBUG:colcon.colcon_core.verb:Building package 'wall_follower' with the following arguments: {'ament_cmake_args': None, 'build_base': '/home/comp3431/colcon4_ws/COMP3431/build/wall_follower', 'catkin_cmake_args': None, 'catkin_skip_building_tests': False, 'cmake_args': None, 'cmake_clean_cache': False, 'cmake_clean_first': False, 'cmake_force_configure': False, 'cmake_target': None, 'cmake_target_skip_unavailable': False, 'install_base': '/home/comp3431/colcon4_ws/COMP3431/install/wall_follower', 'merge_install': False, 'path': '/home/comp3431/colcon4_ws/COMP3431/src/wall_follower', 'symlink_install': False, 'test_result_base': None}
[0.277s] INFO:colcon.colcon_core.executor:Executing jobs using 'parallel' executor
[0.279s] DEBUG:colcon.colcon_parallel_executor.executor.parallel:run_until_complete
[0.279s] INFO:colcon.colcon_ros.task.ament_python.build:Building ROS package in '/home/comp3431/colcon4_ws/COMP3431/src/image_processing' with build type 'ament_python'
[0.279s] Level 1:colcon.colcon_core.shell:create_environment_hook('image_processing', 'ament_prefix_path')
[0.281s] INFO:colcon.colcon_core.plugin_system:Skipping extension 'colcon_core.shell.bat': Not used on non-Windows systems
[0.281s] INFO:colcon.colcon_core.shell:Creating environment hook '/home/comp3431/colcon4_ws/COMP3431/install/image_processing/share/image_processing/hook/ament_prefix_path.ps1'
[0.282s] INFO:colcon.colcon_core.shell:Creating environment descriptor '/home/comp3431/colcon4_ws/COMP3431/install/image_processing/share/image_processing/hook/ament_prefix_path.dsv'
[0.282s] INFO:colcon.colcon_core.shell:Creating environment hook '/home/comp3431/colcon4_ws/COMP3431/install/image_processing/share/image_processing/hook/ament_prefix_path.sh'
[0.283s] INFO:colcon.colcon_core.shell:Skip shell extension 'powershell' for command environment: Not usable outside of PowerShell
[0.283s] DEBUG:colcon.colcon_core.shell:Skip shell extension 'dsv' for command environment
[0.288s] INFO:colcon.colcon_ros.task.ament_cmake.build:Building ROS package in '/home/comp3431/colcon4_ws/COMP3431/src/wall_follower' with build type 'ament_cmake'
[0.288s] INFO:colcon.colcon_cmake.task.cmake.build:Building CMake package in '/home/comp3431/colcon4_ws/COMP3431/src/wall_follower'
[0.289s] INFO:colcon.colcon_core.shell:Skip shell extension 'powershell' for command environment: Not usable outside of PowerShell
[0.289s] DEBUG:colcon.colcon_core.shell:Skip shell extension 'dsv' for command environment
[0.438s] INFO:colcon.colcon_core.task.python.build:Building Python package in '/home/comp3431/colcon4_ws/COMP3431/src/image_processing'
[0.439s] INFO:colcon.colcon_core.shell:Skip shell extension 'powershell' for command environment: Not usable outside of PowerShell
[0.439s] DEBUG:colcon.colcon_core.shell:Skip shell extension 'dsv' for command environment
[0.450s] DEBUG:colcon.colcon_core.event_handler.log_command:Invoking command in '/home/comp3431/colcon4_ws/COMP3431/build/wall_follower': CMAKE_PREFIX_PATH=${CMAKE_PREFIX_PATH}:/home/comp3431/turtlebot3_ws/install/turtlebot3_teleop:/home/comp3431/turtlebot3_ws/install/turtlebot3_example:/opt/ros/foxy /usr/bin/cmake --build /home/comp3431/colcon4_ws/COMP3431/build/wall_follower -- -j4 -l4
[0.527s] DEBUG:colcon.colcon_core.event_handler.log_command:Invoked command in '/home/comp3431/colcon4_ws/COMP3431/build/wall_follower' returned '0': CMAKE_PREFIX_PATH=${CMAKE_PREFIX_PATH}:/home/comp3431/turtlebot3_ws/install/turtlebot3_teleop:/home/comp3431/turtlebot3_ws/install/turtlebot3_example:/opt/ros/foxy /usr/bin/cmake --build /home/comp3431/colcon4_ws/COMP3431/build/wall_follower -- -j4 -l4
[0.564s] DEBUG:colcon.colcon_core.event_handler.log_command:Invoking command in '/home/comp3431/colcon4_ws/COMP3431/build/wall_follower': CMAKE_PREFIX_PATH=${CMAKE_PREFIX_PATH}:/home/comp3431/turtlebot3_ws/install/turtlebot3_teleop:/home/comp3431/turtlebot3_ws/install/turtlebot3_example:/opt/ros/foxy /usr/bin/cmake --install /home/comp3431/colcon4_ws/COMP3431/build/wall_follower
[0.578s] Level 1:colcon.colcon_core.environment:create_environment_scripts_only(wall_follower)
[0.579s] DEBUG:colcon.colcon_core.event_handler.log_command:Invoked command in '/home/comp3431/colcon4_ws/COMP3431/build/wall_follower' returned '0': CMAKE_PREFIX_PATH=${CMAKE_PREFIX_PATH}:/home/comp3431/turtlebot3_ws/install/turtlebot3_teleop:/home/comp3431/turtlebot3_ws/install/turtlebot3_example:/opt/ros/foxy /usr/bin/cmake --install /home/comp3431/colcon4_ws/COMP3431/build/wall_follower
[0.582s] Level 1:colcon.colcon_core.environment:checking '/home/comp3431/colcon4_ws/COMP3431/install/wall_follower' for CMake module files
[0.582s] Level 1:colcon.colcon_core.environment:checking '/home/comp3431/colcon4_ws/COMP3431/install/wall_follower' for CMake config files
[0.582s] Level 1:colcon.colcon_core.shell:create_environment_hook('wall_follower', 'cmake_prefix_path')
[0.583s] INFO:colcon.colcon_core.shell:Creating environment hook '/home/comp3431/colcon4_ws/COMP3431/install/wall_follower/share/wall_follower/hook/cmake_prefix_path.ps1'
[0.583s] INFO:colcon.colcon_core.shell:Creating environment descriptor '/home/comp3431/colcon4_ws/COMP3431/install/wall_follower/share/wall_follower/hook/cmake_prefix_path.dsv'
[0.584s] INFO:colcon.colcon_core.shell:Creating environment hook '/home/comp3431/colcon4_ws/COMP3431/install/wall_follower/share/wall_follower/hook/cmake_prefix_path.sh'
[0.584s] Level 1:colcon.colcon_core.environment:checking '/home/comp3431/colcon4_ws/COMP3431/install/wall_follower/lib'
[0.584s] Level 1:colcon.colcon_core.environment:checking '/home/comp3431/colcon4_ws/COMP3431/install/wall_follower/bin'
[0.584s] Level 1:colcon.colcon_core.environment:checking '/home/comp3431/colcon4_ws/COMP3431/install/wall_follower/lib/pkgconfig/wall_follower.pc'
[0.585s] Level 1:colcon.colcon_core.environment:checking '/home/comp3431/colcon4_ws/COMP3431/install/wall_follower/lib/python3.8/site-packages'
[0.585s] Level 1:colcon.colcon_core.environment:checking '/home/comp3431/colcon4_ws/COMP3431/install/wall_follower/bin'
[0.585s] INFO:colcon.colcon_core.shell:Creating package script '/home/comp3431/colcon4_ws/COMP3431/install/wall_follower/share/wall_follower/package.ps1'
[0.586s] INFO:colcon.colcon_core.shell:Creating package descriptor '/home/comp3431/colcon4_ws/COMP3431/install/wall_follower/share/wall_follower/package.dsv'
[0.586s] INFO:colcon.colcon_core.shell:Creating package script '/home/comp3431/colcon4_ws/COMP3431/install/wall_follower/share/wall_follower/package.sh'
[0.586s] INFO:colcon.colcon_core.shell:Creating package script '/home/comp3431/colcon4_ws/COMP3431/install/wall_follower/share/wall_follower/package.bash'
[0.587s] INFO:colcon.colcon_core.shell:Creating package script '/home/comp3431/colcon4_ws/COMP3431/install/wall_follower/share/wall_follower/package.zsh'
[0.588s] Level 1:colcon.colcon_core.environment:create_file_with_runtime_dependencies(/home/comp3431/colcon4_ws/COMP3431/install/wall_follower/share/colcon-core/packages/wall_follower)
[0.624s] Level 1:colcon.colcon_core.environment:create_environment_scripts_only(wall_follower)
[0.625s] Level 1:colcon.colcon_core.environment:checking '/home/comp3431/colcon4_ws/COMP3431/install/wall_follower' for CMake module files
[0.625s] Level 1:colcon.colcon_core.environment:checking '/home/comp3431/colcon4_ws/COMP3431/install/wall_follower' for CMake config files
[0.625s] Level 1:colcon.colcon_core.shell:create_environment_hook('wall_follower', 'cmake_prefix_path')
[0.626s] INFO:colcon.colcon_core.shell:Creating environment hook '/home/comp3431/colcon4_ws/COMP3431/install/wall_follower/share/wall_follower/hook/cmake_prefix_path.ps1'
[0.626s] INFO:colcon.colcon_core.shell:Creating environment descriptor '/home/comp3431/colcon4_ws/COMP3431/install/wall_follower/share/wall_follower/hook/cmake_prefix_path.dsv'
[0.626s] INFO:colcon.colcon_core.shell:Creating environment hook '/home/comp3431/colcon4_ws/COMP3431/install/wall_follower/share/wall_follower/hook/cmake_prefix_path.sh'
[0.627s] Level 1:colcon.colcon_core.environment:checking '/home/comp3431/colcon4_ws/COMP3431/install/wall_follower/lib'
[0.627s] Level 1:colcon.colcon_core.environment:checking '/home/comp3431/colcon4_ws/COMP3431/install/wall_follower/bin'
[0.627s] Level 1:colcon.colcon_core.environment:checking '/home/comp3431/colcon4_ws/COMP3431/install/wall_follower/lib/pkgconfig/wall_follower.pc'
[0.627s] Level 1:colcon.colcon_core.environment:checking '/home/comp3431/colcon4_ws/COMP3431/install/wall_follower/lib/python3.8/site-packages'
[0.627s] Level 1:colcon.colcon_core.environment:checking '/home/comp3431/colcon4_ws/COMP3431/install/wall_follower/bin'
[0.628s] INFO:colcon.colcon_core.shell:Creating package script '/home/comp3431/colcon4_ws/COMP3431/install/wall_follower/share/wall_follower/package.ps1'
[0.628s] INFO:colcon.colcon_core.shell:Creating package descriptor '/home/comp3431/colcon4_ws/COMP3431/install/wall_follower/share/wall_follower/package.dsv'
[0.628s] INFO:colcon.colcon_core.shell:Creating package script '/home/comp3431/colcon4_ws/COMP3431/install/wall_follower/share/wall_follower/package.sh'
[0.629s] INFO:colcon.colcon_core.shell:Creating package script '/home/comp3431/colcon4_ws/COMP3431/install/wall_follower/share/wall_follower/package.bash'
[0.629s] INFO:colcon.colcon_core.shell:Creating package script '/home/comp3431/colcon4_ws/COMP3431/install/wall_follower/share/wall_follower/package.zsh'
[0.629s] Level 1:colcon.colcon_core.environment:create_file_with_runtime_dependencies(/home/comp3431/colcon4_ws/COMP3431/install/wall_follower/share/colcon-core/packages/wall_follower)
[0.726s] DEBUG:colcon.colcon_core.event_handler.log_command:Invoking command in '/home/comp3431/colcon4_ws/COMP3431/src/image_processing': PYTHONPATH=/home/comp3431/colcon4_ws/COMP3431/build/image_processing/prefix_override:/home/comp3431/colcon4_ws/COMP3431/install/image_processing/lib/python3.8/site-packages:${PYTHONPATH} /usr/bin/python3 setup.py egg_info --egg-base ../../build/image_processing build --build-base /home/comp3431/colcon4_ws/COMP3431/build/image_processing/build install --record /home/comp3431/colcon4_ws/COMP3431/build/image_processing/install.log --install-scripts $base/lib/image_processing --single-version-externally-managed
[0.925s] Level 1:colcon.colcon_core.environment:checking '/home/comp3431/colcon4_ws/COMP3431/install/image_processing' for CMake module files
[0.926s] Level 1:colcon.colcon_core.environment:checking '/home/comp3431/colcon4_ws/COMP3431/install/image_processing' for CMake config files
[0.926s] Level 1:colcon.colcon_core.environment:checking '/home/comp3431/colcon4_ws/COMP3431/install/image_processing/lib'
[0.926s] Level 1:colcon.colcon_core.environment:checking '/home/comp3431/colcon4_ws/COMP3431/install/image_processing/bin'
[0.926s] Level 1:colcon.colcon_core.environment:checking '/home/comp3431/colcon4_ws/COMP3431/install/image_processing/lib/pkgconfig/image_processing.pc'
[0.926s] Level 1:colcon.colcon_core.environment:checking '/home/comp3431/colcon4_ws/COMP3431/install/image_processing/lib/python3.8/site-packages'
[0.926s] Level 1:colcon.colcon_core.shell:create_environment_hook('image_processing', 'pythonpath')
[0.927s] INFO:colcon.colcon_core.shell:Creating environment hook '/home/comp3431/colcon4_ws/COMP3431/install/image_processing/share/image_processing/hook/pythonpath.ps1'
[0.928s] INFO:colcon.colcon_core.shell:Creating environment descriptor '/home/comp3431/colcon4_ws/COMP3431/install/image_processing/share/image_processing/hook/pythonpath.dsv'
[0.928s] INFO:colcon.colcon_core.shell:Creating environment hook '/home/comp3431/colcon4_ws/COMP3431/install/image_processing/share/image_processing/hook/pythonpath.sh'
[0.928s] Level 1:colcon.colcon_core.environment:checking '/home/comp3431/colcon4_ws/COMP3431/install/image_processing/bin'
[0.928s] Level 1:colcon.colcon_core.environment:create_environment_scripts_only(image_processing)
[0.929s] INFO:colcon.colcon_core.shell:Creating package script '/home/comp3431/colcon4_ws/COMP3431/install/image_processing/share/image_processing/package.ps1'
[0.930s] INFO:colcon.colcon_core.shell:Creating package descriptor '/home/comp3431/colcon4_ws/COMP3431/install/image_processing/share/image_processing/package.dsv'
[0.930s] INFO:colcon.colcon_core.shell:Creating package script '/home/comp3431/colcon4_ws/COMP3431/install/image_processing/share/image_processing/package.sh'
[0.930s] INFO:colcon.colcon_core.shell:Creating package script '/home/comp3431/colcon4_ws/COMP3431/install/image_processing/share/image_processing/package.bash'
[0.930s] INFO:colcon.colcon_core.shell:Creating package script '/home/comp3431/colcon4_ws/COMP3431/install/image_processing/share/image_processing/package.zsh'
[0.931s] Level 1:colcon.colcon_core.environment:create_file_with_runtime_dependencies(/home/comp3431/colcon4_ws/COMP3431/install/image_processing/share/colcon-core/packages/image_processing)
[0.931s] DEBUG:colcon.colcon_parallel_executor.executor.parallel:closing loop
[0.931s] DEBUG:colcon.colcon_parallel_executor.executor.parallel:loop closed
[0.931s] DEBUG:colcon.colcon_parallel_executor.executor.parallel:run_until_complete finished with '0'
[0.931s] DEBUG:colcon.colcon_core.event_reactor:joining thread
[0.931s] DEBUG:colcon.colcon_core.event_handler.log_command:Invoked command in '/home/comp3431/colcon4_ws/COMP3431/src/image_processing' returned '0': PYTHONPATH=/home/comp3431/colcon4_ws/COMP3431/build/image_processing/prefix_override:/home/comp3431/colcon4_ws/COMP3431/install/image_processing/lib/python3.8/site-packages:${PYTHONPATH} /usr/bin/python3 setup.py egg_info --egg-base ../../build/image_processing build --build-base /home/comp3431/colcon4_ws/COMP3431/build/image_processing/build install --record /home/comp3431/colcon4_ws/COMP3431/build/image_processing/install.log --install-scripts $base/lib/image_processing --single-version-externally-managed
[0.935s] INFO:colcon.colcon_core.plugin_system:Skipping extension 'colcon_notification.desktop_notification.terminal_notifier': Not used on non-Darwin systems
[0.935s] INFO:colcon.colcon_core.plugin_system:Skipping extension 'colcon_notification.desktop_notification.win32': Not used on non-Windows systems
[0.935s] INFO:colcon.colcon_notification.desktop_notification:Sending desktop notification using 'notify2'
[0.946s] DEBUG:colcon.colcon_core.event_reactor:joined thread
[0.946s] INFO:colcon.colcon_core.shell:Creating prefix script '/home/comp3431/colcon4_ws/COMP3431/install/local_setup.ps1'
[0.947s] INFO:colcon.colcon_core.shell:Creating prefix util module '/home/comp3431/colcon4_ws/COMP3431/install/_local_setup_util_ps1.py'
[0.948s] INFO:colcon.colcon_core.shell:Creating prefix chain script '/home/comp3431/colcon4_ws/COMP3431/install/setup.ps1'
[0.950s] INFO:colcon.colcon_core.shell:Creating prefix script '/home/comp3431/colcon4_ws/COMP3431/install/local_setup.sh'
[0.950s] INFO:colcon.colcon_core.shell:Creating prefix util module '/home/comp3431/colcon4_ws/COMP3431/install/_local_setup_util_sh.py'
[0.951s] INFO:colcon.colcon_core.shell:Creating prefix chain script '/home/comp3431/colcon4_ws/COMP3431/install/setup.sh'
[0.952s] INFO:colcon.colcon_core.shell:Creating prefix script '/home/comp3431/colcon4_ws/COMP3431/install/local_setup.bash'
[0.952s] INFO:colcon.colcon_core.shell:Creating prefix chain script '/home/comp3431/colcon4_ws/COMP3431/install/setup.bash'
[0.953s] INFO:colcon.colcon_core.shell:Creating prefix script '/home/comp3431/colcon4_ws/COMP3431/install/local_setup.zsh'
[0.953s] INFO:colcon.colcon_core.shell:Creating prefix chain script '/home/comp3431/colcon4_ws/COMP3431/install/setup.zsh'
