[0.449s] Invoking command in '/home/comp3431/colcon4_ws/COMP3431/src/image_processing': PYTHONPATH=/home/comp3431/colcon4_ws/COMP3431/build/image_processing/prefix_override:/home/comp3431/colcon4_ws/COMP3431/install/image_processing/lib/python3.8/site-packages:${PYTHONPATH} /usr/bin/python3 setup.py egg_info --egg-base ../../build/image_processing build --build-base /home/comp3431/colcon4_ws/COMP3431/build/image_processing/build install --record /home/comp3431/colcon4_ws/COMP3431/build/image_processing/install.log --install-scripts $base/lib/image_processing --single-version-externally-managed
[0.580s] running egg_info
[0.581s] writing ../../build/image_processing/image_processing.egg-info/PKG-INFO
[0.581s] writing dependency_links to ../../build/image_processing/image_processing.egg-info/dependency_links.txt
[0.581s] writing entry points to ../../build/image_processing/image_processing.egg-info/entry_points.txt
[0.581s] writing requirements to ../../build/image_processing/image_processing.egg-info/requires.txt
[0.581s] writing top-level names to ../../build/image_processing/image_processing.egg-info/top_level.txt
[0.600s] reading manifest file '../../build/image_processing/image_processing.egg-info/SOURCES.txt'
[0.600s] writing manifest file '../../build/image_processing/image_processing.egg-info/SOURCES.txt'
[0.601s] running build
[0.601s] running build_py
[0.601s] copying image_processing/detect_color_publisher.py -> /home/comp3431/colcon4_ws/COMP3431/build/image_processing/build/lib/image_processing
[0.601s] running install
[0.601s] running install_lib
[0.602s] copying /home/comp3431/colcon4_ws/COMP3431/build/image_processing/build/lib/image_processing/detect_color_publisher.py -> /home/comp3431/colcon4_ws/COMP3431/install/image_processing/lib/python3.8/site-packages/image_processing
[0.602s] byte-compiling /home/comp3431/colcon4_ws/COMP3431/install/image_processing/lib/python3.8/site-packages/image_processing/detect_color_publisher.py to detect_color_publisher.cpython-38.pyc
[0.604s] running install_data
[0.604s] running install_egg_info
[0.606s] removing '/home/comp3431/colcon4_ws/COMP3431/install/image_processing/lib/python3.8/site-packages/image_processing-0.0.0-py3.8.egg-info' (and everything under it)
[0.606s] Copying ../../build/image_processing/image_processing.egg-info to /home/comp3431/colcon4_ws/COMP3431/install/image_processing/lib/python3.8/site-packages/image_processing-0.0.0-py3.8.egg-info
[0.606s] running install_scripts
[0.629s] Installing image_processing script to /home/comp3431/colcon4_ws/COMP3431/install/image_processing/lib/image_processing
[0.629s] writing list of installed files to '/home/comp3431/colcon4_ws/COMP3431/build/image_processing/install.log'
[0.642s] Invoked command in '/home/comp3431/colcon4_ws/COMP3431/src/image_processing' returned '0': PYTHONPATH=/home/comp3431/colcon4_ws/COMP3431/build/image_processing/prefix_override:/home/comp3431/colcon4_ws/COMP3431/install/image_processing/lib/python3.8/site-packages:${PYTHONPATH} /usr/bin/python3 setup.py egg_info --egg-base ../../build/image_processing build --build-base /home/comp3431/colcon4_ws/COMP3431/build/image_processing/build install --record /home/comp3431/colcon4_ws/COMP3431/build/image_processing/install.log --install-scripts $base/lib/image_processing --single-version-externally-managed
