[0.148s] DEBUG:colcon:Command line arguments: ['/usr/bin/colcon', 'build']
[0.148s] DEBUG:colcon:Parsed command line arguments: Namespace(allow_overriding=[], ament_cmake_args=None, base_paths=['.'], build_base='build', catkin_cmake_args=None, catkin_skip_building_tests=False, cmake_args=None, cmake_clean_cache=False, cmake_clean_first=False, cmake_force_configure=False, cmake_target=None, cmake_target_skip_unavailable=False, continue_on_error=False, event_handlers=None, executor='parallel', ignore_user_meta=False, install_base='install', log_base=None, log_level=None, main=<bound method BuildVerb.main of <colcon_core.verb.build.BuildVerb object at 0xffff848d0e80>>, merge_install=False, metas=['./colcon.meta'], packages_above=None, packages_above_and_dependencies=None, packages_above_depth=None, packages_end=None, packages_ignore=None, packages_ignore_regex=None, packages_select=None, packages_select_build_failed=False, packages_select_by_dep=None, packages_select_regex=None, packages_select_test_failures=False, packages_skip=None, packages_skip_build_finished=False, packages_skip_by_dep=None, packages_skip_regex=None, packages_skip_test_passed=False, packages_skip_up_to=None, packages_start=None, packages_up_to=None, packages_up_to_regex=None, parallel_workers=4, paths=None, symlink_install=False, test_result_base=None, verb_extension=<colcon_core.verb.build.BuildVerb object at 0xffff848d0e80>, verb_name='build', verb_parser=<colcon_defaults.argument_parser.defaults.DefaultArgumentsDecorator object at 0xffff848de430>)
[0.177s] Level 1:colcon.colcon_core.package_discovery:discover_packages(colcon_meta) check parameters
[0.177s] Level 1:colcon.colcon_core.package_discovery:discover_packages(recursive) check parameters
[0.177s] Level 1:colcon.colcon_core.package_discovery:discover_packages(ignore) check parameters
[0.177s] Level 1:colcon.colcon_core.package_discovery:discover_packages(path) check parameters
[0.177s] Level 1:colcon.colcon_core.package_discovery:discover_packages(colcon_meta) discover
[0.177s] Level 1:colcon.colcon_core.package_discovery:discover_packages(recursive) discover
[0.177s] INFO:colcon.colcon_core.package_discovery:Crawling recursively for packages in '/home/comp3431/colcon4_ws/COMP3431'
[0.177s] Level 1:colcon.colcon_core.package_identification:_identify(.) by extensions ['ignore', 'ignore_ament_install']
[0.177s] Level 1:colcon.colcon_core.package_identification:_identify(.) by extension 'ignore'
[0.177s] Level 1:colcon.colcon_core.package_identification:_identify(.) by extension 'ignore_ament_install'
[0.177s] Level 1:colcon.colcon_core.package_identification:_identify(.) by extensions ['colcon_pkg']
[0.177s] Level 1:colcon.colcon_core.package_identification:_identify(.) by extension 'colcon_pkg'
[0.177s] Level 1:colcon.colcon_core.package_identification:_identify(.) by extensions ['colcon_meta']
[0.177s] Level 1:colcon.colcon_core.package_identification:_identify(.) by extension 'colcon_meta'
[0.177s] Level 1:colcon.colcon_core.package_identification:_identify(.) by extensions ['ros']
[0.177s] Level 1:colcon.colcon_core.package_identification:_identify(.) by extension 'ros'
[0.187s] Level 1:colcon.colcon_core.package_identification:_identify(.) by extensions ['cmake', 'python']
[0.187s] Level 1:colcon.colcon_core.package_identification:_identify(.) by extension 'cmake'
[0.187s] Level 1:colcon.colcon_core.package_identification:_identify(.) by extension 'python'
[0.187s] Level 1:colcon.colcon_core.package_identification:_identify(.) by extensions ['python_setup_py']
[0.187s] Level 1:colcon.colcon_core.package_identification:_identify(.) by extension 'python_setup_py'
[0.187s] Level 1:colcon.colcon_core.package_identification:_identify(Mazes) by extensions ['ignore', 'ignore_ament_install']
[0.187s] Level 1:colcon.colcon_core.package_identification:_identify(Mazes) by extension 'ignore'
[0.187s] Level 1:colcon.colcon_core.package_identification:_identify(Mazes) by extension 'ignore_ament_install'
[0.187s] Level 1:colcon.colcon_core.package_identification:_identify(Mazes) by extensions ['colcon_pkg']
[0.187s] Level 1:colcon.colcon_core.package_identification:_identify(Mazes) by extension 'colcon_pkg'
[0.187s] Level 1:colcon.colcon_core.package_identification:_identify(Mazes) by extensions ['colcon_meta']
[0.187s] Level 1:colcon.colcon_core.package_identification:_identify(Mazes) by extension 'colcon_meta'
[0.187s] Level 1:colcon.colcon_core.package_identification:_identify(Mazes) by extensions ['ros']
[0.187s] Level 1:colcon.colcon_core.package_identification:_identify(Mazes) by extension 'ros'
[0.187s] Level 1:colcon.colcon_core.package_identification:_identify(Mazes) by extensions ['cmake', 'python']
[0.187s] Level 1:colcon.colcon_core.package_identification:_identify(Mazes) by extension 'cmake'
[0.187s] Level 1:colcon.colcon_core.package_identification:_identify(Mazes) by extension 'python'
[0.187s] Level 1:colcon.colcon_core.package_identification:_identify(Mazes) by extensions ['python_setup_py']
[0.187s] Level 1:colcon.colcon_core.package_identification:_identify(Mazes) by extension 'python_setup_py'
[0.187s] Level 1:colcon.colcon_core.package_identification:_identify(Mazes/BushMaze2) by extensions ['ignore', 'ignore_ament_install']
[0.187s] Level 1:colcon.colcon_core.package_identification:_identify(Mazes/BushMaze2) by extension 'ignore'
[0.187s] Level 1:colcon.colcon_core.package_identification:_identify(Mazes/BushMaze2) by extension 'ignore_ament_install'
[0.187s] Level 1:colcon.colcon_core.package_identification:_identify(Mazes/BushMaze2) by extensions ['colcon_pkg']
[0.187s] Level 1:colcon.colcon_core.package_identification:_identify(Mazes/BushMaze2) by extension 'colcon_pkg'
[0.187s] Level 1:colcon.colcon_core.package_identification:_identify(Mazes/BushMaze2) by extensions ['colcon_meta']
[0.187s] Level 1:colcon.colcon_core.package_identification:_identify(Mazes/BushMaze2) by extension 'colcon_meta'
[0.187s] Level 1:colcon.colcon_core.package_identification:_identify(Mazes/BushMaze2) by extensions ['ros']
[0.187s] Level 1:colcon.colcon_core.package_identification:_identify(Mazes/BushMaze2) by extension 'ros'
[0.187s] Level 1:colcon.colcon_core.package_identification:_identify(Mazes/BushMaze2) by extensions ['cmake', 'python']
[0.187s] Level 1:colcon.colcon_core.package_identification:_identify(Mazes/BushMaze2) by extension 'cmake'
[0.187s] Level 1:colcon.colcon_core.package_identification:_identify(Mazes/BushMaze2) by extension 'python'
[0.187s] Level 1:colcon.colcon_core.package_identification:_identify(Mazes/BushMaze2) by extensions ['python_setup_py']
[0.187s] Level 1:colcon.colcon_core.package_identification:_identify(Mazes/BushMaze2) by extension 'python_setup_py'
[0.187s] Level 1:colcon.colcon_core.package_identification:_identify(Mazes/Demo) by extensions ['ignore', 'ignore_ament_install']
[0.187s] Level 1:colcon.colcon_core.package_identification:_identify(Mazes/Demo) by extension 'ignore'
[0.187s] Level 1:colcon.colcon_core.package_identification:_identify(Mazes/Demo) by extension 'ignore_ament_install'
[0.188s] Level 1:colcon.colcon_core.package_identification:_identify(Mazes/Demo) by extensions ['colcon_pkg']
[0.188s] Level 1:colcon.colcon_core.package_identification:_identify(Mazes/Demo) by extension 'colcon_pkg'
[0.188s] Level 1:colcon.colcon_core.package_identification:_identify(Mazes/Demo) by extensions ['colcon_meta']
[0.188s] Level 1:colcon.colcon_core.package_identification:_identify(Mazes/Demo) by extension 'colcon_meta'
[0.188s] Level 1:colcon.colcon_core.package_identification:_identify(Mazes/Demo) by extensions ['ros']
[0.188s] Level 1:colcon.colcon_core.package_identification:_identify(Mazes/Demo) by extension 'ros'
[0.188s] Level 1:colcon.colcon_core.package_identification:_identify(Mazes/Demo) by extensions ['cmake', 'python']
[0.188s] Level 1:colcon.colcon_core.package_identification:_identify(Mazes/Demo) by extension 'cmake'
[0.188s] Level 1:colcon.colcon_core.package_identification:_identify(Mazes/Demo) by extension 'python'
[0.188s] Level 1:colcon.colcon_core.package_identification:_identify(Mazes/Demo) by extensions ['python_setup_py']
[0.188s] Level 1:colcon.colcon_core.package_identification:_identify(Mazes/Demo) by extension 'python_setup_py'
[0.188s] Level 1:colcon.colcon_core.package_identification:_identify(Mazes/LoopMaze) by extensions ['ignore', 'ignore_ament_install']
[0.188s] Level 1:colcon.colcon_core.package_identification:_identify(Mazes/LoopMaze) by extension 'ignore'
[0.188s] Level 1:colcon.colcon_core.package_identification:_identify(Mazes/LoopMaze) by extension 'ignore_ament_install'
[0.188s] Level 1:colcon.colcon_core.package_identification:_identify(Mazes/LoopMaze) by extensions ['colcon_pkg']
[0.188s] Level 1:colcon.colcon_core.package_identification:_identify(Mazes/LoopMaze) by extension 'colcon_pkg'
[0.188s] Level 1:colcon.colcon_core.package_identification:_identify(Mazes/LoopMaze) by extensions ['colcon_meta']
[0.188s] Level 1:colcon.colcon_core.package_identification:_identify(Mazes/LoopMaze) by extension 'colcon_meta'
[0.188s] Level 1:colcon.colcon_core.package_identification:_identify(Mazes/LoopMaze) by extensions ['ros']
[0.188s] Level 1:colcon.colcon_core.package_identification:_identify(Mazes/LoopMaze) by extension 'ros'
[0.188s] Level 1:colcon.colcon_core.package_identification:_identify(Mazes/LoopMaze) by extensions ['cmake', 'python']
[0.188s] Level 1:colcon.colcon_core.package_identification:_identify(Mazes/LoopMaze) by extension 'cmake'
[0.188s] Level 1:colcon.colcon_core.package_identification:_identify(Mazes/LoopMaze) by extension 'python'
[0.188s] Level 1:colcon.colcon_core.package_identification:_identify(Mazes/LoopMaze) by extensions ['python_setup_py']
[0.188s] Level 1:colcon.colcon_core.package_identification:_identify(Mazes/LoopMaze) by extension 'python_setup_py'
[0.188s] Level 1:colcon.colcon_core.package_identification:_identify(Mazes/Simple2Walls) by extensions ['ignore', 'ignore_ament_install']
[0.188s] Level 1:colcon.colcon_core.package_identification:_identify(Mazes/Simple2Walls) by extension 'ignore'
[0.188s] Level 1:colcon.colcon_core.package_identification:_identify(Mazes/Simple2Walls) by extension 'ignore_ament_install'
[0.188s] Level 1:colcon.colcon_core.package_identification:_identify(Mazes/Simple2Walls) by extensions ['colcon_pkg']
[0.188s] Level 1:colcon.colcon_core.package_identification:_identify(Mazes/Simple2Walls) by extension 'colcon_pkg'
[0.188s] Level 1:colcon.colcon_core.package_identification:_identify(Mazes/Simple2Walls) by extensions ['colcon_meta']
[0.188s] Level 1:colcon.colcon_core.package_identification:_identify(Mazes/Simple2Walls) by extension 'colcon_meta'
[0.188s] Level 1:colcon.colcon_core.package_identification:_identify(Mazes/Simple2Walls) by extensions ['ros']
[0.188s] Level 1:colcon.colcon_core.package_identification:_identify(Mazes/Simple2Walls) by extension 'ros'
[0.188s] Level 1:colcon.colcon_core.package_identification:_identify(Mazes/Simple2Walls) by extensions ['cmake', 'python']
[0.188s] Level 1:colcon.colcon_core.package_identification:_identify(Mazes/Simple2Walls) by extension 'cmake'
[0.188s] Level 1:colcon.colcon_core.package_identification:_identify(Mazes/Simple2Walls) by extension 'python'
[0.188s] Level 1:colcon.colcon_core.package_identification:_identify(Mazes/Simple2Walls) by extensions ['python_setup_py']
[0.188s] Level 1:colcon.colcon_core.package_identification:_identify(Mazes/Simple2Walls) by extension 'python_setup_py'
[0.188s] Level 1:colcon.colcon_core.package_identification:_identify(Mazes/T-junction) by extensions ['ignore', 'ignore_ament_install']
[0.188s] Level 1:colcon.colcon_core.package_identification:_identify(Mazes/T-junction) by extension 'ignore'
[0.188s] Level 1:colcon.colcon_core.package_identification:_identify(Mazes/T-junction) by extension 'ignore_ament_install'
[0.188s] Level 1:colcon.colcon_core.package_identification:_identify(Mazes/T-junction) by extensions ['colcon_pkg']
[0.188s] Level 1:colcon.colcon_core.package_identification:_identify(Mazes/T-junction) by extension 'colcon_pkg'
[0.188s] Level 1:colcon.colcon_core.package_identification:_identify(Mazes/T-junction) by extensions ['colcon_meta']
[0.188s] Level 1:colcon.colcon_core.package_identification:_identify(Mazes/T-junction) by extension 'colcon_meta'
[0.188s] Level 1:colcon.colcon_core.package_identification:_identify(Mazes/T-junction) by extensions ['ros']
[0.188s] Level 1:colcon.colcon_core.package_identification:_identify(Mazes/T-junction) by extension 'ros'
[0.188s] Level 1:colcon.colcon_core.package_identification:_identify(Mazes/T-junction) by extensions ['cmake', 'python']
[0.188s] Level 1:colcon.colcon_core.package_identification:_identify(Mazes/T-junction) by extension 'cmake'
[0.188s] Level 1:colcon.colcon_core.package_identification:_identify(Mazes/T-junction) by extension 'python'
[0.188s] Level 1:colcon.colcon_core.package_identification:_identify(Mazes/T-junction) by extensions ['python_setup_py']
[0.188s] Level 1:colcon.colcon_core.package_identification:_identify(Mazes/T-junction) by extension 'python_setup_py'
[0.189s] Level 1:colcon.colcon_core.package_identification:_identify(build) by extensions ['ignore', 'ignore_ament_install']
[0.189s] Level 1:colcon.colcon_core.package_identification:_identify(build) by extension 'ignore'
[0.189s] Level 1:colcon.colcon_core.package_identification:_identify(build) ignored
[0.189s] Level 1:colcon.colcon_core.package_identification:_identify(install) by extensions ['ignore', 'ignore_ament_install']
[0.189s] Level 1:colcon.colcon_core.package_identification:_identify(install) by extension 'ignore'
[0.189s] Level 1:colcon.colcon_core.package_identification:_identify(install) ignored
[0.189s] Level 1:colcon.colcon_core.package_identification:_identify(log) by extensions ['ignore', 'ignore_ament_install']
[0.189s] Level 1:colcon.colcon_core.package_identification:_identify(log) by extension 'ignore'
[0.189s] Level 1:colcon.colcon_core.package_identification:_identify(log) ignored
[0.189s] Level 1:colcon.colcon_core.package_identification:_identify(models) by extensions ['ignore', 'ignore_ament_install']
[0.189s] Level 1:colcon.colcon_core.package_identification:_identify(models) by extension 'ignore'
[0.189s] Level 1:colcon.colcon_core.package_identification:_identify(models) by extension 'ignore_ament_install'
[0.189s] Level 1:colcon.colcon_core.package_identification:_identify(models) by extensions ['colcon_pkg']
[0.189s] Level 1:colcon.colcon_core.package_identification:_identify(models) by extension 'colcon_pkg'
[0.189s] Level 1:colcon.colcon_core.package_identification:_identify(models) by extensions ['colcon_meta']
[0.189s] Level 1:colcon.colcon_core.package_identification:_identify(models) by extension 'colcon_meta'
[0.189s] Level 1:colcon.colcon_core.package_identification:_identify(models) by extensions ['ros']
[0.189s] Level 1:colcon.colcon_core.package_identification:_identify(models) by extension 'ros'
[0.189s] Level 1:colcon.colcon_core.package_identification:_identify(models) by extensions ['cmake', 'python']
[0.189s] Level 1:colcon.colcon_core.package_identification:_identify(models) by extension 'cmake'
[0.189s] Level 1:colcon.colcon_core.package_identification:_identify(models) by extension 'python'
[0.189s] Level 1:colcon.colcon_core.package_identification:_identify(models) by extensions ['python_setup_py']
[0.189s] Level 1:colcon.colcon_core.package_identification:_identify(models) by extension 'python_setup_py'
[0.189s] Level 1:colcon.colcon_core.package_identification:_identify(models/Cylinder1) by extensions ['ignore', 'ignore_ament_install']
[0.189s] Level 1:colcon.colcon_core.package_identification:_identify(models/Cylinder1) by extension 'ignore'
[0.189s] Level 1:colcon.colcon_core.package_identification:_identify(models/Cylinder1) by extension 'ignore_ament_install'
[0.189s] Level 1:colcon.colcon_core.package_identification:_identify(models/Cylinder1) by extensions ['colcon_pkg']
[0.189s] Level 1:colcon.colcon_core.package_identification:_identify(models/Cylinder1) by extension 'colcon_pkg'
[0.189s] Level 1:colcon.colcon_core.package_identification:_identify(models/Cylinder1) by extensions ['colcon_meta']
[0.189s] Level 1:colcon.colcon_core.package_identification:_identify(models/Cylinder1) by extension 'colcon_meta'
[0.189s] Level 1:colcon.colcon_core.package_identification:_identify(models/Cylinder1) by extensions ['ros']
[0.189s] Level 1:colcon.colcon_core.package_identification:_identify(models/Cylinder1) by extension 'ros'
[0.189s] Level 1:colcon.colcon_core.package_identification:_identify(models/Cylinder1) by extensions ['cmake', 'python']
[0.189s] Level 1:colcon.colcon_core.package_identification:_identify(models/Cylinder1) by extension 'cmake'
[0.189s] Level 1:colcon.colcon_core.package_identification:_identify(models/Cylinder1) by extension 'python'
[0.189s] Level 1:colcon.colcon_core.package_identification:_identify(models/Cylinder1) by extensions ['python_setup_py']
[0.189s] Level 1:colcon.colcon_core.package_identification:_identify(models/Cylinder1) by extension 'python_setup_py'
[0.189s] Level 1:colcon.colcon_core.package_identification:_identify(models/Cylinder10) by extensions ['ignore', 'ignore_ament_install']
[0.189s] Level 1:colcon.colcon_core.package_identification:_identify(models/Cylinder10) by extension 'ignore'
[0.189s] Level 1:colcon.colcon_core.package_identification:_identify(models/Cylinder10) by extension 'ignore_ament_install'
[0.189s] Level 1:colcon.colcon_core.package_identification:_identify(models/Cylinder10) by extensions ['colcon_pkg']
[0.189s] Level 1:colcon.colcon_core.package_identification:_identify(models/Cylinder10) by extension 'colcon_pkg'
[0.189s] Level 1:colcon.colcon_core.package_identification:_identify(models/Cylinder10) by extensions ['colcon_meta']
[0.189s] Level 1:colcon.colcon_core.package_identification:_identify(models/Cylinder10) by extension 'colcon_meta'
[0.189s] Level 1:colcon.colcon_core.package_identification:_identify(models/Cylinder10) by extensions ['ros']
[0.189s] Level 1:colcon.colcon_core.package_identification:_identify(models/Cylinder10) by extension 'ros'
[0.189s] Level 1:colcon.colcon_core.package_identification:_identify(models/Cylinder10) by extensions ['cmake', 'python']
[0.189s] Level 1:colcon.colcon_core.package_identification:_identify(models/Cylinder10) by extension 'cmake'
[0.189s] Level 1:colcon.colcon_core.package_identification:_identify(models/Cylinder10) by extension 'python'
[0.190s] Level 1:colcon.colcon_core.package_identification:_identify(models/Cylinder10) by extensions ['python_setup_py']
[0.190s] Level 1:colcon.colcon_core.package_identification:_identify(models/Cylinder10) by extension 'python_setup_py'
[0.190s] Level 1:colcon.colcon_core.package_identification:_identify(models/Cylinder2) by extensions ['ignore', 'ignore_ament_install']
[0.190s] Level 1:colcon.colcon_core.package_identification:_identify(models/Cylinder2) by extension 'ignore'
[0.190s] Level 1:colcon.colcon_core.package_identification:_identify(models/Cylinder2) by extension 'ignore_ament_install'
[0.190s] Level 1:colcon.colcon_core.package_identification:_identify(models/Cylinder2) by extensions ['colcon_pkg']
[0.190s] Level 1:colcon.colcon_core.package_identification:_identify(models/Cylinder2) by extension 'colcon_pkg'
[0.190s] Level 1:colcon.colcon_core.package_identification:_identify(models/Cylinder2) by extensions ['colcon_meta']
[0.190s] Level 1:colcon.colcon_core.package_identification:_identify(models/Cylinder2) by extension 'colcon_meta'
[0.190s] Level 1:colcon.colcon_core.package_identification:_identify(models/Cylinder2) by extensions ['ros']
[0.190s] Level 1:colcon.colcon_core.package_identification:_identify(models/Cylinder2) by extension 'ros'
[0.190s] Level 1:colcon.colcon_core.package_identification:_identify(models/Cylinder2) by extensions ['cmake', 'python']
[0.190s] Level 1:colcon.colcon_core.package_identification:_identify(models/Cylinder2) by extension 'cmake'
[0.190s] Level 1:colcon.colcon_core.package_identification:_identify(models/Cylinder2) by extension 'python'
[0.190s] Level 1:colcon.colcon_core.package_identification:_identify(models/Cylinder2) by extensions ['python_setup_py']
[0.190s] Level 1:colcon.colcon_core.package_identification:_identify(models/Cylinder2) by extension 'python_setup_py'
[0.190s] Level 1:colcon.colcon_core.package_identification:_identify(models/Cylinder3) by extensions ['ignore', 'ignore_ament_install']
[0.190s] Level 1:colcon.colcon_core.package_identification:_identify(models/Cylinder3) by extension 'ignore'
[0.190s] Level 1:colcon.colcon_core.package_identification:_identify(models/Cylinder3) by extension 'ignore_ament_install'
[0.190s] Level 1:colcon.colcon_core.package_identification:_identify(models/Cylinder3) by extensions ['colcon_pkg']
[0.190s] Level 1:colcon.colcon_core.package_identification:_identify(models/Cylinder3) by extension 'colcon_pkg'
[0.190s] Level 1:colcon.colcon_core.package_identification:_identify(models/Cylinder3) by extensions ['colcon_meta']
[0.190s] Level 1:colcon.colcon_core.package_identification:_identify(models/Cylinder3) by extension 'colcon_meta'
[0.190s] Level 1:colcon.colcon_core.package_identification:_identify(models/Cylinder3) by extensions ['ros']
[0.190s] Level 1:colcon.colcon_core.package_identification:_identify(models/Cylinder3) by extension 'ros'
[0.190s] Level 1:colcon.colcon_core.package_identification:_identify(models/Cylinder3) by extensions ['cmake', 'python']
[0.190s] Level 1:colcon.colcon_core.package_identification:_identify(models/Cylinder3) by extension 'cmake'
[0.190s] Level 1:colcon.colcon_core.package_identification:_identify(models/Cylinder3) by extension 'python'
[0.190s] Level 1:colcon.colcon_core.package_identification:_identify(models/Cylinder3) by extensions ['python_setup_py']
[0.190s] Level 1:colcon.colcon_core.package_identification:_identify(models/Cylinder3) by extension 'python_setup_py'
[0.190s] Level 1:colcon.colcon_core.package_identification:_identify(models/Cylinder4) by extensions ['ignore', 'ignore_ament_install']
[0.190s] Level 1:colcon.colcon_core.package_identification:_identify(models/Cylinder4) by extension 'ignore'
[0.190s] Level 1:colcon.colcon_core.package_identification:_identify(models/Cylinder4) by extension 'ignore_ament_install'
[0.190s] Level 1:colcon.colcon_core.package_identification:_identify(models/Cylinder4) by extensions ['colcon_pkg']
[0.190s] Level 1:colcon.colcon_core.package_identification:_identify(models/Cylinder4) by extension 'colcon_pkg'
[0.190s] Level 1:colcon.colcon_core.package_identification:_identify(models/Cylinder4) by extensions ['colcon_meta']
[0.190s] Level 1:colcon.colcon_core.package_identification:_identify(models/Cylinder4) by extension 'colcon_meta'
[0.190s] Level 1:colcon.colcon_core.package_identification:_identify(models/Cylinder4) by extensions ['ros']
[0.190s] Level 1:colcon.colcon_core.package_identification:_identify(models/Cylinder4) by extension 'ros'
[0.190s] Level 1:colcon.colcon_core.package_identification:_identify(models/Cylinder4) by extensions ['cmake', 'python']
[0.190s] Level 1:colcon.colcon_core.package_identification:_identify(models/Cylinder4) by extension 'cmake'
[0.190s] Level 1:colcon.colcon_core.package_identification:_identify(models/Cylinder4) by extension 'python'
[0.190s] Level 1:colcon.colcon_core.package_identification:_identify(models/Cylinder4) by extensions ['python_setup_py']
[0.190s] Level 1:colcon.colcon_core.package_identification:_identify(models/Cylinder4) by extension 'python_setup_py'
[0.190s] Level 1:colcon.colcon_core.package_identification:_identify(models/Cylinder5) by extensions ['ignore', 'ignore_ament_install']
[0.190s] Level 1:colcon.colcon_core.package_identification:_identify(models/Cylinder5) by extension 'ignore'
[0.190s] Level 1:colcon.colcon_core.package_identification:_identify(models/Cylinder5) by extension 'ignore_ament_install'
[0.190s] Level 1:colcon.colcon_core.package_identification:_identify(models/Cylinder5) by extensions ['colcon_pkg']
[0.190s] Level 1:colcon.colcon_core.package_identification:_identify(models/Cylinder5) by extension 'colcon_pkg'
[0.190s] Level 1:colcon.colcon_core.package_identification:_identify(models/Cylinder5) by extensions ['colcon_meta']
[0.190s] Level 1:colcon.colcon_core.package_identification:_identify(models/Cylinder5) by extension 'colcon_meta'
[0.190s] Level 1:colcon.colcon_core.package_identification:_identify(models/Cylinder5) by extensions ['ros']
[0.190s] Level 1:colcon.colcon_core.package_identification:_identify(models/Cylinder5) by extension 'ros'
[0.191s] Level 1:colcon.colcon_core.package_identification:_identify(models/Cylinder5) by extensions ['cmake', 'python']
[0.191s] Level 1:colcon.colcon_core.package_identification:_identify(models/Cylinder5) by extension 'cmake'
[0.191s] Level 1:colcon.colcon_core.package_identification:_identify(models/Cylinder5) by extension 'python'
[0.191s] Level 1:colcon.colcon_core.package_identification:_identify(models/Cylinder5) by extensions ['python_setup_py']
[0.191s] Level 1:colcon.colcon_core.package_identification:_identify(models/Cylinder5) by extension 'python_setup_py'
[0.191s] Level 1:colcon.colcon_core.package_identification:_identify(models/Cylinder6) by extensions ['ignore', 'ignore_ament_install']
[0.191s] Level 1:colcon.colcon_core.package_identification:_identify(models/Cylinder6) by extension 'ignore'
[0.191s] Level 1:colcon.colcon_core.package_identification:_identify(models/Cylinder6) by extension 'ignore_ament_install'
[0.191s] Level 1:colcon.colcon_core.package_identification:_identify(models/Cylinder6) by extensions ['colcon_pkg']
[0.191s] Level 1:colcon.colcon_core.package_identification:_identify(models/Cylinder6) by extension 'colcon_pkg'
[0.191s] Level 1:colcon.colcon_core.package_identification:_identify(models/Cylinder6) by extensions ['colcon_meta']
[0.191s] Level 1:colcon.colcon_core.package_identification:_identify(models/Cylinder6) by extension 'colcon_meta'
[0.191s] Level 1:colcon.colcon_core.package_identification:_identify(models/Cylinder6) by extensions ['ros']
[0.191s] Level 1:colcon.colcon_core.package_identification:_identify(models/Cylinder6) by extension 'ros'
[0.191s] Level 1:colcon.colcon_core.package_identification:_identify(models/Cylinder6) by extensions ['cmake', 'python']
[0.191s] Level 1:colcon.colcon_core.package_identification:_identify(models/Cylinder6) by extension 'cmake'
[0.191s] Level 1:colcon.colcon_core.package_identification:_identify(models/Cylinder6) by extension 'python'
[0.191s] Level 1:colcon.colcon_core.package_identification:_identify(models/Cylinder6) by extensions ['python_setup_py']
[0.191s] Level 1:colcon.colcon_core.package_identification:_identify(models/Cylinder6) by extension 'python_setup_py'
[0.191s] Level 1:colcon.colcon_core.package_identification:_identify(models/Cylinder7) by extensions ['ignore', 'ignore_ament_install']
[0.191s] Level 1:colcon.colcon_core.package_identification:_identify(models/Cylinder7) by extension 'ignore'
[0.191s] Level 1:colcon.colcon_core.package_identification:_identify(models/Cylinder7) by extension 'ignore_ament_install'
[0.191s] Level 1:colcon.colcon_core.package_identification:_identify(models/Cylinder7) by extensions ['colcon_pkg']
[0.191s] Level 1:colcon.colcon_core.package_identification:_identify(models/Cylinder7) by extension 'colcon_pkg'
[0.191s] Level 1:colcon.colcon_core.package_identification:_identify(models/Cylinder7) by extensions ['colcon_meta']
[0.191s] Level 1:colcon.colcon_core.package_identification:_identify(models/Cylinder7) by extension 'colcon_meta'
[0.191s] Level 1:colcon.colcon_core.package_identification:_identify(models/Cylinder7) by extensions ['ros']
[0.191s] Level 1:colcon.colcon_core.package_identification:_identify(models/Cylinder7) by extension 'ros'
[0.191s] Level 1:colcon.colcon_core.package_identification:_identify(models/Cylinder7) by extensions ['cmake', 'python']
[0.191s] Level 1:colcon.colcon_core.package_identification:_identify(models/Cylinder7) by extension 'cmake'
[0.191s] Level 1:colcon.colcon_core.package_identification:_identify(models/Cylinder7) by extension 'python'
[0.191s] Level 1:colcon.colcon_core.package_identification:_identify(models/Cylinder7) by extensions ['python_setup_py']
[0.191s] Level 1:colcon.colcon_core.package_identification:_identify(models/Cylinder7) by extension 'python_setup_py'
[0.191s] Level 1:colcon.colcon_core.package_identification:_identify(models/Cylinder8) by extensions ['ignore', 'ignore_ament_install']
[0.191s] Level 1:colcon.colcon_core.package_identification:_identify(models/Cylinder8) by extension 'ignore'
[0.191s] Level 1:colcon.colcon_core.package_identification:_identify(models/Cylinder8) by extension 'ignore_ament_install'
[0.191s] Level 1:colcon.colcon_core.package_identification:_identify(models/Cylinder8) by extensions ['colcon_pkg']
[0.191s] Level 1:colcon.colcon_core.package_identification:_identify(models/Cylinder8) by extension 'colcon_pkg'
[0.191s] Level 1:colcon.colcon_core.package_identification:_identify(models/Cylinder8) by extensions ['colcon_meta']
[0.191s] Level 1:colcon.colcon_core.package_identification:_identify(models/Cylinder8) by extension 'colcon_meta'
[0.191s] Level 1:colcon.colcon_core.package_identification:_identify(models/Cylinder8) by extensions ['ros']
[0.191s] Level 1:colcon.colcon_core.package_identification:_identify(models/Cylinder8) by extension 'ros'
[0.191s] Level 1:colcon.colcon_core.package_identification:_identify(models/Cylinder8) by extensions ['cmake', 'python']
[0.191s] Level 1:colcon.colcon_core.package_identification:_identify(models/Cylinder8) by extension 'cmake'
[0.191s] Level 1:colcon.colcon_core.package_identification:_identify(models/Cylinder8) by extension 'python'
[0.191s] Level 1:colcon.colcon_core.package_identification:_identify(models/Cylinder8) by extensions ['python_setup_py']
[0.191s] Level 1:colcon.colcon_core.package_identification:_identify(models/Cylinder8) by extension 'python_setup_py'
[0.191s] Level 1:colcon.colcon_core.package_identification:_identify(models/Cylinder9) by extensions ['ignore', 'ignore_ament_install']
[0.191s] Level 1:colcon.colcon_core.package_identification:_identify(models/Cylinder9) by extension 'ignore'
[0.191s] Level 1:colcon.colcon_core.package_identification:_identify(models/Cylinder9) by extension 'ignore_ament_install'
[0.191s] Level 1:colcon.colcon_core.package_identification:_identify(models/Cylinder9) by extensions ['colcon_pkg']
[0.191s] Level 1:colcon.colcon_core.package_identification:_identify(models/Cylinder9) by extension 'colcon_pkg'
[0.191s] Level 1:colcon.colcon_core.package_identification:_identify(models/Cylinder9) by extensions ['colcon_meta']
[0.191s] Level 1:colcon.colcon_core.package_identification:_identify(models/Cylinder9) by extension 'colcon_meta'
[0.192s] Level 1:colcon.colcon_core.package_identification:_identify(models/Cylinder9) by extensions ['ros']
[0.192s] Level 1:colcon.colcon_core.package_identification:_identify(models/Cylinder9) by extension 'ros'
[0.192s] Level 1:colcon.colcon_core.package_identification:_identify(models/Cylinder9) by extensions ['cmake', 'python']
[0.192s] Level 1:colcon.colcon_core.package_identification:_identify(models/Cylinder9) by extension 'cmake'
[0.192s] Level 1:colcon.colcon_core.package_identification:_identify(models/Cylinder9) by extension 'python'
[0.192s] Level 1:colcon.colcon_core.package_identification:_identify(models/Cylinder9) by extensions ['python_setup_py']
[0.192s] Level 1:colcon.colcon_core.package_identification:_identify(models/Cylinder9) by extension 'python_setup_py'
[0.192s] Level 1:colcon.colcon_core.package_identification:_identify(models/yuanzhu) by extensions ['ignore', 'ignore_ament_install']
[0.192s] Level 1:colcon.colcon_core.package_identification:_identify(models/yuanzhu) by extension 'ignore'
[0.192s] Level 1:colcon.colcon_core.package_identification:_identify(models/yuanzhu) by extension 'ignore_ament_install'
[0.192s] Level 1:colcon.colcon_core.package_identification:_identify(models/yuanzhu) by extensions ['colcon_pkg']
[0.192s] Level 1:colcon.colcon_core.package_identification:_identify(models/yuanzhu) by extension 'colcon_pkg'
[0.192s] Level 1:colcon.colcon_core.package_identification:_identify(models/yuanzhu) by extensions ['colcon_meta']
[0.192s] Level 1:colcon.colcon_core.package_identification:_identify(models/yuanzhu) by extension 'colcon_meta'
[0.192s] Level 1:colcon.colcon_core.package_identification:_identify(models/yuanzhu) by extensions ['ros']
[0.192s] Level 1:colcon.colcon_core.package_identification:_identify(models/yuanzhu) by extension 'ros'
[0.192s] Level 1:colcon.colcon_core.package_identification:_identify(models/yuanzhu) by extensions ['cmake', 'python']
[0.192s] Level 1:colcon.colcon_core.package_identification:_identify(models/yuanzhu) by extension 'cmake'
[0.192s] Level 1:colcon.colcon_core.package_identification:_identify(models/yuanzhu) by extension 'python'
[0.192s] Level 1:colcon.colcon_core.package_identification:_identify(models/yuanzhu) by extensions ['python_setup_py']
[0.192s] Level 1:colcon.colcon_core.package_identification:_identify(models/yuanzhu) by extension 'python_setup_py'
[0.192s] Level 1:colcon.colcon_core.package_identification:_identify(src) by extensions ['ignore', 'ignore_ament_install']
[0.192s] Level 1:colcon.colcon_core.package_identification:_identify(src) by extension 'ignore'
[0.192s] Level 1:colcon.colcon_core.package_identification:_identify(src) by extension 'ignore_ament_install'
[0.192s] Level 1:colcon.colcon_core.package_identification:_identify(src) by extensions ['colcon_pkg']
[0.192s] Level 1:colcon.colcon_core.package_identification:_identify(src) by extension 'colcon_pkg'
[0.192s] Level 1:colcon.colcon_core.package_identification:_identify(src) by extensions ['colcon_meta']
[0.192s] Level 1:colcon.colcon_core.package_identification:_identify(src) by extension 'colcon_meta'
[0.192s] Level 1:colcon.colcon_core.package_identification:_identify(src) by extensions ['ros']
[0.192s] Level 1:colcon.colcon_core.package_identification:_identify(src) by extension 'ros'
[0.192s] Level 1:colcon.colcon_core.package_identification:_identify(src) by extensions ['cmake', 'python']
[0.192s] Level 1:colcon.colcon_core.package_identification:_identify(src) by extension 'cmake'
[0.192s] Level 1:colcon.colcon_core.package_identification:_identify(src) by extension 'python'
[0.192s] Level 1:colcon.colcon_core.package_identification:_identify(src) by extensions ['python_setup_py']
[0.192s] Level 1:colcon.colcon_core.package_identification:_identify(src) by extension 'python_setup_py'
[0.192s] Level 1:colcon.colcon_core.package_identification:_identify(src/image_processing) by extensions ['ignore', 'ignore_ament_install']
[0.192s] Level 1:colcon.colcon_core.package_identification:_identify(src/image_processing) by extension 'ignore'
[0.192s] Level 1:colcon.colcon_core.package_identification:_identify(src/image_processing) by extension 'ignore_ament_install'
[0.192s] Level 1:colcon.colcon_core.package_identification:_identify(src/image_processing) by extensions ['colcon_pkg']
[0.192s] Level 1:colcon.colcon_core.package_identification:_identify(src/image_processing) by extension 'colcon_pkg'
[0.192s] Level 1:colcon.colcon_core.package_identification:_identify(src/image_processing) by extensions ['colcon_meta']
[0.192s] Level 1:colcon.colcon_core.package_identification:_identify(src/image_processing) by extension 'colcon_meta'
[0.192s] Level 1:colcon.colcon_core.package_identification:_identify(src/image_processing) by extensions ['ros']
[0.192s] Level 1:colcon.colcon_core.package_identification:_identify(src/image_processing) by extension 'ros'
[0.194s] DEBUG:colcon.colcon_core.package_identification:Package 'src/image_processing' with type 'ros.ament_python' and name 'image_processing'
[0.194s] Level 1:colcon.colcon_core.package_identification:_identify(src/wall_follower) by extensions ['ignore', 'ignore_ament_install']
[0.194s] Level 1:colcon.colcon_core.package_identification:_identify(src/wall_follower) by extension 'ignore'
[0.194s] Level 1:colcon.colcon_core.package_identification:_identify(src/wall_follower) by extension 'ignore_ament_install'
[0.194s] Level 1:colcon.colcon_core.package_identification:_identify(src/wall_follower) by extensions ['colcon_pkg']
[0.194s] Level 1:colcon.colcon_core.package_identification:_identify(src/wall_follower) by extension 'colcon_pkg'
[0.194s] Level 1:colcon.colcon_core.package_identification:_identify(src/wall_follower) by extensions ['colcon_meta']
[0.194s] Level 1:colcon.colcon_core.package_identification:_identify(src/wall_follower) by extension 'colcon_meta'
[0.194s] Level 1:colcon.colcon_core.package_identification:_identify(src/wall_follower) by extensions ['ros']
[0.194s] Level 1:colcon.colcon_core.package_identification:_identify(src/wall_follower) by extension 'ros'
[0.194s] DEBUG:colcon.colcon_core.package_identification:Package 'src/wall_follower' with type 'ros.ament_cmake' and name 'wall_follower'
[0.194s] Level 1:colcon.colcon_core.package_discovery:discover_packages(recursive) using defaults
[0.194s] Level 1:colcon.colcon_core.package_discovery:discover_packages(ignore) discover
[0.194s] Level 1:colcon.colcon_core.package_discovery:discover_packages(ignore) using defaults
[0.194s] Level 1:colcon.colcon_core.package_discovery:discover_packages(path) discover
[0.194s] Level 1:colcon.colcon_core.package_discovery:discover_packages(path) using defaults
[0.204s] Level 1:colcon.colcon_core.package_discovery:discover_packages(prefix_path) check parameters
[0.204s] Level 1:colcon.colcon_core.package_discovery:discover_packages(prefix_path) discover
[0.206s] DEBUG:colcon.colcon_installed_package_information.package_discovery:Found 2 installed packages in /home/comp3431/colcon4_ws/COMP3431/install
[0.206s] DEBUG:colcon.colcon_installed_package_information.package_discovery:Found 15 installed packages in /home/comp3431/turtlebot3_ws/install
[0.207s] DEBUG:colcon.colcon_installed_package_information.package_discovery:Found 325 installed packages in /opt/ros/foxy
[0.208s] Level 1:colcon.colcon_core.package_discovery:discover_packages(prefix_path) using defaults
[0.243s] Level 5:colcon.colcon_core.verb:set package 'image_processing' build argument 'cmake_args' from command line to 'None'
[0.243s] Level 5:colcon.colcon_core.verb:set package 'image_processing' build argument 'cmake_target' from command line to 'None'
[0.243s] Level 5:colcon.colcon_core.verb:set package 'image_processing' build argument 'cmake_target_skip_unavailable' from command line to 'False'
[0.243s] Level 5:colcon.colcon_core.verb:set package 'image_processing' build argument 'cmake_clean_cache' from command line to 'False'
[0.243s] Level 5:colcon.colcon_core.verb:set package 'image_processing' build argument 'cmake_clean_first' from command line to 'False'
[0.243s] Level 5:colcon.colcon_core.verb:set package 'image_processing' build argument 'cmake_force_configure' from command line to 'False'
[0.243s] Level 5:colcon.colcon_core.verb:set package 'image_processing' build argument 'ament_cmake_args' from command line to 'None'
[0.243s] Level 5:colcon.colcon_core.verb:set package 'image_processing' build argument 'catkin_cmake_args' from command line to 'None'
[0.243s] Level 5:colcon.colcon_core.verb:set package 'image_processing' build argument 'catkin_skip_building_tests' from command line to 'False'
[0.243s] DEBUG:colcon.colcon_core.verb:Building package 'image_processing' with the following arguments: {'ament_cmake_args': None, 'build_base': '/home/comp3431/colcon4_ws/COMP3431/build/image_processing', 'catkin_cmake_args': None, 'catkin_skip_building_tests': False, 'cmake_args': None, 'cmake_clean_cache': False, 'cmake_clean_first': False, 'cmake_force_configure': False, 'cmake_target': None, 'cmake_target_skip_unavailable': False, 'install_base': '/home/comp3431/colcon4_ws/COMP3431/install/image_processing', 'merge_install': False, 'path': '/home/comp3431/colcon4_ws/COMP3431/src/image_processing', 'symlink_install': False, 'test_result_base': None}
[0.243s] Level 5:colcon.colcon_core.verb:set package 'wall_follower' build argument 'cmake_args' from command line to 'None'
[0.243s] Level 5:colcon.colcon_core.verb:set package 'wall_follower' build argument 'cmake_target' from command line to 'None'
[0.243s] Level 5:colcon.colcon_core.verb:set package 'wall_follower' build argument 'cmake_target_skip_unavailable' from command line to 'False'
[0.243s] Level 5:colcon.colcon_core.verb:set package 'wall_follower' build argument 'cmake_clean_cache' from command line to 'False'
[0.243s] Level 5:colcon.colcon_core.verb:set package 'wall_follower' build argument 'cmake_clean_first' from command line to 'False'
[0.243s] Level 5:colcon.colcon_core.verb:set package 'wall_follower' build argument 'cmake_force_configure' from command line to 'False'
[0.243s] Level 5:colcon.colcon_core.verb:set package 'wall_follower' build argument 'ament_cmake_args' from command line to 'None'
[0.243s] Level 5:colcon.colcon_core.verb:set package 'wall_follower' build argument 'catkin_cmake_args' from command line to 'None'
[0.243s] Level 5:colcon.colcon_core.verb:set package 'wall_follower' build argument 'catkin_skip_building_tests' from command line to 'False'
[0.243s] DEBUG:colcon.colcon_core.verb:Building package 'wall_follower' with the following arguments: {'ament_cmake_args': None, 'build_base': '/home/comp3431/colcon4_ws/COMP3431/build/wall_follower', 'catkin_cmake_args': None, 'catkin_skip_building_tests': False, 'cmake_args': None, 'cmake_clean_cache': False, 'cmake_clean_first': False, 'cmake_force_configure': False, 'cmake_target': None, 'cmake_target_skip_unavailable': False, 'install_base': '/home/comp3431/colcon4_ws/COMP3431/install/wall_follower', 'merge_install': False, 'path': '/home/comp3431/colcon4_ws/COMP3431/src/wall_follower', 'symlink_install': False, 'test_result_base': None}
[0.244s] INFO:colcon.colcon_core.executor:Executing jobs using 'parallel' executor
[0.245s] DEBUG:colcon.colcon_parallel_executor.executor.parallel:run_until_complete
[0.245s] INFO:colcon.colcon_ros.task.ament_python.build:Building ROS package in '/home/comp3431/colcon4_ws/COMP3431/src/image_processing' with build type 'ament_python'
[0.245s] Level 1:colcon.colcon_core.shell:create_environment_hook('image_processing', 'ament_prefix_path')
[0.247s] INFO:colcon.colcon_core.plugin_system:Skipping extension 'colcon_core.shell.bat': Not used on non-Windows systems
[0.248s] INFO:colcon.colcon_core.shell:Creating environment hook '/home/comp3431/colcon4_ws/COMP3431/install/image_processing/share/image_processing/hook/ament_prefix_path.ps1'
[0.248s] INFO:colcon.colcon_core.shell:Creating environment descriptor '/home/comp3431/colcon4_ws/COMP3431/install/image_processing/share/image_processing/hook/ament_prefix_path.dsv'
[0.248s] INFO:colcon.colcon_core.shell:Creating environment hook '/home/comp3431/colcon4_ws/COMP3431/install/image_processing/share/image_processing/hook/ament_prefix_path.sh'
[0.249s] INFO:colcon.colcon_core.shell:Skip shell extension 'powershell' for command environment: Not usable outside of PowerShell
[0.249s] DEBUG:colcon.colcon_core.shell:Skip shell extension 'dsv' for command environment
[0.253s] INFO:colcon.colcon_ros.task.ament_cmake.build:Building ROS package in '/home/comp3431/colcon4_ws/COMP3431/src/wall_follower' with build type 'ament_cmake'
[0.253s] INFO:colcon.colcon_cmake.task.cmake.build:Building CMake package in '/home/comp3431/colcon4_ws/COMP3431/src/wall_follower'
[0.254s] INFO:colcon.colcon_core.shell:Skip shell extension 'powershell' for command environment: Not usable outside of PowerShell
[0.254s] DEBUG:colcon.colcon_core.shell:Skip shell extension 'dsv' for command environment
[0.392s] INFO:colcon.colcon_core.task.python.build:Building Python package in '/home/comp3431/colcon4_ws/COMP3431/src/image_processing'
[0.394s] INFO:colcon.colcon_core.shell:Skip shell extension 'powershell' for command environment: Not usable outside of PowerShell
[0.394s] DEBUG:colcon.colcon_core.shell:Skip shell extension 'dsv' for command environment
[0.401s] DEBUG:colcon.colcon_core.event_handler.log_command:Invoking command in '/home/comp3431/colcon4_ws/COMP3431/build/wall_follower': CMAKE_PREFIX_PATH=${CMAKE_PREFIX_PATH}:/home/comp3431/colcon4_ws/COMP3431/install/image_processing:/home/comp3431/turtlebot3_ws/install/turtlebot3_teleop:/home/comp3431/turtlebot3_ws/install/turtlebot3_example:/opt/ros/foxy /usr/bin/cmake --build /home/comp3431/colcon4_ws/COMP3431/build/wall_follower -- -j4 -l4
[0.450s] DEBUG:colcon.colcon_core.event_handler.log_command:Invoked command in '/home/comp3431/colcon4_ws/COMP3431/build/wall_follower' returned '0': CMAKE_PREFIX_PATH=${CMAKE_PREFIX_PATH}:/home/comp3431/colcon4_ws/COMP3431/install/image_processing:/home/comp3431/turtlebot3_ws/install/turtlebot3_teleop:/home/comp3431/turtlebot3_ws/install/turtlebot3_example:/opt/ros/foxy /usr/bin/cmake --build /home/comp3431/colcon4_ws/COMP3431/build/wall_follower -- -j4 -l4
[0.476s] DEBUG:colcon.colcon_core.event_handler.log_command:Invoking command in '/home/comp3431/colcon4_ws/COMP3431/build/wall_follower': CMAKE_PREFIX_PATH=${CMAKE_PREFIX_PATH}:/home/comp3431/colcon4_ws/COMP3431/install/image_processing:/home/comp3431/turtlebot3_ws/install/turtlebot3_teleop:/home/comp3431/turtlebot3_ws/install/turtlebot3_example:/opt/ros/foxy /usr/bin/cmake --install /home/comp3431/colcon4_ws/COMP3431/build/wall_follower
[0.484s] Level 1:colcon.colcon_core.environment:create_environment_scripts_only(wall_follower)
[0.484s] DEBUG:colcon.colcon_core.event_handler.log_command:Invoked command in '/home/comp3431/colcon4_ws/COMP3431/build/wall_follower' returned '0': CMAKE_PREFIX_PATH=${CMAKE_PREFIX_PATH}:/home/comp3431/colcon4_ws/COMP3431/install/image_processing:/home/comp3431/turtlebot3_ws/install/turtlebot3_teleop:/home/comp3431/turtlebot3_ws/install/turtlebot3_example:/opt/ros/foxy /usr/bin/cmake --install /home/comp3431/colcon4_ws/COMP3431/build/wall_follower
[0.487s] Level 1:colcon.colcon_core.environment:checking '/home/comp3431/colcon4_ws/COMP3431/install/wall_follower' for CMake module files
[0.487s] Level 1:colcon.colcon_core.environment:checking '/home/comp3431/colcon4_ws/COMP3431/install/wall_follower' for CMake config files
[0.487s] Level 1:colcon.colcon_core.shell:create_environment_hook('wall_follower', 'cmake_prefix_path')
[0.488s] INFO:colcon.colcon_core.shell:Creating environment hook '/home/comp3431/colcon4_ws/COMP3431/install/wall_follower/share/wall_follower/hook/cmake_prefix_path.ps1'
[0.488s] INFO:colcon.colcon_core.shell:Creating environment descriptor '/home/comp3431/colcon4_ws/COMP3431/install/wall_follower/share/wall_follower/hook/cmake_prefix_path.dsv'
[0.488s] INFO:colcon.colcon_core.shell:Creating environment hook '/home/comp3431/colcon4_ws/COMP3431/install/wall_follower/share/wall_follower/hook/cmake_prefix_path.sh'
[0.489s] Level 1:colcon.colcon_core.environment:checking '/home/comp3431/colcon4_ws/COMP3431/install/wall_follower/lib'
[0.489s] Level 1:colcon.colcon_core.environment:checking '/home/comp3431/colcon4_ws/COMP3431/install/wall_follower/bin'
[0.489s] Level 1:colcon.colcon_core.environment:checking '/home/comp3431/colcon4_ws/COMP3431/install/wall_follower/lib/pkgconfig/wall_follower.pc'
[0.489s] Level 1:colcon.colcon_core.environment:checking '/home/comp3431/colcon4_ws/COMP3431/install/wall_follower/lib/python3.8/site-packages'
[0.489s] Level 1:colcon.colcon_core.environment:checking '/home/comp3431/colcon4_ws/COMP3431/install/wall_follower/bin'
[0.490s] INFO:colcon.colcon_core.shell:Creating package script '/home/comp3431/colcon4_ws/COMP3431/install/wall_follower/share/wall_follower/package.ps1'
[0.490s] INFO:colcon.colcon_core.shell:Creating package descriptor '/home/comp3431/colcon4_ws/COMP3431/install/wall_follower/share/wall_follower/package.dsv'
[0.490s] INFO:colcon.colcon_core.shell:Creating package script '/home/comp3431/colcon4_ws/COMP3431/install/wall_follower/share/wall_follower/package.sh'
[0.491s] INFO:colcon.colcon_core.shell:Creating package script '/home/comp3431/colcon4_ws/COMP3431/install/wall_follower/share/wall_follower/package.bash'
[0.491s] INFO:colcon.colcon_core.shell:Creating package script '/home/comp3431/colcon4_ws/COMP3431/install/wall_follower/share/wall_follower/package.zsh'
[0.491s] Level 1:colcon.colcon_core.environment:create_file_with_runtime_dependencies(/home/comp3431/colcon4_ws/COMP3431/install/wall_follower/share/colcon-core/packages/wall_follower)
[0.507s] Level 1:colcon.colcon_core.environment:create_environment_scripts_only(wall_follower)
[0.508s] Level 1:colcon.colcon_core.environment:checking '/home/comp3431/colcon4_ws/COMP3431/install/wall_follower' for CMake module files
[0.509s] Level 1:colcon.colcon_core.environment:checking '/home/comp3431/colcon4_ws/COMP3431/install/wall_follower' for CMake config files
[0.509s] Level 1:colcon.colcon_core.shell:create_environment_hook('wall_follower', 'cmake_prefix_path')
[0.509s] INFO:colcon.colcon_core.shell:Creating environment hook '/home/comp3431/colcon4_ws/COMP3431/install/wall_follower/share/wall_follower/hook/cmake_prefix_path.ps1'
[0.509s] INFO:colcon.colcon_core.shell:Creating environment descriptor '/home/comp3431/colcon4_ws/COMP3431/install/wall_follower/share/wall_follower/hook/cmake_prefix_path.dsv'
[0.510s] INFO:colcon.colcon_core.shell:Creating environment hook '/home/comp3431/colcon4_ws/COMP3431/install/wall_follower/share/wall_follower/hook/cmake_prefix_path.sh'
[0.510s] Level 1:colcon.colcon_core.environment:checking '/home/comp3431/colcon4_ws/COMP3431/install/wall_follower/lib'
[0.510s] Level 1:colcon.colcon_core.environment:checking '/home/comp3431/colcon4_ws/COMP3431/install/wall_follower/bin'
[0.510s] Level 1:colcon.colcon_core.environment:checking '/home/comp3431/colcon4_ws/COMP3431/install/wall_follower/lib/pkgconfig/wall_follower.pc'
[0.510s] Level 1:colcon.colcon_core.environment:checking '/home/comp3431/colcon4_ws/COMP3431/install/wall_follower/lib/python3.8/site-packages'
[0.510s] Level 1:colcon.colcon_core.environment:checking '/home/comp3431/colcon4_ws/COMP3431/install/wall_follower/bin'
[0.511s] INFO:colcon.colcon_core.shell:Creating package script '/home/comp3431/colcon4_ws/COMP3431/install/wall_follower/share/wall_follower/package.ps1'
[0.511s] INFO:colcon.colcon_core.shell:Creating package descriptor '/home/comp3431/colcon4_ws/COMP3431/install/wall_follower/share/wall_follower/package.dsv'
[0.511s] INFO:colcon.colcon_core.shell:Creating package script '/home/comp3431/colcon4_ws/COMP3431/install/wall_follower/share/wall_follower/package.sh'
[0.512s] INFO:colcon.colcon_core.shell:Creating package script '/home/comp3431/colcon4_ws/COMP3431/install/wall_follower/share/wall_follower/package.bash'
[0.512s] INFO:colcon.colcon_core.shell:Creating package script '/home/comp3431/colcon4_ws/COMP3431/install/wall_follower/share/wall_follower/package.zsh'
[0.512s] Level 1:colcon.colcon_core.environment:create_file_with_runtime_dependencies(/home/comp3431/colcon4_ws/COMP3431/install/wall_follower/share/colcon-core/packages/wall_follower)
[0.654s] DEBUG:colcon.colcon_core.event_handler.log_command:Invoking command in '/home/comp3431/colcon4_ws/COMP3431/src/image_processing': PYTHONPATH=/home/comp3431/colcon4_ws/COMP3431/build/image_processing/prefix_override:/home/comp3431/colcon4_ws/COMP3431/install/image_processing/lib/python3.8/site-packages:${PYTHONPATH} /usr/bin/python3 setup.py egg_info --egg-base ../../build/image_processing build --build-base /home/comp3431/colcon4_ws/COMP3431/build/image_processing/build install --record /home/comp3431/colcon4_ws/COMP3431/build/image_processing/install.log --install-scripts $base/lib/image_processing --single-version-externally-managed
[0.837s] Level 1:colcon.colcon_core.environment:checking '/home/comp3431/colcon4_ws/COMP3431/install/image_processing' for CMake module files
[0.838s] DEBUG:colcon.colcon_core.event_handler.log_command:Invoked command in '/home/comp3431/colcon4_ws/COMP3431/src/image_processing' returned '0': PYTHONPATH=/home/comp3431/colcon4_ws/COMP3431/build/image_processing/prefix_override:/home/comp3431/colcon4_ws/COMP3431/install/image_processing/lib/python3.8/site-packages:${PYTHONPATH} /usr/bin/python3 setup.py egg_info --egg-base ../../build/image_processing build --build-base /home/comp3431/colcon4_ws/COMP3431/build/image_processing/build install --record /home/comp3431/colcon4_ws/COMP3431/build/image_processing/install.log --install-scripts $base/lib/image_processing --single-version-externally-managed
[0.838s] Level 1:colcon.colcon_core.environment:checking '/home/comp3431/colcon4_ws/COMP3431/install/image_processing' for CMake config files
[0.838s] Level 1:colcon.colcon_core.environment:checking '/home/comp3431/colcon4_ws/COMP3431/install/image_processing/lib'
[0.838s] Level 1:colcon.colcon_core.environment:checking '/home/comp3431/colcon4_ws/COMP3431/install/image_processing/bin'
[0.838s] Level 1:colcon.colcon_core.environment:checking '/home/comp3431/colcon4_ws/COMP3431/install/image_processing/lib/pkgconfig/image_processing.pc'
[0.838s] Level 1:colcon.colcon_core.environment:checking '/home/comp3431/colcon4_ws/COMP3431/install/image_processing/lib/python3.8/site-packages'
[0.838s] Level 1:colcon.colcon_core.shell:create_environment_hook('image_processing', 'pythonpath')
[0.839s] INFO:colcon.colcon_core.shell:Creating environment hook '/home/comp3431/colcon4_ws/COMP3431/install/image_processing/share/image_processing/hook/pythonpath.ps1'
[0.839s] INFO:colcon.colcon_core.shell:Creating environment descriptor '/home/comp3431/colcon4_ws/COMP3431/install/image_processing/share/image_processing/hook/pythonpath.dsv'
[0.839s] INFO:colcon.colcon_core.shell:Creating environment hook '/home/comp3431/colcon4_ws/COMP3431/install/image_processing/share/image_processing/hook/pythonpath.sh'
[0.840s] Level 1:colcon.colcon_core.environment:checking '/home/comp3431/colcon4_ws/COMP3431/install/image_processing/bin'
[0.840s] Level 1:colcon.colcon_core.environment:create_environment_scripts_only(image_processing)
[0.840s] INFO:colcon.colcon_core.shell:Creating package script '/home/comp3431/colcon4_ws/COMP3431/install/image_processing/share/image_processing/package.ps1'
[0.841s] INFO:colcon.colcon_core.shell:Creating package descriptor '/home/comp3431/colcon4_ws/COMP3431/install/image_processing/share/image_processing/package.dsv'
[0.841s] INFO:colcon.colcon_core.shell:Creating package script '/home/comp3431/colcon4_ws/COMP3431/install/image_processing/share/image_processing/package.sh'
[0.841s] INFO:colcon.colcon_core.shell:Creating package script '/home/comp3431/colcon4_ws/COMP3431/install/image_processing/share/image_processing/package.bash'
[0.841s] INFO:colcon.colcon_core.shell:Creating package script '/home/comp3431/colcon4_ws/COMP3431/install/image_processing/share/image_processing/package.zsh'
[0.841s] Level 1:colcon.colcon_core.environment:create_file_with_runtime_dependencies(/home/comp3431/colcon4_ws/COMP3431/install/image_processing/share/colcon-core/packages/image_processing)
[0.841s] DEBUG:colcon.colcon_parallel_executor.executor.parallel:closing loop
[0.842s] DEBUG:colcon.colcon_parallel_executor.executor.parallel:loop closed
[0.842s] DEBUG:colcon.colcon_parallel_executor.executor.parallel:run_until_complete finished with '0'
[0.842s] DEBUG:colcon.colcon_core.event_reactor:joining thread
[0.845s] INFO:colcon.colcon_core.plugin_system:Skipping extension 'colcon_notification.desktop_notification.terminal_notifier': Not used on non-Darwin systems
[0.845s] INFO:colcon.colcon_core.plugin_system:Skipping extension 'colcon_notification.desktop_notification.win32': Not used on non-Windows systems
[0.845s] INFO:colcon.colcon_notification.desktop_notification:Sending desktop notification using 'notify2'
[0.854s] DEBUG:colcon.colcon_core.event_reactor:joined thread
[0.855s] INFO:colcon.colcon_core.shell:Creating prefix script '/home/comp3431/colcon4_ws/COMP3431/install/local_setup.ps1'
[0.856s] INFO:colcon.colcon_core.shell:Creating prefix util module '/home/comp3431/colcon4_ws/COMP3431/install/_local_setup_util_ps1.py'
[0.856s] INFO:colcon.colcon_core.shell:Creating prefix chain script '/home/comp3431/colcon4_ws/COMP3431/install/setup.ps1'
[0.858s] INFO:colcon.colcon_core.shell:Creating prefix script '/home/comp3431/colcon4_ws/COMP3431/install/local_setup.sh'
[0.858s] INFO:colcon.colcon_core.shell:Creating prefix util module '/home/comp3431/colcon4_ws/COMP3431/install/_local_setup_util_sh.py'
[0.858s] INFO:colcon.colcon_core.shell:Creating prefix chain script '/home/comp3431/colcon4_ws/COMP3431/install/setup.sh'
[0.859s] INFO:colcon.colcon_core.shell:Creating prefix script '/home/comp3431/colcon4_ws/COMP3431/install/local_setup.bash'
[0.860s] INFO:colcon.colcon_core.shell:Creating prefix chain script '/home/comp3431/colcon4_ws/COMP3431/install/setup.bash'
[0.861s] INFO:colcon.colcon_core.shell:Creating prefix script '/home/comp3431/colcon4_ws/COMP3431/install/local_setup.zsh'
[0.861s] INFO:colcon.colcon_core.shell:Creating prefix chain script '/home/comp3431/colcon4_ws/COMP3431/install/setup.zsh'
