[0.000000] (-) TimerEvent: {}
[0.000530] (image_processing) JobQueued: {'identifier': 'image_processing', 'dependencies': OrderedDict()}
[0.000552] (wall_follower) JobQueued: {'identifier': 'wall_follower', 'dependencies': OrderedDict()}
[0.000566] (image_processing) JobStarted: {'identifier': 'image_processing'}
[0.017448] (wall_follower) JobStarted: {'identifier': 'wall_follower'}
[0.099735] (-) TimerEvent: {}
[0.185639] (wall_follower) JobProgress: {'identifier': 'wall_follower', 'progress': 'cmake'}
[0.185700] (wall_follower) Command: {'cmd': ['/usr/bin/cmake', '/home/comp3431/colcon4_ws/COMP3431/src/wall_follower', '-DCMAKE_INSTALL_PREFIX=/home/comp3431/colcon4_ws/COMP3431/install/wall_follower'], 'cwd': '/home/comp3431/colcon4_ws/COMP3431/build/wall_follower', 'env': OrderedDict([('GJS_DEBUG_TOPICS', 'JS ERROR;JS LOG'), ('USER', 'comp3431'), ('SSH_AGENT_PID', '1605'), ('XDG_SESSION_TYPE', 'x11'), ('SHLVL', '1'), ('LD_LIBRARY_PATH', '/home/comp3431/turtlebot3_ws/install/turtlebot3_msgs/lib:/home/comp3431/turtlebot3_ws/install/dynamixel_sdk_custom_interfaces/lib:/home/comp3431/turtlebot3_ws/install/dynamixel_sdk/lib:/usr/lib/aarch64-linux-gnu/gazebo-11/plugins:/opt/ros/foxy/opt/yaml_cpp_vendor/lib:/opt/ros/foxy/opt/rviz_ogre_vendor/lib:/opt/ros/foxy/lib/aarch64-linux-gnu:/opt/ros/foxy/lib'), ('HOME', '/home/comp3431'), ('OLDPWD', '/home/comp3431/colcon4_ws'), ('DESKTOP_SESSION', 'ubuntu'), ('ROS_PYTHON_VERSION', '3'), ('GNOME_SHELL_SESSION_MODE', 'ubuntu'), ('GTK_MODULES', 'gail:atk-bridge'), ('MANAGERPID', '1426'), ('DBUS_SESSION_BUS_ADDRESS', 'unix:path=/run/user/1000/bus'), ('COLORTERM', 'truecolor'), ('_colcon_cd_root', '/home/comp3431/ros2_install'), ('IM_CONFIG_PHASE', '1'), ('COLCON_PREFIX_PATH', '/home/comp3431/colcon4_ws/COMP3431/install:/home/comp3431/turtlebot3_ws/install'), ('ROS_DISTRO', 'foxy'), ('LOGNAME', 'comp3431'), ('JOURNAL_STREAM', '9:37479'), ('_', '/usr/bin/colcon'), ('ROS_VERSION', '2'), ('XDG_SESSION_CLASS', 'user'), ('USERNAME', 'comp3431'), ('TERM', 'xterm-256color'), ('GNOME_DESKTOP_SESSION_ID', 'this-is-deprecated'), ('ROS_LOCALHOST_ONLY', '0'), ('WINDOWPATH', '2'), ('PATH', '/opt/ros/foxy/bin:/usr/local/sbin:/usr/local/bin:/usr/sbin:/usr/bin:/sbin:/bin:/usr/games:/usr/local/games:/snap/bin'), ('SESSION_MANAGER', 'local/comp3431:@/tmp/.ICE-unix/1659,unix/comp3431:/tmp/.ICE-unix/1659'), ('INVOCATION_ID', '867131c0cc2a4016b14c407bec4f8ab0'), ('XDG_MENU_PREFIX', 'gnome-'), ('GNOME_TERMINAL_SCREEN', '/org/gnome/Terminal/screen/e0669ff1_f368_469e_bd6b_e4db2bd32d5c'), ('XDG_RUNTIME_DIR', '/run/user/1000'), ('DISPLAY', ':0'), ('LANG', 'C.UTF-8'), ('XDG_CURRENT_DESKTOP', 'ubuntu:GNOME'), ('XMODIFIERS', '@im=ibus'), ('XDG_SESSION_DESKTOP', 'ubuntu'), ('XAUTHORITY', '/run/user/1000/gdm/Xauthority'), ('GNOME_TERMINAL_SERVICE', ':1.78'), ('SSH_AUTH_SOCK', '/run/user/1000/keyring/ssh'), ('ROS_DOMAIN_ID', '10'), ('AMENT_PREFIX_PATH', '/home/comp3431/colcon4_ws/COMP3431/install/wall_follower:/home/comp3431/colcon4_ws/COMP3431/install/launch_file:/home/comp3431/colcon4_ws/COMP3431/install/image_processing:/home/comp3431/turtlebot3_ws/install/turtlebot3:/home/comp3431/turtlebot3_ws/install/turtlebot3_teleop:/home/comp3431/turtlebot3_ws/install/turtlebot3_simulations:/home/comp3431/turtlebot3_ws/install/turtlebot3_bringup:/home/comp3431/turtlebot3_ws/install/turtlebot3_node:/home/comp3431/turtlebot3_ws/install/turtlebot3_navigation2:/home/comp3431/turtlebot3_ws/install/turtlebot3_fake_node:/home/comp3431/turtlebot3_ws/install/turtlebot3_example:/home/comp3431/turtlebot3_ws/install/turtlebot3_msgs:/home/comp3431/turtlebot3_ws/install/turtlebot3_gazebo:/home/comp3431/turtlebot3_ws/install/turtlebot3_description:/home/comp3431/turtlebot3_ws/install/turtlebot3_cartographer:/home/comp3431/turtlebot3_ws/install/dynamixel_sdk_examples:/home/comp3431/turtlebot3_ws/install/dynamixel_sdk_custom_interfaces:/home/comp3431/turtlebot3_ws/install/dynamixel_sdk:/opt/ros/foxy'), ('SHELL', '/bin/bash'), ('QT_ACCESSIBILITY', '1'), ('GDMSESSION', 'ubuntu'), ('GPG_AGENT_INFO', '/run/user/1000/gnupg/S.gpg-agent:0:1'), ('GJS_DEBUG_OUTPUT', 'stderr'), ('QT_IM_MODULE', 'ibus'), ('PWD', '/home/comp3431/colcon4_ws/COMP3431/build/wall_follower'), ('TURTLEBOT3_MODEL', 'waffle_pi'), ('XDG_CONFIG_DIRS', '/etc/xdg/xdg-ubuntu:/etc/xdg'), ('XDG_DATA_DIRS', '/usr/share/ubuntu:/usr/local/share/:/usr/share/:/var/lib/snapd/desktop'), ('PYTHONPATH', '/home/comp3431/colcon4_ws/COMP3431/install/launch_file/lib/python3.8/site-packages:/home/comp3431/colcon4_ws/COMP3431/install/image_processing/lib/python3.8/site-packages:/home/comp3431/turtlebot3_ws/build/turtlebot3_teleop:/home/comp3431/turtlebot3_ws/install/turtlebot3_teleop/lib/python3.8/site-packages:/home/comp3431/turtlebot3_ws/build/turtlebot3_example:/home/comp3431/turtlebot3_ws/install/turtlebot3_example/lib/python3.8/site-packages:/home/comp3431/turtlebot3_ws/install/turtlebot3_msgs/lib/python3.8/site-packages:/home/comp3431/turtlebot3_ws/install/dynamixel_sdk_custom_interfaces/lib/python3.8/site-packages:/opt/ros/foxy/lib/python3.8/site-packages'), ('COLCON', '1'), ('VTE_VERSION', '6003'), ('CMAKE_PREFIX_PATH', '/home/comp3431/colcon4_ws/COMP3431/install/wall_follower:/home/comp3431/turtlebot3_ws/install/turtlebot3:/home/comp3431/turtlebot3_ws/install/turtlebot3_simulations:/home/comp3431/turtlebot3_ws/install/turtlebot3_bringup:/home/comp3431/turtlebot3_ws/install/turtlebot3_node:/home/comp3431/turtlebot3_ws/install/turtlebot3_navigation2:/home/comp3431/turtlebot3_ws/install/turtlebot3_fake_node:/home/comp3431/turtlebot3_ws/install/turtlebot3_msgs:/home/comp3431/turtlebot3_ws/install/turtlebot3_gazebo:/home/comp3431/turtlebot3_ws/install/turtlebot3_description:/home/comp3431/turtlebot3_ws/install/turtlebot3_cartographer:/home/comp3431/turtlebot3_ws/install/dynamixel_sdk_examples:/home/comp3431/turtlebot3_ws/install/dynamixel_sdk_custom_interfaces:/home/comp3431/turtlebot3_ws/install/dynamixel_sdk:/home/comp3431/colcon4_ws/COMP3431/install/launch_file:/home/comp3431/colcon4_ws/COMP3431/install/image_processing:/home/comp3431/turtlebot3_ws/install/turtlebot3_teleop:/home/comp3431/turtlebot3_ws/install/turtlebot3_example:/opt/ros/foxy')]), 'shell': False}
[0.199775] (-) TimerEvent: {}
[0.300040] (-) TimerEvent: {}
[0.309085] (wall_follower) StdoutLine: {'line': b'-- The C compiler identification is GNU 9.4.0\n'}
[0.400173] (-) TimerEvent: {}
[0.401624] (wall_follower) StdoutLine: {'line': b'-- The CXX compiler identification is GNU 9.4.0\n'}
[0.409552] (wall_follower) StdoutLine: {'line': b'-- Check for working C compiler: /usr/bin/cc\n'}
[0.443119] (image_processing) Command: {'cmd': ['/usr/bin/python3', 'setup.py', 'egg_info', '--egg-base', '../../build/image_processing', 'build', '--build-base', '/home/comp3431/colcon4_ws/COMP3431/build/image_processing/build', 'install', '--record', '/home/comp3431/colcon4_ws/COMP3431/build/image_processing/install.log', '--install-scripts', '$base/lib/image_processing', '--single-version-externally-managed'], 'cwd': '/home/comp3431/colcon4_ws/COMP3431/src/image_processing', 'env': {'GJS_DEBUG_TOPICS': 'JS ERROR;JS LOG', 'USER': 'comp3431', 'SSH_AGENT_PID': '1605', 'XDG_SESSION_TYPE': 'x11', 'SHLVL': '1', 'LD_LIBRARY_PATH': '/home/comp3431/turtlebot3_ws/install/turtlebot3_msgs/lib:/home/comp3431/turtlebot3_ws/install/dynamixel_sdk_custom_interfaces/lib:/home/comp3431/turtlebot3_ws/install/dynamixel_sdk/lib:/usr/lib/aarch64-linux-gnu/gazebo-11/plugins:/opt/ros/foxy/opt/yaml_cpp_vendor/lib:/opt/ros/foxy/opt/rviz_ogre_vendor/lib:/opt/ros/foxy/lib/aarch64-linux-gnu:/opt/ros/foxy/lib', 'HOME': '/home/comp3431', 'OLDPWD': '/home/comp3431/colcon4_ws', 'DESKTOP_SESSION': 'ubuntu', 'ROS_PYTHON_VERSION': '3', 'GNOME_SHELL_SESSION_MODE': 'ubuntu', 'GTK_MODULES': 'gail:atk-bridge', 'MANAGERPID': '1426', 'DBUS_SESSION_BUS_ADDRESS': 'unix:path=/run/user/1000/bus', 'COLORTERM': 'truecolor', '_colcon_cd_root': '/home/comp3431/ros2_install', 'IM_CONFIG_PHASE': '1', 'COLCON_PREFIX_PATH': '/home/comp3431/colcon4_ws/COMP3431/install:/home/comp3431/turtlebot3_ws/install', 'ROS_DISTRO': 'foxy', 'LOGNAME': 'comp3431', 'JOURNAL_STREAM': '9:37479', '_': '/usr/bin/colcon', 'ROS_VERSION': '2', 'XDG_SESSION_CLASS': 'user', 'USERNAME': 'comp3431', 'TERM': 'xterm-256color', 'GNOME_DESKTOP_SESSION_ID': 'this-is-deprecated', 'ROS_LOCALHOST_ONLY': '0', 'WINDOWPATH': '2', 'PATH': '/opt/ros/foxy/bin:/usr/local/sbin:/usr/local/bin:/usr/sbin:/usr/bin:/sbin:/bin:/usr/games:/usr/local/games:/snap/bin', 'SESSION_MANAGER': 'local/comp3431:@/tmp/.ICE-unix/1659,unix/comp3431:/tmp/.ICE-unix/1659', 'INVOCATION_ID': '867131c0cc2a4016b14c407bec4f8ab0', 'XDG_MENU_PREFIX': 'gnome-', 'GNOME_TERMINAL_SCREEN': '/org/gnome/Terminal/screen/e0669ff1_f368_469e_bd6b_e4db2bd32d5c', 'XDG_RUNTIME_DIR': '/run/user/1000', 'DISPLAY': ':0', 'LANG': 'C.UTF-8', 'XDG_CURRENT_DESKTOP': 'ubuntu:GNOME', 'XMODIFIERS': '@im=ibus', 'XDG_SESSION_DESKTOP': 'ubuntu', 'XAUTHORITY': '/run/user/1000/gdm/Xauthority', 'GNOME_TERMINAL_SERVICE': ':1.78', 'SSH_AUTH_SOCK': '/run/user/1000/keyring/ssh', 'ROS_DOMAIN_ID': '10', 'AMENT_PREFIX_PATH': '/home/comp3431/colcon4_ws/COMP3431/install/wall_follower:/home/comp3431/colcon4_ws/COMP3431/install/launch_file:/home/comp3431/colcon4_ws/COMP3431/install/image_processing:/home/comp3431/turtlebot3_ws/install/turtlebot3:/home/comp3431/turtlebot3_ws/install/turtlebot3_teleop:/home/comp3431/turtlebot3_ws/install/turtlebot3_simulations:/home/comp3431/turtlebot3_ws/install/turtlebot3_bringup:/home/comp3431/turtlebot3_ws/install/turtlebot3_node:/home/comp3431/turtlebot3_ws/install/turtlebot3_navigation2:/home/comp3431/turtlebot3_ws/install/turtlebot3_fake_node:/home/comp3431/turtlebot3_ws/install/turtlebot3_example:/home/comp3431/turtlebot3_ws/install/turtlebot3_msgs:/home/comp3431/turtlebot3_ws/install/turtlebot3_gazebo:/home/comp3431/turtlebot3_ws/install/turtlebot3_description:/home/comp3431/turtlebot3_ws/install/turtlebot3_cartographer:/home/comp3431/turtlebot3_ws/install/dynamixel_sdk_examples:/home/comp3431/turtlebot3_ws/install/dynamixel_sdk_custom_interfaces:/home/comp3431/turtlebot3_ws/install/dynamixel_sdk:/opt/ros/foxy', 'SHELL': '/bin/bash', 'QT_ACCESSIBILITY': '1', 'GDMSESSION': 'ubuntu', 'GPG_AGENT_INFO': '/run/user/1000/gnupg/S.gpg-agent:0:1', 'GJS_DEBUG_OUTPUT': 'stderr', 'QT_IM_MODULE': 'ibus', 'PWD': '/home/comp3431/colcon4_ws/COMP3431/build/image_processing', 'TURTLEBOT3_MODEL': 'waffle_pi', 'XDG_CONFIG_DIRS': '/etc/xdg/xdg-ubuntu:/etc/xdg', 'XDG_DATA_DIRS': '/usr/share/ubuntu:/usr/local/share/:/usr/share/:/var/lib/snapd/desktop', 'PYTHONPATH': '/home/comp3431/colcon4_ws/COMP3431/build/image_processing/prefix_override:/home/comp3431/colcon4_ws/COMP3431/install/image_processing/lib/python3.8/site-packages:/home/comp3431/colcon4_ws/COMP3431/install/launch_file/lib/python3.8/site-packages:/home/comp3431/colcon4_ws/COMP3431/install/image_processing/lib/python3.8/site-packages:/home/comp3431/turtlebot3_ws/build/turtlebot3_teleop:/home/comp3431/turtlebot3_ws/install/turtlebot3_teleop/lib/python3.8/site-packages:/home/comp3431/turtlebot3_ws/build/turtlebot3_example:/home/comp3431/turtlebot3_ws/install/turtlebot3_example/lib/python3.8/site-packages:/home/comp3431/turtlebot3_ws/install/turtlebot3_msgs/lib/python3.8/site-packages:/home/comp3431/turtlebot3_ws/install/dynamixel_sdk_custom_interfaces/lib/python3.8/site-packages:/opt/ros/foxy/lib/python3.8/site-packages', 'COLCON': '1', 'VTE_VERSION': '6003', 'CMAKE_PREFIX_PATH': '/home/comp3431/colcon4_ws/COMP3431/install/wall_follower:/home/comp3431/turtlebot3_ws/install/turtlebot3:/home/comp3431/turtlebot3_ws/install/turtlebot3_simulations:/home/comp3431/turtlebot3_ws/install/turtlebot3_bringup:/home/comp3431/turtlebot3_ws/install/turtlebot3_node:/home/comp3431/turtlebot3_ws/install/turtlebot3_navigation2:/home/comp3431/turtlebot3_ws/install/turtlebot3_fake_node:/home/comp3431/turtlebot3_ws/install/turtlebot3_msgs:/home/comp3431/turtlebot3_ws/install/turtlebot3_gazebo:/home/comp3431/turtlebot3_ws/install/turtlebot3_description:/home/comp3431/turtlebot3_ws/install/turtlebot3_cartographer:/home/comp3431/turtlebot3_ws/install/dynamixel_sdk_examples:/home/comp3431/turtlebot3_ws/install/dynamixel_sdk_custom_interfaces:/home/comp3431/turtlebot3_ws/install/dynamixel_sdk'}, 'shell': False}
[0.459136] (wall_follower) StdoutLine: {'line': b'-- Check for working C compiler: /usr/bin/cc -- works\n'}
[0.460298] (wall_follower) StdoutLine: {'line': b'-- Detecting C compiler ABI info\n'}
[0.498581] (wall_follower) StdoutLine: {'line': b'-- Detecting C compiler ABI info - done\n'}
[0.500287] (-) TimerEvent: {}
[0.506290] (wall_follower) StdoutLine: {'line': b'-- Detecting C compile features\n'}
[0.506786] (wall_follower) StdoutLine: {'line': b'-- Detecting C compile features - done\n'}
[0.508808] (wall_follower) StdoutLine: {'line': b'-- Check for working CXX compiler: /usr/bin/c++\n'}
[0.552925] (wall_follower) StdoutLine: {'line': b'-- Check for working CXX compiler: /usr/bin/c++ -- works\n'}
[0.553598] (wall_follower) StdoutLine: {'line': b'-- Detecting CXX compiler ABI info\n'}
[0.573800] (image_processing) StdoutLine: {'line': b'running egg_info\n'}
[0.574222] (image_processing) StdoutLine: {'line': b'creating ../../build/image_processing/image_processing.egg-info\n'}
[0.574286] (image_processing) StdoutLine: {'line': b'writing ../../build/image_processing/image_processing.egg-info/PKG-INFO\n'}
[0.574403] (image_processing) StdoutLine: {'line': b'writing dependency_links to ../../build/image_processing/image_processing.egg-info/dependency_links.txt\n'}
[0.574542] (image_processing) StdoutLine: {'line': b'writing entry points to ../../build/image_processing/image_processing.egg-info/entry_points.txt\n'}
[0.574603] (image_processing) StdoutLine: {'line': b'writing requirements to ../../build/image_processing/image_processing.egg-info/requires.txt\n'}
[0.574649] (image_processing) StdoutLine: {'line': b'writing top-level names to ../../build/image_processing/image_processing.egg-info/top_level.txt\n'}
[0.575311] (image_processing) StdoutLine: {'line': b"writing manifest file '../../build/image_processing/image_processing.egg-info/SOURCES.txt'\n"}
[0.593144] (image_processing) StdoutLine: {'line': b"reading manifest file '../../build/image_processing/image_processing.egg-info/SOURCES.txt'\n"}
[0.593431] (image_processing) StdoutLine: {'line': b"writing manifest file '../../build/image_processing/image_processing.egg-info/SOURCES.txt'\n"}
[0.593665] (image_processing) StdoutLine: {'line': b'running build\n'}
[0.593844] (image_processing) StdoutLine: {'line': b'running build_py\n'}
[0.593918] (image_processing) StdoutLine: {'line': b'creating /home/comp3431/colcon4_ws/COMP3431/build/image_processing/build\n'}
[0.594029] (image_processing) StdoutLine: {'line': b'creating /home/comp3431/colcon4_ws/COMP3431/build/image_processing/build/lib\n'}
[0.594121] (image_processing) StdoutLine: {'line': b'creating /home/comp3431/colcon4_ws/COMP3431/build/image_processing/build/lib/image_processing\n'}
[0.594153] (image_processing) StdoutLine: {'line': b'copying image_processing/detect_color_publisher.py -> /home/comp3431/colcon4_ws/COMP3431/build/image_processing/build/lib/image_processing\n'}
[0.594181] (image_processing) StdoutLine: {'line': b'copying image_processing/__init__.py -> /home/comp3431/colcon4_ws/COMP3431/build/image_processing/build/lib/image_processing\n'}
[0.594210] (image_processing) StdoutLine: {'line': b'running install\n'}
[0.594518] (image_processing) StdoutLine: {'line': b'running install_lib\n'}
[0.595392] (image_processing) StdoutLine: {'line': b'creating /home/comp3431/colcon4_ws/COMP3431/install/image_processing/lib/python3.8/site-packages/image_processing\n'}
[0.595452] (image_processing) StdoutLine: {'line': b'copying /home/comp3431/colcon4_ws/COMP3431/build/image_processing/build/lib/image_processing/detect_color_publisher.py -> /home/comp3431/colcon4_ws/COMP3431/install/image_processing/lib/python3.8/site-packages/image_processing\n'}
[0.595523] (image_processing) StdoutLine: {'line': b'copying /home/comp3431/colcon4_ws/COMP3431/build/image_processing/build/lib/image_processing/__init__.py -> /home/comp3431/colcon4_ws/COMP3431/install/image_processing/lib/python3.8/site-packages/image_processing\n'}
[0.595757] (image_processing) StdoutLine: {'line': b'byte-compiling /home/comp3431/colcon4_ws/COMP3431/install/image_processing/lib/python3.8/site-packages/image_processing/detect_color_publisher.py to detect_color_publisher.cpython-38.pyc\n'}
[0.596843] (image_processing) StdoutLine: {'line': b'byte-compiling /home/comp3431/colcon4_ws/COMP3431/install/image_processing/lib/python3.8/site-packages/image_processing/__init__.py to __init__.cpython-38.pyc\n'}
[0.596912] (image_processing) StdoutLine: {'line': b'running install_data\n'}
[0.597063] (wall_follower) StdoutLine: {'line': b'-- Detecting CXX compiler ABI info - done\n'}
[0.597140] (image_processing) StdoutLine: {'line': b'creating /home/comp3431/colcon4_ws/COMP3431/install/image_processing/share/ament_index\n'}
[0.597175] (image_processing) StdoutLine: {'line': b'creating /home/comp3431/colcon4_ws/COMP3431/install/image_processing/share/ament_index/resource_index\n'}
[0.597205] (image_processing) StdoutLine: {'line': b'creating /home/comp3431/colcon4_ws/COMP3431/install/image_processing/share/ament_index/resource_index/packages\n'}
[0.597268] (image_processing) StdoutLine: {'line': b'copying resource/image_processing -> /home/comp3431/colcon4_ws/COMP3431/install/image_processing/share/ament_index/resource_index/packages\n'}
[0.597386] (image_processing) StdoutLine: {'line': b'copying package.xml -> /home/comp3431/colcon4_ws/COMP3431/install/image_processing/share/image_processing\n'}
[0.597427] (image_processing) StdoutLine: {'line': b'running install_egg_info\n'}
[0.599123] (image_processing) StdoutLine: {'line': b'Copying ../../build/image_processing/image_processing.egg-info to /home/comp3431/colcon4_ws/COMP3431/install/image_processing/lib/python3.8/site-packages/image_processing-0.0.0-py3.8.egg-info\n'}
[0.599484] (image_processing) StdoutLine: {'line': b'running install_scripts\n'}
[0.600354] (-) TimerEvent: {}
[0.604750] (wall_follower) StdoutLine: {'line': b'-- Detecting CXX compile features\n'}
[0.605046] (wall_follower) StdoutLine: {'line': b'-- Detecting CXX compile features - done\n'}
[0.611774] (wall_follower) StdoutLine: {'line': b'-- Found ament_cmake: 0.9.12 (/opt/ros/foxy/share/ament_cmake/cmake)\n'}
[0.622199] (image_processing) StdoutLine: {'line': b'Installing image_processing script to /home/comp3431/colcon4_ws/COMP3431/install/image_processing/lib/image_processing\n'}
[0.622350] (image_processing) StdoutLine: {'line': b"writing list of installed files to '/home/comp3431/colcon4_ws/COMP3431/build/image_processing/install.log'\n"}
[0.633757] (image_processing) CommandEnded: {'returncode': 0}
[0.635518] (wall_follower) StdoutLine: {'line': b'-- Found PythonInterp: /usr/bin/python3 (found suitable version "3.8.10", minimum required is "3") \n'}
[0.635734] (wall_follower) StdoutLine: {'line': b'-- Using PYTHON_EXECUTABLE: /usr/bin/python3\n'}
[0.642199] (image_processing) JobEnded: {'identifier': 'image_processing', 'rc': 0}
[0.700487] (-) TimerEvent: {}
[0.776422] (wall_follower) StdoutLine: {'line': b'-- Found geometry_msgs: 2.0.5 (/opt/ros/foxy/share/geometry_msgs/cmake)\n'}
[0.800583] (-) TimerEvent: {}
[0.811927] (wall_follower) StdoutLine: {'line': b'-- Using all available rosidl_typesupport_c: rosidl_typesupport_fastrtps_c;rosidl_typesupport_introspection_c\n'}
[0.820550] (wall_follower) StdoutLine: {'line': b'-- Found rosidl_adapter: 1.3.1 (/opt/ros/foxy/share/rosidl_adapter/cmake)\n'}
[0.892553] (wall_follower) StdoutLine: {'line': b'-- Found OpenSSL: /usr/lib/aarch64-linux-gnu/libcrypto.so (found version "1.1.1f")  \n'}
[0.901269] (-) TimerEvent: {}
[0.915426] (wall_follower) StdoutLine: {'line': b'-- Found FastRTPS: /opt/ros/foxy/include  \n'}
[0.982785] (wall_follower) StdoutLine: {'line': b'-- Using all available rosidl_typesupport_cpp: rosidl_typesupport_fastrtps_cpp;rosidl_typesupport_introspection_cpp\n'}
[1.001971] (-) TimerEvent: {}
[1.051851] (wall_follower) StdoutLine: {'line': b'-- Found nav_msgs: 2.0.5 (/opt/ros/foxy/share/nav_msgs/cmake)\n'}
[1.102076] (-) TimerEvent: {}
[1.107335] (wall_follower) StdoutLine: {'line': b'-- Found rclcpp: 2.4.3 (/opt/ros/foxy/share/rclcpp/cmake)\n'}
[1.153244] (wall_follower) StdoutLine: {'line': b'-- Found rmw_implementation_cmake: 1.0.4 (/opt/ros/foxy/share/rmw_implementation_cmake/cmake)\n'}
[1.155932] (wall_follower) StdoutLine: {'line': b"-- Using RMW implementation 'rmw_fastrtps_cpp' as default\n"}
[1.157618] (wall_follower) StdoutLine: {'line': b'-- Looking for pthread.h\n'}
[1.201492] (wall_follower) StdoutLine: {'line': b'-- Looking for pthread.h - found\n'}
[1.201675] (wall_follower) StdoutLine: {'line': b'-- Performing Test CMAKE_HAVE_LIBC_PTHREAD\n'}
[1.202142] (-) TimerEvent: {}
[1.239786] (wall_follower) StdoutLine: {'line': b'-- Performing Test CMAKE_HAVE_LIBC_PTHREAD - Failed\n'}
[1.239989] (wall_follower) StdoutLine: {'line': b'-- Looking for pthread_create in pthreads\n'}
[1.273087] (wall_follower) StdoutLine: {'line': b'-- Looking for pthread_create in pthreads - not found\n'}
[1.273301] (wall_follower) StdoutLine: {'line': b'-- Looking for pthread_create in pthread\n'}
[1.302344] (-) TimerEvent: {}
[1.308770] (wall_follower) StdoutLine: {'line': b'-- Looking for pthread_create in pthread - found\n'}
[1.309627] (wall_follower) StdoutLine: {'line': b'-- Found Threads: TRUE  \n'}
[1.403531] (-) TimerEvent: {}
[1.421651] (wall_follower) StdoutLine: {'line': b'-- Found sensor_msgs: 2.0.5 (/opt/ros/foxy/share/sensor_msgs/cmake)\n'}
[1.479001] (wall_follower) StdoutLine: {'line': b'-- Found tf2: 0.13.14 (/opt/ros/foxy/share/tf2/cmake)\n'}
[1.506710] (-) TimerEvent: {}
[1.524998] (wall_follower) StdoutLine: {'line': b'-- Configuring done\n'}
[1.530673] (wall_follower) StdoutLine: {'line': b'-- Generating done\n'}
[1.531603] (wall_follower) StdoutLine: {'line': b'-- Build files have been written to: /home/comp3431/colcon4_ws/COMP3431/build/wall_follower\n'}
[1.535814] (wall_follower) CommandEnded: {'returncode': 0}
[1.536262] (wall_follower) JobProgress: {'identifier': 'wall_follower', 'progress': 'build'}
[1.536287] (wall_follower) Command: {'cmd': ['/usr/bin/cmake', '--build', '/home/comp3431/colcon4_ws/COMP3431/build/wall_follower', '--', '-j4', '-l4'], 'cwd': '/home/comp3431/colcon4_ws/COMP3431/build/wall_follower', 'env': OrderedDict([('GJS_DEBUG_TOPICS', 'JS ERROR;JS LOG'), ('USER', 'comp3431'), ('SSH_AGENT_PID', '1605'), ('XDG_SESSION_TYPE', 'x11'), ('SHLVL', '1'), ('LD_LIBRARY_PATH', '/home/comp3431/turtlebot3_ws/install/turtlebot3_msgs/lib:/home/comp3431/turtlebot3_ws/install/dynamixel_sdk_custom_interfaces/lib:/home/comp3431/turtlebot3_ws/install/dynamixel_sdk/lib:/usr/lib/aarch64-linux-gnu/gazebo-11/plugins:/opt/ros/foxy/opt/yaml_cpp_vendor/lib:/opt/ros/foxy/opt/rviz_ogre_vendor/lib:/opt/ros/foxy/lib/aarch64-linux-gnu:/opt/ros/foxy/lib'), ('HOME', '/home/comp3431'), ('OLDPWD', '/home/comp3431/colcon4_ws'), ('DESKTOP_SESSION', 'ubuntu'), ('ROS_PYTHON_VERSION', '3'), ('GNOME_SHELL_SESSION_MODE', 'ubuntu'), ('GTK_MODULES', 'gail:atk-bridge'), ('MANAGERPID', '1426'), ('DBUS_SESSION_BUS_ADDRESS', 'unix:path=/run/user/1000/bus'), ('COLORTERM', 'truecolor'), ('_colcon_cd_root', '/home/comp3431/ros2_install'), ('IM_CONFIG_PHASE', '1'), ('COLCON_PREFIX_PATH', '/home/comp3431/colcon4_ws/COMP3431/install:/home/comp3431/turtlebot3_ws/install'), ('ROS_DISTRO', 'foxy'), ('LOGNAME', 'comp3431'), ('JOURNAL_STREAM', '9:37479'), ('_', '/usr/bin/colcon'), ('ROS_VERSION', '2'), ('XDG_SESSION_CLASS', 'user'), ('USERNAME', 'comp3431'), ('TERM', 'xterm-256color'), ('GNOME_DESKTOP_SESSION_ID', 'this-is-deprecated'), ('ROS_LOCALHOST_ONLY', '0'), ('WINDOWPATH', '2'), ('PATH', '/opt/ros/foxy/bin:/usr/local/sbin:/usr/local/bin:/usr/sbin:/usr/bin:/sbin:/bin:/usr/games:/usr/local/games:/snap/bin'), ('SESSION_MANAGER', 'local/comp3431:@/tmp/.ICE-unix/1659,unix/comp3431:/tmp/.ICE-unix/1659'), ('INVOCATION_ID', '867131c0cc2a4016b14c407bec4f8ab0'), ('XDG_MENU_PREFIX', 'gnome-'), ('GNOME_TERMINAL_SCREEN', '/org/gnome/Terminal/screen/e0669ff1_f368_469e_bd6b_e4db2bd32d5c'), ('XDG_RUNTIME_DIR', '/run/user/1000'), ('DISPLAY', ':0'), ('LANG', 'C.UTF-8'), ('XDG_CURRENT_DESKTOP', 'ubuntu:GNOME'), ('XMODIFIERS', '@im=ibus'), ('XDG_SESSION_DESKTOP', 'ubuntu'), ('XAUTHORITY', '/run/user/1000/gdm/Xauthority'), ('GNOME_TERMINAL_SERVICE', ':1.78'), ('SSH_AUTH_SOCK', '/run/user/1000/keyring/ssh'), ('ROS_DOMAIN_ID', '10'), ('AMENT_PREFIX_PATH', '/home/comp3431/colcon4_ws/COMP3431/install/wall_follower:/home/comp3431/colcon4_ws/COMP3431/install/launch_file:/home/comp3431/colcon4_ws/COMP3431/install/image_processing:/home/comp3431/turtlebot3_ws/install/turtlebot3:/home/comp3431/turtlebot3_ws/install/turtlebot3_teleop:/home/comp3431/turtlebot3_ws/install/turtlebot3_simulations:/home/comp3431/turtlebot3_ws/install/turtlebot3_bringup:/home/comp3431/turtlebot3_ws/install/turtlebot3_node:/home/comp3431/turtlebot3_ws/install/turtlebot3_navigation2:/home/comp3431/turtlebot3_ws/install/turtlebot3_fake_node:/home/comp3431/turtlebot3_ws/install/turtlebot3_example:/home/comp3431/turtlebot3_ws/install/turtlebot3_msgs:/home/comp3431/turtlebot3_ws/install/turtlebot3_gazebo:/home/comp3431/turtlebot3_ws/install/turtlebot3_description:/home/comp3431/turtlebot3_ws/install/turtlebot3_cartographer:/home/comp3431/turtlebot3_ws/install/dynamixel_sdk_examples:/home/comp3431/turtlebot3_ws/install/dynamixel_sdk_custom_interfaces:/home/comp3431/turtlebot3_ws/install/dynamixel_sdk:/opt/ros/foxy'), ('SHELL', '/bin/bash'), ('QT_ACCESSIBILITY', '1'), ('GDMSESSION', 'ubuntu'), ('GPG_AGENT_INFO', '/run/user/1000/gnupg/S.gpg-agent:0:1'), ('GJS_DEBUG_OUTPUT', 'stderr'), ('QT_IM_MODULE', 'ibus'), ('PWD', '/home/comp3431/colcon4_ws/COMP3431/build/wall_follower'), ('TURTLEBOT3_MODEL', 'waffle_pi'), ('XDG_CONFIG_DIRS', '/etc/xdg/xdg-ubuntu:/etc/xdg'), ('XDG_DATA_DIRS', '/usr/share/ubuntu:/usr/local/share/:/usr/share/:/var/lib/snapd/desktop'), ('PYTHONPATH', '/home/comp3431/colcon4_ws/COMP3431/install/launch_file/lib/python3.8/site-packages:/home/comp3431/colcon4_ws/COMP3431/install/image_processing/lib/python3.8/site-packages:/home/comp3431/turtlebot3_ws/build/turtlebot3_teleop:/home/comp3431/turtlebot3_ws/install/turtlebot3_teleop/lib/python3.8/site-packages:/home/comp3431/turtlebot3_ws/build/turtlebot3_example:/home/comp3431/turtlebot3_ws/install/turtlebot3_example/lib/python3.8/site-packages:/home/comp3431/turtlebot3_ws/install/turtlebot3_msgs/lib/python3.8/site-packages:/home/comp3431/turtlebot3_ws/install/dynamixel_sdk_custom_interfaces/lib/python3.8/site-packages:/opt/ros/foxy/lib/python3.8/site-packages'), ('COLCON', '1'), ('VTE_VERSION', '6003'), ('CMAKE_PREFIX_PATH', '/home/comp3431/colcon4_ws/COMP3431/install/wall_follower:/home/comp3431/turtlebot3_ws/install/turtlebot3:/home/comp3431/turtlebot3_ws/install/turtlebot3_simulations:/home/comp3431/turtlebot3_ws/install/turtlebot3_bringup:/home/comp3431/turtlebot3_ws/install/turtlebot3_node:/home/comp3431/turtlebot3_ws/install/turtlebot3_navigation2:/home/comp3431/turtlebot3_ws/install/turtlebot3_fake_node:/home/comp3431/turtlebot3_ws/install/turtlebot3_msgs:/home/comp3431/turtlebot3_ws/install/turtlebot3_gazebo:/home/comp3431/turtlebot3_ws/install/turtlebot3_description:/home/comp3431/turtlebot3_ws/install/turtlebot3_cartographer:/home/comp3431/turtlebot3_ws/install/dynamixel_sdk_examples:/home/comp3431/turtlebot3_ws/install/dynamixel_sdk_custom_interfaces:/home/comp3431/turtlebot3_ws/install/dynamixel_sdk:/home/comp3431/colcon4_ws/COMP3431/install/launch_file:/home/comp3431/colcon4_ws/COMP3431/install/image_processing:/home/comp3431/turtlebot3_ws/install/turtlebot3_teleop:/home/comp3431/turtlebot3_ws/install/turtlebot3_example:/opt/ros/foxy')]), 'shell': False}
[1.558488] (wall_follower) StdoutLine: {'line': b'\x1b[35m\x1b[1mScanning dependencies of target wall_follower\x1b[0m\n'}
[1.606822] (-) TimerEvent: {}
[1.632162] (wall_follower) StdoutLine: {'line': b'[ 50%] \x1b[32mBuilding CXX object CMakeFiles/wall_follower.dir/src/wall_follower.cpp.o\x1b[0m\n'}
[1.707748] (-) TimerEvent: {}
[1.807976] (-) TimerEvent: {}
[1.912636] (-) TimerEvent: {}
[2.013534] (-) TimerEvent: {}
[2.114092] (-) TimerEvent: {}
[2.216794] (-) TimerEvent: {}
[2.319070] (-) TimerEvent: {}
[2.423758] (-) TimerEvent: {}
[2.528446] (-) TimerEvent: {}
[2.630988] (-) TimerEvent: {}
[2.735872] (-) TimerEvent: {}
[2.840468] (-) TimerEvent: {}
[2.945111] (-) TimerEvent: {}
[3.049827] (-) TimerEvent: {}
[3.154744] (-) TimerEvent: {}
[3.259452] (-) TimerEvent: {}
[3.364160] (-) TimerEvent: {}
[3.467822] (-) TimerEvent: {}
[3.572614] (-) TimerEvent: {}
[3.674666] (-) TimerEvent: {}
[3.778164] (-) TimerEvent: {}
[3.883084] (-) TimerEvent: {}
[3.987156] (-) TimerEvent: {}
[4.089276] (-) TimerEvent: {}
[4.190048] (-) TimerEvent: {}
[4.292511] (-) TimerEvent: {}
[4.392753] (-) TimerEvent: {}
[4.493000] (-) TimerEvent: {}
[4.597290] (-) TimerEvent: {}
[4.698078] (-) TimerEvent: {}
[4.798435] (-) TimerEvent: {}
[4.899910] (-) TimerEvent: {}
[5.001568] (-) TimerEvent: {}
[5.054896] (wall_follower) StdoutLine: {'line': b'[100%] \x1b[32m\x1b[1mLinking CXX executable wall_follower\x1b[0m\n'}
[5.102330] (-) TimerEvent: {}
[5.202575] (-) TimerEvent: {}
[5.248734] (wall_follower) StdoutLine: {'line': b'[100%] Built target wall_follower\n'}
[5.254907] (wall_follower) CommandEnded: {'returncode': 0}
[5.270251] (wall_follower) JobProgress: {'identifier': 'wall_follower', 'progress': 'install'}
[5.275857] (wall_follower) Command: {'cmd': ['/usr/bin/cmake', '--install', '/home/comp3431/colcon4_ws/COMP3431/build/wall_follower'], 'cwd': '/home/comp3431/colcon4_ws/COMP3431/build/wall_follower', 'env': OrderedDict([('GJS_DEBUG_TOPICS', 'JS ERROR;JS LOG'), ('USER', 'comp3431'), ('SSH_AGENT_PID', '1605'), ('XDG_SESSION_TYPE', 'x11'), ('SHLVL', '1'), ('LD_LIBRARY_PATH', '/home/comp3431/turtlebot3_ws/install/turtlebot3_msgs/lib:/home/comp3431/turtlebot3_ws/install/dynamixel_sdk_custom_interfaces/lib:/home/comp3431/turtlebot3_ws/install/dynamixel_sdk/lib:/usr/lib/aarch64-linux-gnu/gazebo-11/plugins:/opt/ros/foxy/opt/yaml_cpp_vendor/lib:/opt/ros/foxy/opt/rviz_ogre_vendor/lib:/opt/ros/foxy/lib/aarch64-linux-gnu:/opt/ros/foxy/lib'), ('HOME', '/home/comp3431'), ('OLDPWD', '/home/comp3431/colcon4_ws'), ('DESKTOP_SESSION', 'ubuntu'), ('ROS_PYTHON_VERSION', '3'), ('GNOME_SHELL_SESSION_MODE', 'ubuntu'), ('GTK_MODULES', 'gail:atk-bridge'), ('MANAGERPID', '1426'), ('DBUS_SESSION_BUS_ADDRESS', 'unix:path=/run/user/1000/bus'), ('COLORTERM', 'truecolor'), ('_colcon_cd_root', '/home/comp3431/ros2_install'), ('IM_CONFIG_PHASE', '1'), ('COLCON_PREFIX_PATH', '/home/comp3431/colcon4_ws/COMP3431/install:/home/comp3431/turtlebot3_ws/install'), ('ROS_DISTRO', 'foxy'), ('LOGNAME', 'comp3431'), ('JOURNAL_STREAM', '9:37479'), ('_', '/usr/bin/colcon'), ('ROS_VERSION', '2'), ('XDG_SESSION_CLASS', 'user'), ('USERNAME', 'comp3431'), ('TERM', 'xterm-256color'), ('GNOME_DESKTOP_SESSION_ID', 'this-is-deprecated'), ('ROS_LOCALHOST_ONLY', '0'), ('WINDOWPATH', '2'), ('PATH', '/opt/ros/foxy/bin:/usr/local/sbin:/usr/local/bin:/usr/sbin:/usr/bin:/sbin:/bin:/usr/games:/usr/local/games:/snap/bin'), ('SESSION_MANAGER', 'local/comp3431:@/tmp/.ICE-unix/1659,unix/comp3431:/tmp/.ICE-unix/1659'), ('INVOCATION_ID', '867131c0cc2a4016b14c407bec4f8ab0'), ('XDG_MENU_PREFIX', 'gnome-'), ('GNOME_TERMINAL_SCREEN', '/org/gnome/Terminal/screen/e0669ff1_f368_469e_bd6b_e4db2bd32d5c'), ('XDG_RUNTIME_DIR', '/run/user/1000'), ('DISPLAY', ':0'), ('LANG', 'C.UTF-8'), ('XDG_CURRENT_DESKTOP', 'ubuntu:GNOME'), ('XMODIFIERS', '@im=ibus'), ('XDG_SESSION_DESKTOP', 'ubuntu'), ('XAUTHORITY', '/run/user/1000/gdm/Xauthority'), ('GNOME_TERMINAL_SERVICE', ':1.78'), ('SSH_AUTH_SOCK', '/run/user/1000/keyring/ssh'), ('ROS_DOMAIN_ID', '10'), ('AMENT_PREFIX_PATH', '/home/comp3431/colcon4_ws/COMP3431/install/wall_follower:/home/comp3431/colcon4_ws/COMP3431/install/launch_file:/home/comp3431/colcon4_ws/COMP3431/install/image_processing:/home/comp3431/turtlebot3_ws/install/turtlebot3:/home/comp3431/turtlebot3_ws/install/turtlebot3_teleop:/home/comp3431/turtlebot3_ws/install/turtlebot3_simulations:/home/comp3431/turtlebot3_ws/install/turtlebot3_bringup:/home/comp3431/turtlebot3_ws/install/turtlebot3_node:/home/comp3431/turtlebot3_ws/install/turtlebot3_navigation2:/home/comp3431/turtlebot3_ws/install/turtlebot3_fake_node:/home/comp3431/turtlebot3_ws/install/turtlebot3_example:/home/comp3431/turtlebot3_ws/install/turtlebot3_msgs:/home/comp3431/turtlebot3_ws/install/turtlebot3_gazebo:/home/comp3431/turtlebot3_ws/install/turtlebot3_description:/home/comp3431/turtlebot3_ws/install/turtlebot3_cartographer:/home/comp3431/turtlebot3_ws/install/dynamixel_sdk_examples:/home/comp3431/turtlebot3_ws/install/dynamixel_sdk_custom_interfaces:/home/comp3431/turtlebot3_ws/install/dynamixel_sdk:/opt/ros/foxy'), ('SHELL', '/bin/bash'), ('QT_ACCESSIBILITY', '1'), ('GDMSESSION', 'ubuntu'), ('GPG_AGENT_INFO', '/run/user/1000/gnupg/S.gpg-agent:0:1'), ('GJS_DEBUG_OUTPUT', 'stderr'), ('QT_IM_MODULE', 'ibus'), ('PWD', '/home/comp3431/colcon4_ws/COMP3431/build/wall_follower'), ('TURTLEBOT3_MODEL', 'waffle_pi'), ('XDG_CONFIG_DIRS', '/etc/xdg/xdg-ubuntu:/etc/xdg'), ('XDG_DATA_DIRS', '/usr/share/ubuntu:/usr/local/share/:/usr/share/:/var/lib/snapd/desktop'), ('PYTHONPATH', '/home/comp3431/colcon4_ws/COMP3431/install/launch_file/lib/python3.8/site-packages:/home/comp3431/colcon4_ws/COMP3431/install/image_processing/lib/python3.8/site-packages:/home/comp3431/turtlebot3_ws/build/turtlebot3_teleop:/home/comp3431/turtlebot3_ws/install/turtlebot3_teleop/lib/python3.8/site-packages:/home/comp3431/turtlebot3_ws/build/turtlebot3_example:/home/comp3431/turtlebot3_ws/install/turtlebot3_example/lib/python3.8/site-packages:/home/comp3431/turtlebot3_ws/install/turtlebot3_msgs/lib/python3.8/site-packages:/home/comp3431/turtlebot3_ws/install/dynamixel_sdk_custom_interfaces/lib/python3.8/site-packages:/opt/ros/foxy/lib/python3.8/site-packages'), ('COLCON', '1'), ('VTE_VERSION', '6003'), ('CMAKE_PREFIX_PATH', '/home/comp3431/colcon4_ws/COMP3431/install/wall_follower:/home/comp3431/turtlebot3_ws/install/turtlebot3:/home/comp3431/turtlebot3_ws/install/turtlebot3_simulations:/home/comp3431/turtlebot3_ws/install/turtlebot3_bringup:/home/comp3431/turtlebot3_ws/install/turtlebot3_node:/home/comp3431/turtlebot3_ws/install/turtlebot3_navigation2:/home/comp3431/turtlebot3_ws/install/turtlebot3_fake_node:/home/comp3431/turtlebot3_ws/install/turtlebot3_msgs:/home/comp3431/turtlebot3_ws/install/turtlebot3_gazebo:/home/comp3431/turtlebot3_ws/install/turtlebot3_description:/home/comp3431/turtlebot3_ws/install/turtlebot3_cartographer:/home/comp3431/turtlebot3_ws/install/dynamixel_sdk_examples:/home/comp3431/turtlebot3_ws/install/dynamixel_sdk_custom_interfaces:/home/comp3431/turtlebot3_ws/install/dynamixel_sdk:/home/comp3431/colcon4_ws/COMP3431/install/launch_file:/home/comp3431/colcon4_ws/COMP3431/install/image_processing:/home/comp3431/turtlebot3_ws/install/turtlebot3_teleop:/home/comp3431/turtlebot3_ws/install/turtlebot3_example:/opt/ros/foxy')]), 'shell': False}
[5.280185] (wall_follower) StdoutLine: {'line': b'-- Install configuration: ""\n'}
[5.280347] (wall_follower) StdoutLine: {'line': b'-- Installing: /home/comp3431/colcon4_ws/COMP3431/install/wall_follower/lib/wall_follower/wall_follower\n'}
[5.281758] (wall_follower) StdoutLine: {'line': b'-- Set runtime path of "/home/comp3431/colcon4_ws/COMP3431/install/wall_follower/lib/wall_follower/wall_follower" to ""\n'}
[5.281887] (wall_follower) StderrLine: {'line': b'CMake Error at cmake_install.cmake:61 (file):\n'}
[5.281976] (wall_follower) StderrLine: {'line': b'  file INSTALL cannot find\n'}
[5.282009] (wall_follower) StderrLine: {'line': b'  "/home/comp3431/colcon4_ws/COMP3431/src/wall_follower/launch": No such file\n'}
[5.282037] (wall_follower) StderrLine: {'line': b'  or directory.\n'}
[5.282063] (wall_follower) StderrLine: {'line': b'\n'}
[5.282089] (wall_follower) StderrLine: {'line': b'\n'}
[5.283544] (wall_follower) CommandEnded: {'returncode': 1}
[5.300418] (wall_follower) JobEnded: {'identifier': 'wall_follower', 'rc': 1}
[5.302639] (-) TimerEvent: {}
[5.311188] (-) EventReactorShutdown: {}
